<?xml version="1.0" encoding="UTF-8"?>
<TestRun id="25d17d67-a629-49ab-a501-e40a70017dbf" name="Joseja@JOSEJA-PC 2012-12-03 12:29:13" runUser="Joseja-PC\Joseja" xmlns="http://microsoft.com/schemas/VisualStudio/TeamTest/2010">
  <TestSettings name="Local" id="79033013-3fa5-43d1-b157-ecaec7a63c00">
    <Description>These are default test settings for a local test run.</Description>
    <Deployment enabled="false" runDeploymentRoot="Joseja_JOSEJA-PC 2012-12-03 12_29_13">
      <DeploymentItem filename="C:\Users\Joseja\Dropbox\Master\2012-2013\Pruebas unitarias\MSTest-tests-example-resultados\MSTest-tests-example\packages\SpecFlow.1.9.0\lib\net35\TechTalk.SpecFlow.dll" />
      <DeploymentItem filename="C:\Users\Joseja\Dropbox\Master\2012-2013\Pruebas unitarias\MSTest-tests-example-resultados\MSTest-tests-example\MSTest-tests-example\bin\Debug\MSTest-tests-example.dll" />
      <DeploymentItem filename="C:\Users\Joseja\Dropbox\Master\2012-2013\Pruebas unitarias\MSTest-tests-example-resultados\MSTest-tests-example\packages\Moq.4.0.10827\lib\NET40\Moq.dll" />
    </Deployment>
    <Execution>
      <TestTypeSpecific />
      <AgentRule name="Execution Agents">
      </AgentRule>
    </Execution>
  </TestSettings>
  <Times creation="2012-12-03T12:29:13.7543386+01:00" queuing="2012-12-03T12:29:13.7629525+01:00" start="2012-12-03T12:29:13.7820945+01:00" finish="2012-12-03T12:29:14.8128912+01:00" />
  <ResultSummary outcome="Failed">
    <Counters total="7" executed="7" passed="6" error="0" failed="1" timeout="0" aborted="0" inconclusive="0" passedButRunAborted="0" notRunnable="0" notExecuted="0" disconnected="0" warning="0" completed="0" inProgress="0" pending="0" />
  </ResultSummary>
  <TestDefinitions>
    <UnitTest name="ImageManagement" storage="c:\users\joseja\dropbox\master\2012-2013\pruebas unitarias\mstest-tests-example-resultados\mstest-tests-example\mstest-specflow-example-test\bin\debug\mstest-specflow-example-test.dll" id="bca4480f-b535-f2eb-22cf-546b94d38fd7">
      <Description>ImageManagement</Description>
      <TestCategory>
        <TestCategoryItem TestCategory="mytag" />
      </TestCategory>
      <Execution id="3ed23b27-2c02-434b-8c53-f35dbcdd33b3" />
      <Properties>
        <Property>
          <Key>FeatureTitle</Key>
          <Value>ImageManagement</Value>
        </Property>
      </Properties>
      <TestMethod codeBase="C:/Users/Joseja/Dropbox/Master/2012-2013/Pruebas unitarias/MSTest-tests-example-resultados/MSTest-tests-example/MSTest-specflow-example-Test/bin/Debug/MSTest-specflow-example-Test.DLL" adapterTypeName="Microsoft.VisualStudio.TestTools.TestTypes.Unit.UnitTestAdapter, Microsoft.VisualStudio.QualityTools.Tips.UnitTest.Adapter, Version=10.0.0.0, Culture=neutral, PublicKeyToken=b03f5f7f11d50a3a" className="MSTest_specflow_example_Test.ImageManagementFeature, MSTest-specflow-example-Test, Version=1.0.0.0, Culture=neutral, PublicKeyToken=null" name="ImageManagement" />
    </UnitTest>
    <UnitTest name="LogonInfo" storage="c:\users\joseja\dropbox\master\2012-2013\pruebas unitarias\mstest-tests-example-resultados\mstest-tests-example\mstest-specflow-example-test\bin\debug\mstest-specflow-example-test.dll" id="b728749b-0a3e-49e5-ca25-90aa1bebf2b1">
      <Description>LogonInfo</Description>
      <TestCategory>
        <TestCategoryItem TestCategory="mytag" />
      </TestCategory>
      <Execution id="95f7ba53-a4ea-4f3e-8572-805affe1f5e6" />
      <Properties>
        <Property>
          <Key>FeatureTitle</Key>
          <Value>LogonInfo</Value>
        </Property>
      </Properties>
      <TestMethod codeBase="C:/Users/Joseja/Dropbox/Master/2012-2013/Pruebas unitarias/MSTest-tests-example-resultados/MSTest-tests-example/MSTest-specflow-example-Test/bin/Debug/MSTest-specflow-example-Test.DLL" adapterTypeName="Microsoft.VisualStudio.TestTools.TestTypes.Unit.UnitTestAdapter, Microsoft.VisualStudio.QualityTools.Tips.UnitTest.Adapter, Version=10.0.0.0, Culture=neutral, PublicKeyToken=b03f5f7f11d50a3a" className="MSTest_specflow_example_Test.LogonInfoFeature, MSTest-specflow-example-Test, Version=1.0.0.0, Culture=neutral, PublicKeyToken=null" name="LogonInfo" />
    </UnitTest>
    <UnitTest name="GetImageForTimeOfDayTest_2Metodo" storage="c:\users\joseja\dropbox\master\2012-2013\pruebas unitarias\mstest-tests-example-resultados\mstest-tests-example\testproject1\bin\debug\testproject1.dll" id="cbf4f7bb-712c-8412-028b-97b22c8be11b">
      <Execution id="10e7d9b3-f338-40d9-97ea-cb9d89ab8e78" />
      <TestMethod codeBase="C:/Users/Joseja/Dropbox/Master/2012-2013/Pruebas unitarias/MSTest-tests-example-resultados/MSTest-tests-example/TestProject1/bin/Debug/TestProject1.DLL" adapterTypeName="Microsoft.VisualStudio.TestTools.TestTypes.Unit.UnitTestAdapter, Microsoft.VisualStudio.QualityTools.Tips.UnitTest.Adapter, Version=10.0.0.0, Culture=neutral, PublicKeyToken=b03f5f7f11d50a3a" className="TestProject1.ImageManagementTest, TestProject1, Version=1.0.0.0, Culture=neutral, PublicKeyToken=null" name="GetImageForTimeOfDayTest_2Metodo" />
    </UnitTest>
    <UnitTest name="GetImageForTimeOfDayTest" storage="c:\users\joseja\dropbox\master\2012-2013\pruebas unitarias\mstest-tests-example-resultados\mstest-tests-example\testproject1\bin\debug\testproject1.dll" id="e345d26f-c145-058f-8f36-a824ab18e12e">
      <Execution id="ac3d1425-5db1-4e1c-97ef-aa4841ddb4f8" />
      <TestMethod codeBase="C:/Users/Joseja/Dropbox/Master/2012-2013/Pruebas unitarias/MSTest-tests-example-resultados/MSTest-tests-example/TestProject1/bin/Debug/TestProject1.DLL" adapterTypeName="Microsoft.VisualStudio.TestTools.TestTypes.Unit.UnitTestAdapter, Microsoft.VisualStudio.QualityTools.Tips.UnitTest.Adapter, Version=10.0.0.0, Culture=neutral, PublicKeyToken=b03f5f7f11d50a3a" className="TestProject1.ImageManagementTest, TestProject1, Version=1.0.0.0, Culture=neutral, PublicKeyToken=null" name="GetImageForTimeOfDayTest" />
    </UnitTest>
    <UnitTest name="CustomReplaceTest" storage="c:\users\joseja\dropbox\master\2012-2013\pruebas unitarias\mstest-tests-example-resultados\mstest-tests-example\testproject1\bin\debug\testproject1.dll" id="532852b3-9a5f-80c9-22c1-a7a66687eeb9">
      <Execution id="617149a3-c469-4eb3-a271-28ae96b7b0dc" />
      <TestMethod codeBase="C:/Users/Joseja/Dropbox/Master/2012-2013/Pruebas unitarias/MSTest-tests-example-resultados/MSTest-tests-example/TestProject1/bin/Debug/TestProject1.DLL" adapterTypeName="Microsoft.VisualStudio.TestTools.TestTypes.Unit.UnitTestAdapter, Microsoft.VisualStudio.QualityTools.Tips.UnitTest.Adapter, Version=10.0.0.0, Culture=neutral, PublicKeyToken=b03f5f7f11d50a3a" className="TestProject1.CustomReplacerTest, TestProject1, Version=1.0.0.0, Culture=neutral, PublicKeyToken=null" name="CustomReplaceTest" />
    </UnitTest>
    <UnitTest name="ReplaceSingleSentence" storage="c:\users\joseja\dropbox\master\2012-2013\pruebas unitarias\mstest-tests-example-resultados\mstest-tests-example\mstest-specflow-example-test\bin\debug\mstest-specflow-example-test.dll" id="46733209-1240-2551-bc61-de52a217765d">
      <Description>Replace single sentence</Description>
      <TestCategory>
        <TestCategoryItem TestCategory="mytag" />
      </TestCategory>
      <Execution id="ef7f6f5c-4ffb-4c38-b11d-2822c2d0fcc4" />
      <Properties>
        <Property>
          <Key>FeatureTitle</Key>
          <Value>Custom Replace</Value>
        </Property>
      </Properties>
      <TestMethod codeBase="C:/Users/Joseja/Dropbox/Master/2012-2013/Pruebas unitarias/MSTest-tests-example-resultados/MSTest-tests-example/MSTest-specflow-example-Test/bin/Debug/MSTest-specflow-example-Test.DLL" adapterTypeName="Microsoft.VisualStudio.TestTools.TestTypes.Unit.UnitTestAdapter, Microsoft.VisualStudio.QualityTools.Tips.UnitTest.Adapter, Version=10.0.0.0, Culture=neutral, PublicKeyToken=b03f5f7f11d50a3a" className="MSTest_specflow_example_Test.CustomReplaceFeature, MSTest-specflow-example-Test, Version=1.0.0.0, Culture=neutral, PublicKeyToken=null" name="ReplaceSingleSentence" />
    </UnitTest>
    <UnitTest name="IsValidPasswordTest" storage="c:\users\joseja\dropbox\master\2012-2013\pruebas unitarias\mstest-tests-example-resultados\mstest-tests-example\testproject1\bin\debug\testproject1.dll" id="aa063b67-59cf-d993-101d-37aca83b2793">
      <DeploymentItems>
        <DeploymentItem filename="MSTest-tests-example.dll" />
      </DeploymentItems>
      <Execution id="b9c4b1c3-9fd8-41e3-b90b-326f456fd387" />
      <TestMethod codeBase="C:/Users/Joseja/Dropbox/Master/2012-2013/Pruebas unitarias/MSTest-tests-example-resultados/MSTest-tests-example/TestProject1/bin/Debug/TestProject1.DLL" adapterTypeName="Microsoft.VisualStudio.TestTools.TestTypes.Unit.UnitTestAdapter, Microsoft.VisualStudio.QualityTools.Tips.UnitTest.Adapter, Version=10.0.0.0, Culture=neutral, PublicKeyToken=b03f5f7f11d50a3a" className="TestProject1.LogonInfoTest, TestProject1, Version=1.0.0.0, Culture=neutral, PublicKeyToken=null" name="IsValidPasswordTest" />
    </UnitTest>
  </TestDefinitions>
  <TestLists>
    <TestList name="Results Not in a List" id="8c84fa94-04c1-424b-9868-57a2d4851a1d" />
    <TestList name="All Loaded Results" id="19431567-8539-422a-85d7-44ee4e166bda" />
  </TestLists>
  <TestEntries>
    <TestEntry testId="46733209-1240-2551-bc61-de52a217765d" executionId="ef7f6f5c-4ffb-4c38-b11d-2822c2d0fcc4" testListId="8c84fa94-04c1-424b-9868-57a2d4851a1d" />
    <TestEntry testId="532852b3-9a5f-80c9-22c1-a7a66687eeb9" executionId="617149a3-c469-4eb3-a271-28ae96b7b0dc" testListId="8c84fa94-04c1-424b-9868-57a2d4851a1d" />
    <TestEntry testId="aa063b67-59cf-d993-101d-37aca83b2793" executionId="b9c4b1c3-9fd8-41e3-b90b-326f456fd387" testListId="8c84fa94-04c1-424b-9868-57a2d4851a1d" />
    <TestEntry testId="b728749b-0a3e-49e5-ca25-90aa1bebf2b1" executionId="95f7ba53-a4ea-4f3e-8572-805affe1f5e6" testListId="8c84fa94-04c1-424b-9868-57a2d4851a1d" />
    <TestEntry testId="bca4480f-b535-f2eb-22cf-546b94d38fd7" executionId="3ed23b27-2c02-434b-8c53-f35dbcdd33b3" testListId="8c84fa94-04c1-424b-9868-57a2d4851a1d" />
    <TestEntry testId="cbf4f7bb-712c-8412-028b-97b22c8be11b" executionId="10e7d9b3-f338-40d9-97ea-cb9d89ab8e78" testListId="8c84fa94-04c1-424b-9868-57a2d4851a1d" />
    <TestEntry testId="e345d26f-c145-058f-8f36-a824ab18e12e" executionId="ac3d1425-5db1-4e1c-97ef-aa4841ddb4f8" testListId="8c84fa94-04c1-424b-9868-57a2d4851a1d" />
  </TestEntries>
  <Results>
    <UnitTestResult executionId="ef7f6f5c-4ffb-4c38-b11d-2822c2d0fcc4" testId="46733209-1240-2551-bc61-de52a217765d" testName="ReplaceSingleSentence" computerName="JOSEJA-PC" duration="00:00:00.0613865" startTime="2012-12-03T12:29:13.7926226+01:00" endTime="2012-12-03T12:29:14.1381357+01:00" testType="13cdc9d9-ddb5-4fa4-a97d-d965ccfc6d4b" outcome="Passed" testListId="8c84fa94-04c1-424b-9868-57a2d4851a1d" relativeResultsDirectory="ef7f6f5c-4ffb-4c38-b11d-2822c2d0fcc4">
      <Output>
        <StdOut>Given a custom replace object
-&gt; done: CustomReplaceSteps.GivenACustomReplaceObject() (0,0s)
When replace the letter "e" in the text "Hello all, how are the test going?"
-&gt; done: CustomReplaceSteps.WhenReplaceTheLetterInTheText("e", "Hello all, how ar...") (0,0s)
Then the result should be "H1llo all, how ar2 th3 t4st going?"
-&gt; done: CustomReplaceSteps.ThenTheResultShouldBe("H1llo all, how ar...") (0,0s)</StdOut>
      </Output>
    </UnitTestResult>
    <UnitTestResult executionId="617149a3-c469-4eb3-a271-28ae96b7b0dc" testId="532852b3-9a5f-80c9-22c1-a7a66687eeb9" testName="CustomReplaceTest" computerName="JOSEJA-PC" duration="00:00:00.0139779" startTime="2012-12-03T12:29:14.1429212+01:00" endTime="2012-12-03T12:29:14.3592258+01:00" testType="13cdc9d9-ddb5-4fa4-a97d-d965ccfc6d4b" outcome="Passed" testListId="8c84fa94-04c1-424b-9868-57a2d4851a1d" relativeResultsDirectory="617149a3-c469-4eb3-a271-28ae96b7b0dc">
    </UnitTestResult>
    <UnitTestResult executionId="b9c4b1c3-9fd8-41e3-b90b-326f456fd387" testId="aa063b67-59cf-d993-101d-37aca83b2793" testName="IsValidPasswordTest" computerName="JOSEJA-PC" duration="00:00:00.0014598" startTime="2012-12-03T12:29:14.3620971+01:00" endTime="2012-12-03T12:29:14.3697539+01:00" testType="13cdc9d9-ddb5-4fa4-a97d-d965ccfc6d4b" outcome="Passed" testListId="8c84fa94-04c1-424b-9868-57a2d4851a1d" relativeResultsDirectory="b9c4b1c3-9fd8-41e3-b90b-326f456fd387">
    </UnitTestResult>
    <UnitTestResult executionId="95f7ba53-a4ea-4f3e-8572-805affe1f5e6" testId="b728749b-0a3e-49e5-ca25-90aa1bebf2b1" testName="LogonInfo" computerName="JOSEJA-PC" duration="00:00:00.0246426" startTime="2012-12-03T12:29:14.3783678+01:00" endTime="2012-12-03T12:29:14.4118663+01:00" testType="13cdc9d9-ddb5-4fa4-a97d-d965ccfc6d4b" outcome="Failed" testListId="8c84fa94-04c1-424b-9868-57a2d4851a1d" relativeResultsDirectory="95f7ba53-a4ea-4f3e-8572-805affe1f5e6">
      <Output>
        <StdOut>Given a PrivateType of LogonInfo
-&gt; done: LogonInfoSteps.GivenAPrivateTypeOfLogonInfo() (0,0s)
When I check the validity of the "1235Aa_4"
-&gt; done: LogonInfoSteps.WhenICheckTheValidityOfThe("1235Aa_4") (0,0s)
Then the result of validity should be false
-&gt; error: Assert.AreEqual failed. Expected:&lt;False&gt;. Actual:&lt;True&gt;.</StdOut>
        <ErrorInfo>
          <Message>Assert.AreEqual failed. Expected:&lt;False&gt;. Actual:&lt;True&gt;. </Message>
          <StackTrace>   at MSTest_specflow_example_Test.LogonInfoSteps.ThenTheResultOfValidityShouldBeTrue(Boolean expected) in C:\Users\Joseja\Dropbox\Master\2012-2013\Pruebas unitarias\MSTest-tests-example-resultados\MSTest-tests-example\MSTest-specflow-example-Test\LogonInfoSteps.cs:line 29
   at lambda_method(Closure , IContextManager , Boolean )
   at TechTalk.SpecFlow.Bindings.BindingInvoker.InvokeBinding(IBinding binding, IContextManager contextManager, Object[] arguments, ITestTracer testTracer, TimeSpan&amp; duration)
   at TechTalk.SpecFlow.Infrastructure.TestExecutionEngine.ExecuteStepMatch(BindingMatch match, Object[] arguments)
   at TechTalk.SpecFlow.Infrastructure.TestExecutionEngine.ExecuteStep(StepInstance stepInstance)
   at TechTalk.SpecFlow.Infrastructure.TestExecutionEngine.OnAfterLastStep()
   at TechTalk.SpecFlow.TestRunner.CollectScenarioErrors()
   at MSTest_specflow_example_Test.LogonInfoFeature.ScenarioCleanup() in C:\Users\Joseja\Dropbox\Master\2012-2013\Pruebas unitarias\MSTest-tests-example-resultados\MSTest-tests-example\MSTest-specflow-example-Test\LogonInfo.feature.cs:line 0
   at MSTest_specflow_example_Test.LogonInfoFeature.LogonInfo() in c:\Users\Joseja\Dropbox\Master\2012-2013\Pruebas unitarias\MSTest-tests-example-resultados\MSTest-tests-example\MSTest-specflow-example-Test\LogonInfo.feature:line 10
</StackTrace>
        </ErrorInfo>
      </Output>
    </UnitTestResult>
    <UnitTestResult executionId="3ed23b27-2c02-434b-8c53-f35dbcdd33b3" testId="bca4480f-b535-f2eb-22cf-546b94d38fd7" testName="ImageManagement" computerName="JOSEJA-PC" duration="00:00:00.1586198" startTime="2012-12-03T12:29:14.4223944+01:00" endTime="2012-12-03T12:29:14.5908440+01:00" testType="13cdc9d9-ddb5-4fa4-a97d-d965ccfc6d4b" outcome="Passed" testListId="8c84fa94-04c1-424b-9868-57a2d4851a1d" relativeResultsDirectory="3ed23b27-2c02-434b-8c53-f35dbcdd33b3">
      <Output>
        <StdOut>Given a ImageManagement Mock
-&gt; done: ImageManagementSteps.GivenAImageManagementMock() (0,0s)
And setting up the retun value of GetHour method to 5
-&gt; done: ImageManagementSteps.GivenSettingUpTheRetunValueOfGetHourMethodTo(5) (0,0s)
When get the image for time of day
-&gt; done: ImageManagementSteps.WhenGetTheImageForTimeOfDay() (0,1s)
Then the result image should be "moon.jpg"
-&gt; done: ImageManagementSteps.ThenTheResultImageShouldBe("moon.jpg") (0,0s)</StdOut>
      </Output>
    </UnitTestResult>
    <UnitTestResult executionId="10e7d9b3-f338-40d9-97ea-cb9d89ab8e78" testId="cbf4f7bb-712c-8412-028b-97b22c8be11b" testName="GetImageForTimeOfDayTest_2Metodo" computerName="JOSEJA-PC" duration="00:00:00.1588471" startTime="2012-12-03T12:29:14.5937153+01:00" endTime="2012-12-03T12:29:14.7545081+01:00" testType="13cdc9d9-ddb5-4fa4-a97d-d965ccfc6d4b" outcome="Passed" testListId="8c84fa94-04c1-424b-9868-57a2d4851a1d" relativeResultsDirectory="10e7d9b3-f338-40d9-97ea-cb9d89ab8e78">
    </UnitTestResult>
    <UnitTestResult executionId="ac3d1425-5db1-4e1c-97ef-aa4841ddb4f8" testId="e345d26f-c145-058f-8f36-a824ab18e12e" testName="GetImageForTimeOfDayTest" computerName="JOSEJA-PC" duration="00:00:00.0204933" startTime="2012-12-03T12:29:14.7564223+01:00" endTime="2012-12-03T12:29:14.7822640+01:00" testType="13cdc9d9-ddb5-4fa4-a97d-d965ccfc6d4b" outcome="Passed" testListId="8c84fa94-04c1-424b-9868-57a2d4851a1d" relativeResultsDirectory="ac3d1425-5db1-4e1c-97ef-aa4841ddb4f8">
    </UnitTestResult>
  </Results>
</TestRun>