<?xml version="1.0" encoding="UTF-8"?>
<TestRun id="77043020-6b4f-470a-a1c5-079c6785bc4a" name="Joseja@JOSEJA-PC 2012-12-03 11:20:22" runUser="Joseja-PC\Joseja" xmlns="http://microsoft.com/schemas/VisualStudio/TeamTest/2010">
  <TestSettings name="Local" id="79033013-3fa5-43d1-b157-ecaec7a63c00">
    <Description>These are default test settings for a local test run.</Description>
    <Deployment enabled="false" runDeploymentRoot="Joseja_JOSEJA-PC 2012-12-03 11_20_22">
      <DeploymentItem filename="C:\Users\Joseja\Dropbox\Master\2012-2013\Pruebas unitarias\MSTest-tests-example-resultados\MSTest-tests-example\packages\Moq.4.0.10827\lib\NET40\Moq.dll" />
      <DeploymentItem filename="C:\Users\Joseja\Dropbox\Master\2012-2013\Pruebas unitarias\MSTest-tests-example-resultados\MSTest-tests-example\MSTest-tests-example\bin\Debug\MSTest-tests-example.dll" />
    </Deployment>
    <Execution>
      <TestTypeSpecific />
      <AgentRule name="Execution Agents">
      </AgentRule>
    </Execution>
  </TestSettings>
  <Times creation="2012-12-03T11:20:22.5740955+01:00" queuing="2012-12-03T11:20:22.6053455+01:00" start="2012-12-03T11:20:22.6522205+01:00" finish="2012-12-03T11:20:23.1522205+01:00" />
  <ResultSummary outcome="Completed">
    <Counters total="4" executed="4" passed="4" error="0" failed="0" timeout="0" aborted="0" inconclusive="0" passedButRunAborted="0" notRunnable="0" notExecuted="0" disconnected="0" warning="0" completed="0" inProgress="0" pending="0" />
  </ResultSummary>
  <TestDefinitions>
    <UnitTest name="GetImageForTimeOfDayTest" storage="c:\users\joseja\dropbox\master\2012-2013\pruebas unitarias\mstest-tests-example-resultados\mstest-tests-example\testproject1\bin\debug\testproject1.dll" id="e345d26f-c145-058f-8f36-a824ab18e12e">
      <Execution id="a7ed85b4-8f45-4d16-a5f0-1947852c9acb" />
      <TestMethod codeBase="C:/Users/Joseja/Dropbox/Master/2012-2013/Pruebas unitarias/MSTest-tests-example-resultados/MSTest-tests-example/TestProject1/bin/Debug/TestProject1.DLL" adapterTypeName="Microsoft.VisualStudio.TestTools.TestTypes.Unit.UnitTestAdapter, Microsoft.VisualStudio.QualityTools.Tips.UnitTest.Adapter, Version=10.0.0.0, Culture=neutral, PublicKeyToken=b03f5f7f11d50a3a" className="TestProject1.ImageManagementTest, TestProject1, Version=1.0.0.0, Culture=neutral, PublicKeyToken=null" name="GetImageForTimeOfDayTest" />
    </UnitTest>
    <UnitTest name="CustomReplaceTest" storage="c:\users\joseja\dropbox\master\2012-2013\pruebas unitarias\mstest-tests-example-resultados\mstest-tests-example\testproject1\bin\debug\testproject1.dll" id="532852b3-9a5f-80c9-22c1-a7a66687eeb9">
      <Execution id="051768b9-31fc-4c66-ac7a-012e2f7c94cd" />
      <TestMethod codeBase="C:/Users/Joseja/Dropbox/Master/2012-2013/Pruebas unitarias/MSTest-tests-example-resultados/MSTest-tests-example/TestProject1/bin/Debug/TestProject1.DLL" adapterTypeName="Microsoft.VisualStudio.TestTools.TestTypes.Unit.UnitTestAdapter, Microsoft.VisualStudio.QualityTools.Tips.UnitTest.Adapter, Version=10.0.0.0, Culture=neutral, PublicKeyToken=b03f5f7f11d50a3a" className="TestProject1.CustomReplacerTest, TestProject1, Version=1.0.0.0, Culture=neutral, PublicKeyToken=null" name="CustomReplaceTest" />
    </UnitTest>
    <UnitTest name="GetImageForTimeOfDayTest_2Metodo" storage="c:\users\joseja\dropbox\master\2012-2013\pruebas unitarias\mstest-tests-example-resultados\mstest-tests-example\testproject1\bin\debug\testproject1.dll" id="cbf4f7bb-712c-8412-028b-97b22c8be11b">
      <Execution id="18730887-dd20-4b96-8b70-0f87d28962ff" />
      <TestMethod codeBase="C:/Users/Joseja/Dropbox/Master/2012-2013/Pruebas unitarias/MSTest-tests-example-resultados/MSTest-tests-example/TestProject1/bin/Debug/TestProject1.DLL" adapterTypeName="Microsoft.VisualStudio.TestTools.TestTypes.Unit.UnitTestAdapter, Microsoft.VisualStudio.QualityTools.Tips.UnitTest.Adapter, Version=10.0.0.0, Culture=neutral, PublicKeyToken=b03f5f7f11d50a3a" className="TestProject1.ImageManagementTest, TestProject1, Version=1.0.0.0, Culture=neutral, PublicKeyToken=null" name="GetImageForTimeOfDayTest_2Metodo" />
    </UnitTest>
    <UnitTest name="IsValidPasswordTest" storage="c:\users\joseja\dropbox\master\2012-2013\pruebas unitarias\mstest-tests-example-resultados\mstest-tests-example\testproject1\bin\debug\testproject1.dll" id="aa063b67-59cf-d993-101d-37aca83b2793">
      <DeploymentItems>
        <DeploymentItem filename="MSTest-tests-example.dll" />
      </DeploymentItems>
      <Execution id="7d0a0586-13bf-4caf-aff3-a341665c4b5f" />
      <TestMethod codeBase="C:/Users/Joseja/Dropbox/Master/2012-2013/Pruebas unitarias/MSTest-tests-example-resultados/MSTest-tests-example/TestProject1/bin/Debug/TestProject1.DLL" adapterTypeName="Microsoft.VisualStudio.TestTools.TestTypes.Unit.UnitTestAdapter, Microsoft.VisualStudio.QualityTools.Tips.UnitTest.Adapter, Version=10.0.0.0, Culture=neutral, PublicKeyToken=b03f5f7f11d50a3a" className="TestProject1.LogonInfoTest, TestProject1, Version=1.0.0.0, Culture=neutral, PublicKeyToken=null" name="IsValidPasswordTest" />
    </UnitTest>
  </TestDefinitions>
  <TestLists>
    <TestList name="Results Not in a List" id="8c84fa94-04c1-424b-9868-57a2d4851a1d" />
    <TestList name="All Loaded Results" id="19431567-8539-422a-85d7-44ee4e166bda" />
  </TestLists>
  <TestEntries>
    <TestEntry testId="532852b3-9a5f-80c9-22c1-a7a66687eeb9" executionId="051768b9-31fc-4c66-ac7a-012e2f7c94cd" testListId="8c84fa94-04c1-424b-9868-57a2d4851a1d" />
    <TestEntry testId="aa063b67-59cf-d993-101d-37aca83b2793" executionId="7d0a0586-13bf-4caf-aff3-a341665c4b5f" testListId="8c84fa94-04c1-424b-9868-57a2d4851a1d" />
    <TestEntry testId="cbf4f7bb-712c-8412-028b-97b22c8be11b" executionId="18730887-dd20-4b96-8b70-0f87d28962ff" testListId="8c84fa94-04c1-424b-9868-57a2d4851a1d" />
    <TestEntry testId="e345d26f-c145-058f-8f36-a824ab18e12e" executionId="a7ed85b4-8f45-4d16-a5f0-1947852c9acb" testListId="8c84fa94-04c1-424b-9868-57a2d4851a1d" />
  </TestEntries>
  <Results>
    <UnitTestResult executionId="051768b9-31fc-4c66-ac7a-012e2f7c94cd" testId="532852b3-9a5f-80c9-22c1-a7a66687eeb9" testName="CustomReplaceTest" computerName="JOSEJA-PC" duration="00:00:00.0149629" startTime="2012-12-03T11:20:22.6834705+01:00" endTime="2012-12-03T11:20:22.9022205+01:00" testType="13cdc9d9-ddb5-4fa4-a97d-d965ccfc6d4b" outcome="Passed" testListId="8c84fa94-04c1-424b-9868-57a2d4851a1d" relativeResultsDirectory="051768b9-31fc-4c66-ac7a-012e2f7c94cd">
    </UnitTestResult>
    <UnitTestResult executionId="7d0a0586-13bf-4caf-aff3-a341665c4b5f" testId="aa063b67-59cf-d993-101d-37aca83b2793" testName="IsValidPasswordTest" computerName="JOSEJA-PC" duration="00:00:00.0009922" startTime="2012-12-03T11:20:22.9022205+01:00" endTime="2012-12-03T11:20:22.9178455+01:00" testType="13cdc9d9-ddb5-4fa4-a97d-d965ccfc6d4b" outcome="Passed" testListId="8c84fa94-04c1-424b-9868-57a2d4851a1d" relativeResultsDirectory="7d0a0586-13bf-4caf-aff3-a341665c4b5f">
    </UnitTestResult>
    <UnitTestResult executionId="18730887-dd20-4b96-8b70-0f87d28962ff" testId="cbf4f7bb-712c-8412-028b-97b22c8be11b" testName="GetImageForTimeOfDayTest_2Metodo" computerName="JOSEJA-PC" duration="00:00:00.1749523" startTime="2012-12-03T11:20:22.9178455+01:00" endTime="2012-12-03T11:20:23.1053455+01:00" testType="13cdc9d9-ddb5-4fa4-a97d-d965ccfc6d4b" outcome="Passed" testListId="8c84fa94-04c1-424b-9868-57a2d4851a1d" relativeResultsDirectory="18730887-dd20-4b96-8b70-0f87d28962ff">
    </UnitTestResult>
    <UnitTestResult executionId="a7ed85b4-8f45-4d16-a5f0-1947852c9acb" testId="e345d26f-c145-058f-8f36-a824ab18e12e" testName="GetImageForTimeOfDayTest" computerName="JOSEJA-PC" duration="00:00:00.0192736" startTime="2012-12-03T11:20:23.1053455+01:00" endTime="2012-12-03T11:20:23.1365955+01:00" testType="13cdc9d9-ddb5-4fa4-a97d-d965ccfc6d4b" outcome="Passed" testListId="8c84fa94-04c1-424b-9868-57a2d4851a1d" relativeResultsDirectory="a7ed85b4-8f45-4d16-a5f0-1947852c9acb">
    </UnitTestResult>
  </Results>
</TestRun>