<?xml version="1.0" encoding="UTF-8"?>
<TestRun id="ccb06160-b8c8-47a6-b5ac-3331c82981d0" name="Joseja@PORTATIL-JOSEJA 2012-11-23 11:01:22" runUser="Portatil-Joseja\Joseja" xmlns="http://microsoft.com/schemas/VisualStudio/TeamTest/2010">
  <TestSettings name="Local" id="79033013-3fa5-43d1-b157-ecaec7a63c00">
    <Description>These are default test settings for a local test run.</Description>
    <Deployment enabled="false" runDeploymentRoot="Joseja_PORTATIL-JOSEJA 2012-11-23 11_01_22">
      <DeploymentItem filename="D:\My Dropbox\Master\2012-2013\Pruebas unitarias\MSTest-tests-example-resultados\MSTest-tests-example\MSTest-tests-example\bin\Debug\MSTest-tests-example.dll" />
      <DeploymentItem filename="D:\My Dropbox\Master\2012-2013\Pruebas unitarias\MSTest-tests-example-resultados\MSTest-tests-example\packages\Moq.4.0.10827\lib\NET40\Moq.dll" />
    </Deployment>
    <Execution>
      <TestTypeSpecific />
      <AgentRule name="Execution Agents">
      </AgentRule>
    </Execution>
  </TestSettings>
  <Times creation="2012-11-23T11:01:22.7481374+01:00" queuing="2012-11-23T11:01:22.8573376+01:00" start="2012-11-23T11:01:22.8885376+01:00" finish="2012-11-23T11:01:23.4813387+01:00" />
  <ResultSummary outcome="Failed">
    <Counters total="1" executed="1" error="0" failed="1" timeout="0" aborted="0" inconclusive="0" passedButRunAborted="0" notRunnable="0" notExecuted="0" disconnected="0" warning="0" passed="0" completed="0" inProgress="0" pending="0" />
  </ResultSummary>
  <TestDefinitions>
    <UnitTest name="GetImageForTimeOfDayTest" storage="d:\my dropbox\master\2012-2013\pruebas unitarias\mstest-tests-example-resultados\mstest-tests-example\testproject1\bin\debug\testproject1.dll" id="e345d26f-c145-058f-8f36-a824ab18e12e">
      <Execution id="d9ce2d1f-0dea-4f24-9457-9867531dc76a" />
      <TestMethod codeBase="D:/My Dropbox/Master/2012-2013/Pruebas unitarias/MSTest-tests-example-resultados/MSTest-tests-example/TestProject1/bin/Debug/TestProject1.DLL" adapterTypeName="Microsoft.VisualStudio.TestTools.TestTypes.Unit.UnitTestAdapter, Microsoft.VisualStudio.QualityTools.Tips.UnitTest.Adapter, Version=10.0.0.0, Culture=neutral, PublicKeyToken=b03f5f7f11d50a3a" className="TestProject1.ImageManagementTest, TestProject1, Version=1.0.0.0, Culture=neutral, PublicKeyToken=null" name="GetImageForTimeOfDayTest" />
    </UnitTest>
  </TestDefinitions>
  <TestLists>
    <TestList name="Results Not in a List" id="8c84fa94-04c1-424b-9868-57a2d4851a1d" />
    <TestList name="All Loaded Results" id="19431567-8539-422a-85d7-44ee4e166bda" />
  </TestLists>
  <TestEntries>
    <TestEntry testId="e345d26f-c145-058f-8f36-a824ab18e12e" executionId="d9ce2d1f-0dea-4f24-9457-9867531dc76a" testListId="8c84fa94-04c1-424b-9868-57a2d4851a1d" />
  </TestEntries>
  <Results>
    <UnitTestResult executionId="d9ce2d1f-0dea-4f24-9457-9867531dc76a" testId="e345d26f-c145-058f-8f36-a824ab18e12e" testName="GetImageForTimeOfDayTest" computerName="PORTATIL-JOSEJA" duration="00:00:00.1930270" startTime="2012-11-23T11:01:22.9197377+01:00" endTime="2012-11-23T11:01:23.4345386+01:00" testType="13cdc9d9-ddb5-4fa4-a97d-d965ccfc6d4b" outcome="Failed" testListId="8c84fa94-04c1-424b-9868-57a2d4851a1d" relativeResultsDirectory="d9ce2d1f-0dea-4f24-9457-9867531dc76a">
      <Output>
        <ErrorInfo>
          <Message>Test method TestProject1.ImageManagementTest.GetImageForTimeOfDayTest threw exception: 
System.NotSupportedException: Invalid setup on a non-virtual (overridable in VB) member: dat =&gt; dat.GetHour()</Message>
          <StackTrace>    en Moq.Mock.ThrowIfCantOverride(Expression setup, MethodInfo method)
   en Moq.Mock.&lt;&gt;c__DisplayClass1c`2.&lt;Setup&gt;b__1b()
   en Moq.PexProtector.Invoke[T](Func`1 function)
   en Moq.Mock.Setup[T,TResult](Mock mock, Expression`1 expression, Func`1 condition)
   en Moq.Mock`1.Setup[TResult](Expression`1 expression)
   en TestProject1.ImageManagementTest.GetImageForTimeOfDayTest() en D:\My Dropbox\Master\2012-2013\Pruebas unitarias\MSTest-tests-example-resultados\MSTest-tests-example\TestProject1\ImageManagementTest.cs:línea 75
</StackTrace>
        </ErrorInfo>
      </Output>
    </UnitTestResult>
  </Results>
</TestRun>