<?xml version="1.0" encoding="UTF-8"?>
<TestRun id="820e7479-0220-4612-b60b-491f159a0cc5" name="Joseja@JOSEJA-PC 2012-12-03 11:12:27" runUser="Joseja-PC\Joseja" xmlns="http://microsoft.com/schemas/VisualStudio/TeamTest/2010">
  <TestSettings name="Local" id="79033013-3fa5-43d1-b157-ecaec7a63c00">
    <Description>These are default test settings for a local test run.</Description>
    <Deployment enabled="false" runDeploymentRoot="Joseja_JOSEJA-PC 2012-12-03 11_12_27">
      <DeploymentItem filename="C:\Users\Joseja\Dropbox\Master\2012-2013\Pruebas unitarias\MSTest-tests-example-resultados\MSTest-tests-example\packages\Moq.4.0.10827\lib\NET40\Moq.dll" />
      <DeploymentItem filename="C:\Users\Joseja\Dropbox\Master\2012-2013\Pruebas unitarias\MSTest-tests-example-resultados\MSTest-tests-example\MSTest-tests-example\bin\Debug\MSTest-tests-example.dll" />
    </Deployment>
    <Execution>
      <TestTypeSpecific />
      <AgentRule name="Execution Agents">
      </AgentRule>
    </Execution>
  </TestSettings>
  <Times creation="2012-12-03T11:12:27.9324940+01:00" queuing="2012-12-03T11:12:27.9324940+01:00" start="2012-12-03T11:12:27.9949940+01:00" finish="2012-12-03T11:12:28.7137440+01:00" />
  <ResultSummary outcome="Failed">
    <Counters total="3" executed="3" passed="2" error="0" failed="1" timeout="0" aborted="0" inconclusive="0" passedButRunAborted="0" notRunnable="0" notExecuted="0" disconnected="0" warning="0" completed="0" inProgress="0" pending="0" />
  </ResultSummary>
  <TestDefinitions>
    <UnitTest name="GetImageForTimeOfDayTest" storage="c:\users\joseja\dropbox\master\2012-2013\pruebas unitarias\mstest-tests-example-resultados\mstest-tests-example\testproject1\bin\debug\testproject1.dll" id="e345d26f-c145-058f-8f36-a824ab18e12e">
      <Execution id="e00e51aa-28a2-4ea6-92ec-77d3c83e25a5" />
      <TestMethod codeBase="C:/Users/Joseja/Dropbox/Master/2012-2013/Pruebas unitarias/MSTest-tests-example-resultados/MSTest-tests-example/TestProject1/bin/Debug/TestProject1.DLL" adapterTypeName="Microsoft.VisualStudio.TestTools.TestTypes.Unit.UnitTestAdapter, Microsoft.VisualStudio.QualityTools.Tips.UnitTest.Adapter, Version=10.0.0.0, Culture=neutral, PublicKeyToken=b03f5f7f11d50a3a" className="TestProject1.ImageManagementTest, TestProject1, Version=1.0.0.0, Culture=neutral, PublicKeyToken=null" name="GetImageForTimeOfDayTest" />
    </UnitTest>
    <UnitTest name="CustomReplaceTest" storage="c:\users\joseja\dropbox\master\2012-2013\pruebas unitarias\mstest-tests-example-resultados\mstest-tests-example\testproject1\bin\debug\testproject1.dll" id="532852b3-9a5f-80c9-22c1-a7a66687eeb9">
      <Execution id="108cab29-cfff-4166-9614-967afb4a341f" />
      <TestMethod codeBase="C:/Users/Joseja/Dropbox/Master/2012-2013/Pruebas unitarias/MSTest-tests-example-resultados/MSTest-tests-example/TestProject1/bin/Debug/TestProject1.DLL" adapterTypeName="Microsoft.VisualStudio.TestTools.TestTypes.Unit.UnitTestAdapter, Microsoft.VisualStudio.QualityTools.Tips.UnitTest.Adapter, Version=10.0.0.0, Culture=neutral, PublicKeyToken=b03f5f7f11d50a3a" className="TestProject1.CustomReplacerTest, TestProject1, Version=1.0.0.0, Culture=neutral, PublicKeyToken=null" name="CustomReplaceTest" />
    </UnitTest>
    <UnitTest name="IsValidPasswordTest" storage="c:\users\joseja\dropbox\master\2012-2013\pruebas unitarias\mstest-tests-example-resultados\mstest-tests-example\testproject1\bin\debug\testproject1.dll" id="aa063b67-59cf-d993-101d-37aca83b2793">
      <DeploymentItems>
        <DeploymentItem filename="MSTest-tests-example.dll" />
      </DeploymentItems>
      <Execution id="bc871e7f-ed68-4e24-9c59-28f4798c4a41" />
      <TestMethod codeBase="C:/Users/Joseja/Dropbox/Master/2012-2013/Pruebas unitarias/MSTest-tests-example-resultados/MSTest-tests-example/TestProject1/bin/Debug/TestProject1.DLL" adapterTypeName="Microsoft.VisualStudio.TestTools.TestTypes.Unit.UnitTestAdapter, Microsoft.VisualStudio.QualityTools.Tips.UnitTest.Adapter, Version=10.0.0.0, Culture=neutral, PublicKeyToken=b03f5f7f11d50a3a" className="TestProject1.LogonInfoTest, TestProject1, Version=1.0.0.0, Culture=neutral, PublicKeyToken=null" name="IsValidPasswordTest" />
    </UnitTest>
  </TestDefinitions>
  <TestLists>
    <TestList name="Results Not in a List" id="8c84fa94-04c1-424b-9868-57a2d4851a1d" />
    <TestList name="All Loaded Results" id="19431567-8539-422a-85d7-44ee4e166bda" />
  </TestLists>
  <TestEntries>
    <TestEntry testId="532852b3-9a5f-80c9-22c1-a7a66687eeb9" executionId="108cab29-cfff-4166-9614-967afb4a341f" testListId="8c84fa94-04c1-424b-9868-57a2d4851a1d" />
    <TestEntry testId="aa063b67-59cf-d993-101d-37aca83b2793" executionId="bc871e7f-ed68-4e24-9c59-28f4798c4a41" testListId="8c84fa94-04c1-424b-9868-57a2d4851a1d" />
    <TestEntry testId="e345d26f-c145-058f-8f36-a824ab18e12e" executionId="e00e51aa-28a2-4ea6-92ec-77d3c83e25a5" testListId="8c84fa94-04c1-424b-9868-57a2d4851a1d" />
  </TestEntries>
  <Results>
    <UnitTestResult executionId="108cab29-cfff-4166-9614-967afb4a341f" testId="532852b3-9a5f-80c9-22c1-a7a66687eeb9" testName="CustomReplaceTest" computerName="JOSEJA-PC" duration="00:00:00.0148302" startTime="2012-12-03T11:12:28.0887440+01:00" endTime="2012-12-03T11:12:28.4637440+01:00" testType="13cdc9d9-ddb5-4fa4-a97d-d965ccfc6d4b" outcome="Passed" testListId="8c84fa94-04c1-424b-9868-57a2d4851a1d" relativeResultsDirectory="108cab29-cfff-4166-9614-967afb4a341f">
    </UnitTestResult>
    <UnitTestResult executionId="bc871e7f-ed68-4e24-9c59-28f4798c4a41" testId="aa063b67-59cf-d993-101d-37aca83b2793" testName="IsValidPasswordTest" computerName="JOSEJA-PC" duration="00:00:00.0010028" startTime="2012-12-03T11:12:28.4793690+01:00" endTime="2012-12-03T11:12:28.4793690+01:00" testType="13cdc9d9-ddb5-4fa4-a97d-d965ccfc6d4b" outcome="Passed" testListId="8c84fa94-04c1-424b-9868-57a2d4851a1d" relativeResultsDirectory="bc871e7f-ed68-4e24-9c59-28f4798c4a41">
    </UnitTestResult>
    <UnitTestResult executionId="e00e51aa-28a2-4ea6-92ec-77d3c83e25a5" testId="e345d26f-c145-058f-8f36-a824ab18e12e" testName="GetImageForTimeOfDayTest" computerName="JOSEJA-PC" duration="00:00:00.1890159" startTime="2012-12-03T11:12:28.4949940+01:00" endTime="2012-12-03T11:12:28.6824940+01:00" testType="13cdc9d9-ddb5-4fa4-a97d-d965ccfc6d4b" outcome="Failed" testListId="8c84fa94-04c1-424b-9868-57a2d4851a1d" relativeResultsDirectory="e00e51aa-28a2-4ea6-92ec-77d3c83e25a5">
      <Output>
        <ErrorInfo>
          <Message>Assert.AreEqual failed. Expected:&lt;moon.jpg&gt;. Actual:&lt;sun.jpg&gt;. </Message>
          <StackTrace>   at TestProject1.ImageManagementTest.GetImageForTimeOfDayTest() in C:\Users\Joseja\Dropbox\Master\2012-2013\Pruebas unitarias\MSTest-tests-example-resultados\MSTest-tests-example\TestProject1\ImageManagementTest.cs:line 82
</StackTrace>
        </ErrorInfo>
      </Output>
    </UnitTestResult>
  </Results>
</TestRun>