<?xml version="1.0" encoding="UTF-8"?>
<TestRun id="9145eb42-7cd9-4524-a619-bc67961690bb" name="Joseja@JOSEJA-PC 2012-12-03 12:18:23" runUser="Joseja-PC\Joseja" xmlns="http://microsoft.com/schemas/VisualStudio/TeamTest/2010">
  <TestSettings name="Local" id="79033013-3fa5-43d1-b157-ecaec7a63c00">
    <Description>These are default test settings for a local test run.</Description>
    <Deployment enabled="false" runDeploymentRoot="Joseja_JOSEJA-PC 2012-12-03 12_18_23">
      <DeploymentItem filename="C:\Users\Joseja\Dropbox\Master\2012-2013\Pruebas unitarias\MSTest-tests-example-resultados\MSTest-tests-example\packages\SpecFlow.1.9.0\lib\net35\TechTalk.SpecFlow.dll" />
      <DeploymentItem filename="C:\Users\Joseja\Dropbox\Master\2012-2013\Pruebas unitarias\MSTest-tests-example-resultados\MSTest-tests-example\MSTest-tests-example\bin\Debug\MSTest-tests-example.dll" />
      <DeploymentItem filename="C:\Users\Joseja\Dropbox\Master\2012-2013\Pruebas unitarias\MSTest-tests-example-resultados\MSTest-tests-example\packages\Moq.4.0.10827\lib\NET40\Moq.dll" />
    </Deployment>
    <Execution>
      <TestTypeSpecific />
      <AgentRule name="Execution Agents">
      </AgentRule>
    </Execution>
  </TestSettings>
  <Times creation="2012-12-03T12:18:23.9697569+01:00" queuing="2012-12-03T12:18:23.9795225+01:00" start="2012-12-03T12:18:24.0312804+01:00" finish="2012-12-03T12:18:25.0683897+01:00" />
  <ResultSummary outcome="Completed">
    <Counters total="6" executed="6" passed="6" error="0" failed="0" timeout="0" aborted="0" inconclusive="0" passedButRunAborted="0" notRunnable="0" notExecuted="0" disconnected="0" warning="0" completed="0" inProgress="0" pending="0" />
  </ResultSummary>
  <TestDefinitions>
    <UnitTest name="ImageManagement" storage="c:\users\joseja\dropbox\master\2012-2013\pruebas unitarias\mstest-tests-example-resultados\mstest-tests-example\mstest-specflow-example-test\bin\debug\mstest-specflow-example-test.dll" id="bca4480f-b535-f2eb-22cf-546b94d38fd7">
      <Description>ImageManagement</Description>
      <TestCategory>
        <TestCategoryItem TestCategory="mytag" />
      </TestCategory>
      <Execution id="b5f18903-a14b-4047-bf59-8d3f9d667f1b" />
      <Properties>
        <Property>
          <Key>FeatureTitle</Key>
          <Value>ImageManagement</Value>
        </Property>
      </Properties>
      <TestMethod codeBase="C:/Users/Joseja/Dropbox/Master/2012-2013/Pruebas unitarias/MSTest-tests-example-resultados/MSTest-tests-example/MSTest-specflow-example-Test/bin/Debug/MSTest-specflow-example-Test.DLL" adapterTypeName="Microsoft.VisualStudio.TestTools.TestTypes.Unit.UnitTestAdapter, Microsoft.VisualStudio.QualityTools.Tips.UnitTest.Adapter, Version=10.0.0.0, Culture=neutral, PublicKeyToken=b03f5f7f11d50a3a" className="MSTest_specflow_example_Test.ImageManagementFeature, MSTest-specflow-example-Test, Version=1.0.0.0, Culture=neutral, PublicKeyToken=null" name="ImageManagement" />
    </UnitTest>
    <UnitTest name="GetImageForTimeOfDayTest_2Metodo" storage="c:\users\joseja\dropbox\master\2012-2013\pruebas unitarias\mstest-tests-example-resultados\mstest-tests-example\testproject1\bin\debug\testproject1.dll" id="cbf4f7bb-712c-8412-028b-97b22c8be11b">
      <Execution id="ebea7645-f3bc-4652-bba5-22fbfd525ff0" />
      <TestMethod codeBase="C:/Users/Joseja/Dropbox/Master/2012-2013/Pruebas unitarias/MSTest-tests-example-resultados/MSTest-tests-example/TestProject1/bin/Debug/TestProject1.DLL" adapterTypeName="Microsoft.VisualStudio.TestTools.TestTypes.Unit.UnitTestAdapter, Microsoft.VisualStudio.QualityTools.Tips.UnitTest.Adapter, Version=10.0.0.0, Culture=neutral, PublicKeyToken=b03f5f7f11d50a3a" className="TestProject1.ImageManagementTest, TestProject1, Version=1.0.0.0, Culture=neutral, PublicKeyToken=null" name="GetImageForTimeOfDayTest_2Metodo" />
    </UnitTest>
    <UnitTest name="GetImageForTimeOfDayTest" storage="c:\users\joseja\dropbox\master\2012-2013\pruebas unitarias\mstest-tests-example-resultados\mstest-tests-example\testproject1\bin\debug\testproject1.dll" id="e345d26f-c145-058f-8f36-a824ab18e12e">
      <Execution id="3fb04fe2-f0c5-422b-8566-87ff83b47b85" />
      <TestMethod codeBase="C:/Users/Joseja/Dropbox/Master/2012-2013/Pruebas unitarias/MSTest-tests-example-resultados/MSTest-tests-example/TestProject1/bin/Debug/TestProject1.DLL" adapterTypeName="Microsoft.VisualStudio.TestTools.TestTypes.Unit.UnitTestAdapter, Microsoft.VisualStudio.QualityTools.Tips.UnitTest.Adapter, Version=10.0.0.0, Culture=neutral, PublicKeyToken=b03f5f7f11d50a3a" className="TestProject1.ImageManagementTest, TestProject1, Version=1.0.0.0, Culture=neutral, PublicKeyToken=null" name="GetImageForTimeOfDayTest" />
    </UnitTest>
    <UnitTest name="CustomReplaceTest" storage="c:\users\joseja\dropbox\master\2012-2013\pruebas unitarias\mstest-tests-example-resultados\mstest-tests-example\testproject1\bin\debug\testproject1.dll" id="532852b3-9a5f-80c9-22c1-a7a66687eeb9">
      <Execution id="c73ff08c-63b6-4d09-b7b0-ebab456c8ecb" />
      <TestMethod codeBase="C:/Users/Joseja/Dropbox/Master/2012-2013/Pruebas unitarias/MSTest-tests-example-resultados/MSTest-tests-example/TestProject1/bin/Debug/TestProject1.DLL" adapterTypeName="Microsoft.VisualStudio.TestTools.TestTypes.Unit.UnitTestAdapter, Microsoft.VisualStudio.QualityTools.Tips.UnitTest.Adapter, Version=10.0.0.0, Culture=neutral, PublicKeyToken=b03f5f7f11d50a3a" className="TestProject1.CustomReplacerTest, TestProject1, Version=1.0.0.0, Culture=neutral, PublicKeyToken=null" name="CustomReplaceTest" />
    </UnitTest>
    <UnitTest name="ReplaceSingleSentence" storage="c:\users\joseja\dropbox\master\2012-2013\pruebas unitarias\mstest-tests-example-resultados\mstest-tests-example\mstest-specflow-example-test\bin\debug\mstest-specflow-example-test.dll" id="46733209-1240-2551-bc61-de52a217765d">
      <Description>Replace single sentence</Description>
      <TestCategory>
        <TestCategoryItem TestCategory="mytag" />
      </TestCategory>
      <Execution id="d9955a49-2731-4bc2-a6c1-60abfa5698a5" />
      <Properties>
        <Property>
          <Key>FeatureTitle</Key>
          <Value>Custom Replace</Value>
        </Property>
      </Properties>
      <TestMethod codeBase="C:/Users/Joseja/Dropbox/Master/2012-2013/Pruebas unitarias/MSTest-tests-example-resultados/MSTest-tests-example/MSTest-specflow-example-Test/bin/Debug/MSTest-specflow-example-Test.DLL" adapterTypeName="Microsoft.VisualStudio.TestTools.TestTypes.Unit.UnitTestAdapter, Microsoft.VisualStudio.QualityTools.Tips.UnitTest.Adapter, Version=10.0.0.0, Culture=neutral, PublicKeyToken=b03f5f7f11d50a3a" className="MSTest_specflow_example_Test.CustomReplaceFeature, MSTest-specflow-example-Test, Version=1.0.0.0, Culture=neutral, PublicKeyToken=null" name="ReplaceSingleSentence" />
    </UnitTest>
    <UnitTest name="IsValidPasswordTest" storage="c:\users\joseja\dropbox\master\2012-2013\pruebas unitarias\mstest-tests-example-resultados\mstest-tests-example\testproject1\bin\debug\testproject1.dll" id="aa063b67-59cf-d993-101d-37aca83b2793">
      <DeploymentItems>
        <DeploymentItem filename="MSTest-tests-example.dll" />
      </DeploymentItems>
      <Execution id="e4b99ca0-450e-4437-8e7c-071e078c42f3" />
      <TestMethod codeBase="C:/Users/Joseja/Dropbox/Master/2012-2013/Pruebas unitarias/MSTest-tests-example-resultados/MSTest-tests-example/TestProject1/bin/Debug/TestProject1.DLL" adapterTypeName="Microsoft.VisualStudio.TestTools.TestTypes.Unit.UnitTestAdapter, Microsoft.VisualStudio.QualityTools.Tips.UnitTest.Adapter, Version=10.0.0.0, Culture=neutral, PublicKeyToken=b03f5f7f11d50a3a" className="TestProject1.LogonInfoTest, TestProject1, Version=1.0.0.0, Culture=neutral, PublicKeyToken=null" name="IsValidPasswordTest" />
    </UnitTest>
  </TestDefinitions>
  <TestLists>
    <TestList name="Results Not in a List" id="8c84fa94-04c1-424b-9868-57a2d4851a1d" />
    <TestList name="All Loaded Results" id="19431567-8539-422a-85d7-44ee4e166bda" />
  </TestLists>
  <TestEntries>
    <TestEntry testId="46733209-1240-2551-bc61-de52a217765d" executionId="d9955a49-2731-4bc2-a6c1-60abfa5698a5" testListId="8c84fa94-04c1-424b-9868-57a2d4851a1d" />
    <TestEntry testId="532852b3-9a5f-80c9-22c1-a7a66687eeb9" executionId="c73ff08c-63b6-4d09-b7b0-ebab456c8ecb" testListId="8c84fa94-04c1-424b-9868-57a2d4851a1d" />
    <TestEntry testId="aa063b67-59cf-d993-101d-37aca83b2793" executionId="e4b99ca0-450e-4437-8e7c-071e078c42f3" testListId="8c84fa94-04c1-424b-9868-57a2d4851a1d" />
    <TestEntry testId="bca4480f-b535-f2eb-22cf-546b94d38fd7" executionId="b5f18903-a14b-4047-bf59-8d3f9d667f1b" testListId="8c84fa94-04c1-424b-9868-57a2d4851a1d" />
    <TestEntry testId="cbf4f7bb-712c-8412-028b-97b22c8be11b" executionId="ebea7645-f3bc-4652-bba5-22fbfd525ff0" testListId="8c84fa94-04c1-424b-9868-57a2d4851a1d" />
    <TestEntry testId="e345d26f-c145-058f-8f36-a824ab18e12e" executionId="3fb04fe2-f0c5-422b-8566-87ff83b47b85" testListId="8c84fa94-04c1-424b-9868-57a2d4851a1d" />
  </TestEntries>
  <Results>
    <UnitTestResult executionId="d9955a49-2731-4bc2-a6c1-60abfa5698a5" testId="46733209-1240-2551-bc61-de52a217765d" testName="ReplaceSingleSentence" computerName="JOSEJA-PC" duration="00:00:00.0799253" startTime="2012-12-03T12:18:24.0381163+01:00" endTime="2012-12-03T12:18:24.3906554+01:00" testType="13cdc9d9-ddb5-4fa4-a97d-d965ccfc6d4b" outcome="Passed" testListId="8c84fa94-04c1-424b-9868-57a2d4851a1d" relativeResultsDirectory="d9955a49-2731-4bc2-a6c1-60abfa5698a5">
      <Output>
        <StdOut>Given a custom replace object
-&gt; done: CustomReplaceSteps.GivenACustomReplaceObject() (0,0s)
When replace the letter "e" in the text "Hello all, how are the test going?"
-&gt; done: CustomReplaceSteps.WhenReplaceTheLetterInTheText("e", "Hello all, how ar...") (0,0s)
Then the result should be "H1llo all, how ar2 th3 t4st going?"
-&gt; done: CustomReplaceSteps.ThenTheResultShouldBe("H1llo all, how ar...") (0,0s)</StdOut>
      </Output>
    </UnitTestResult>
    <UnitTestResult executionId="c73ff08c-63b6-4d09-b7b0-ebab456c8ecb" testId="532852b3-9a5f-80c9-22c1-a7a66687eeb9" testName="CustomReplaceTest" computerName="JOSEJA-PC" duration="00:00:00.0154611" startTime="2012-12-03T12:18:24.3984679+01:00" endTime="2012-12-03T12:18:24.6074522+01:00" testType="13cdc9d9-ddb5-4fa4-a97d-d965ccfc6d4b" outcome="Passed" testListId="8c84fa94-04c1-424b-9868-57a2d4851a1d" relativeResultsDirectory="c73ff08c-63b6-4d09-b7b0-ebab456c8ecb">
    </UnitTestResult>
    <UnitTestResult executionId="e4b99ca0-450e-4437-8e7c-071e078c42f3" testId="aa063b67-59cf-d993-101d-37aca83b2793" testName="IsValidPasswordTest" computerName="JOSEJA-PC" duration="00:00:00.0008763" startTime="2012-12-03T12:18:24.6133116+01:00" endTime="2012-12-03T12:18:24.6191710+01:00" testType="13cdc9d9-ddb5-4fa4-a97d-d965ccfc6d4b" outcome="Passed" testListId="8c84fa94-04c1-424b-9868-57a2d4851a1d" relativeResultsDirectory="e4b99ca0-450e-4437-8e7c-071e078c42f3">
    </UnitTestResult>
    <UnitTestResult executionId="b5f18903-a14b-4047-bf59-8d3f9d667f1b" testId="bca4480f-b535-f2eb-22cf-546b94d38fd7" testName="ImageManagement" computerName="JOSEJA-PC" duration="00:00:00.1590819" startTime="2012-12-03T12:18:24.6230772+01:00" endTime="2012-12-03T12:18:24.7900694+01:00" testType="13cdc9d9-ddb5-4fa4-a97d-d965ccfc6d4b" outcome="Passed" testListId="8c84fa94-04c1-424b-9868-57a2d4851a1d" relativeResultsDirectory="b5f18903-a14b-4047-bf59-8d3f9d667f1b">
      <Output>
        <StdOut>Given a ImageManagement Mock
-&gt; done: ImageManagementSteps.GivenAImageManagementMock() (0,0s)
And setting up the retun value of GetHour method to 5
-&gt; done: ImageManagementSteps.GivenSettingUpTheRetunValueOfGetHourMethodTo(5) (0,0s)
When get the image for time of day
-&gt; done: ImageManagementSteps.WhenGetTheImageForTimeOfDay() (0,1s)
Then the result image should be "moon.jpg"
-&gt; done: ImageManagementSteps.ThenTheResultImageShouldBe("moon.jpg") (0,0s)</StdOut>
      </Output>
    </UnitTestResult>
    <UnitTestResult executionId="ebea7645-f3bc-4652-bba5-22fbfd525ff0" testId="cbf4f7bb-712c-8412-028b-97b22c8be11b" testName="GetImageForTimeOfDayTest_2Metodo" computerName="JOSEJA-PC" duration="00:00:00.1664717" startTime="2012-12-03T12:18:24.7959288+01:00" endTime="2012-12-03T12:18:24.9668272+01:00" testType="13cdc9d9-ddb5-4fa4-a97d-d965ccfc6d4b" outcome="Passed" testListId="8c84fa94-04c1-424b-9868-57a2d4851a1d" relativeResultsDirectory="ebea7645-f3bc-4652-bba5-22fbfd525ff0">
    </UnitTestResult>
    <UnitTestResult executionId="3fb04fe2-f0c5-422b-8566-87ff83b47b85" testId="e345d26f-c145-058f-8f36-a824ab18e12e" testName="GetImageForTimeOfDayTest" computerName="JOSEJA-PC" duration="00:00:00.0233663" startTime="2012-12-03T12:18:24.9726866+01:00" endTime="2012-12-03T12:18:25.0039366+01:00" testType="13cdc9d9-ddb5-4fa4-a97d-d965ccfc6d4b" outcome="Passed" testListId="8c84fa94-04c1-424b-9868-57a2d4851a1d" relativeResultsDirectory="3fb04fe2-f0c5-422b-8566-87ff83b47b85">
    </UnitTestResult>
  </Results>
</TestRun>