<?xml version="1.0" encoding="UTF-8"?>
<TestRun id="fbaf18d1-4ced-4962-969f-39750297faac" name="Joseja@JOSEJA-PC 2012-12-03 12:18:36" runUser="Joseja-PC\Joseja" xmlns="http://microsoft.com/schemas/VisualStudio/TeamTest/2010">
  <TestSettings name="Local" id="79033013-3fa5-43d1-b157-ecaec7a63c00">
    <Description>These are default test settings for a local test run.</Description>
    <Deployment enabled="false" runDeploymentRoot="Joseja_JOSEJA-PC 2012-12-03 12_18_36">
      <DeploymentItem filename="C:\Users\Joseja\Dropbox\Master\2012-2013\Pruebas unitarias\MSTest-tests-example-resultados\MSTest-tests-example\packages\SpecFlow.1.9.0\lib\net35\TechTalk.SpecFlow.dll" />
      <DeploymentItem filename="C:\Users\Joseja\Dropbox\Master\2012-2013\Pruebas unitarias\MSTest-tests-example-resultados\MSTest-tests-example\MSTest-tests-example\bin\Debug\MSTest-tests-example.dll" />
      <DeploymentItem filename="C:\Users\Joseja\Dropbox\Master\2012-2013\Pruebas unitarias\MSTest-tests-example-resultados\MSTest-tests-example\packages\Moq.4.0.10827\lib\NET40\Moq.dll" />
    </Deployment>
    <Execution>
      <TestTypeSpecific />
      <AgentRule name="Execution Agents">
      </AgentRule>
    </Execution>
  </TestSettings>
  <Times creation="2012-12-03T12:18:36.7031554+01:00" queuing="2012-12-03T12:18:36.7109679+01:00" start="2012-12-03T12:18:36.7392882+01:00" finish="2012-12-03T12:18:37.7910460+01:00" />
  <ResultSummary outcome="Failed">
    <Counters total="6" executed="6" passed="5" error="0" failed="1" timeout="0" aborted="0" inconclusive="0" passedButRunAborted="0" notRunnable="0" notExecuted="0" disconnected="0" warning="0" completed="0" inProgress="0" pending="0" />
  </ResultSummary>
  <TestDefinitions>
    <UnitTest name="ImageManagement" storage="c:\users\joseja\dropbox\master\2012-2013\pruebas unitarias\mstest-tests-example-resultados\mstest-tests-example\mstest-specflow-example-test\bin\debug\mstest-specflow-example-test.dll" id="bca4480f-b535-f2eb-22cf-546b94d38fd7">
      <Description>ImageManagement</Description>
      <TestCategory>
        <TestCategoryItem TestCategory="mytag" />
      </TestCategory>
      <Execution id="c2ac6f42-5dfc-40ee-bfd8-907e43fa6353" />
      <Properties>
        <Property>
          <Key>FeatureTitle</Key>
          <Value>ImageManagement</Value>
        </Property>
      </Properties>
      <TestMethod codeBase="C:/Users/Joseja/Dropbox/Master/2012-2013/Pruebas unitarias/MSTest-tests-example-resultados/MSTest-tests-example/MSTest-specflow-example-Test/bin/Debug/MSTest-specflow-example-Test.DLL" adapterTypeName="Microsoft.VisualStudio.TestTools.TestTypes.Unit.UnitTestAdapter, Microsoft.VisualStudio.QualityTools.Tips.UnitTest.Adapter, Version=10.0.0.0, Culture=neutral, PublicKeyToken=b03f5f7f11d50a3a" className="MSTest_specflow_example_Test.ImageManagementFeature, MSTest-specflow-example-Test, Version=1.0.0.0, Culture=neutral, PublicKeyToken=null" name="ImageManagement" />
    </UnitTest>
    <UnitTest name="GetImageForTimeOfDayTest_2Metodo" storage="c:\users\joseja\dropbox\master\2012-2013\pruebas unitarias\mstest-tests-example-resultados\mstest-tests-example\testproject1\bin\debug\testproject1.dll" id="cbf4f7bb-712c-8412-028b-97b22c8be11b">
      <Execution id="e4fb86f0-17e9-4f66-9b51-ff7d6f733b2b" />
      <TestMethod codeBase="C:/Users/Joseja/Dropbox/Master/2012-2013/Pruebas unitarias/MSTest-tests-example-resultados/MSTest-tests-example/TestProject1/bin/Debug/TestProject1.DLL" adapterTypeName="Microsoft.VisualStudio.TestTools.TestTypes.Unit.UnitTestAdapter, Microsoft.VisualStudio.QualityTools.Tips.UnitTest.Adapter, Version=10.0.0.0, Culture=neutral, PublicKeyToken=b03f5f7f11d50a3a" className="TestProject1.ImageManagementTest, TestProject1, Version=1.0.0.0, Culture=neutral, PublicKeyToken=null" name="GetImageForTimeOfDayTest_2Metodo" />
    </UnitTest>
    <UnitTest name="GetImageForTimeOfDayTest" storage="c:\users\joseja\dropbox\master\2012-2013\pruebas unitarias\mstest-tests-example-resultados\mstest-tests-example\testproject1\bin\debug\testproject1.dll" id="e345d26f-c145-058f-8f36-a824ab18e12e">
      <Execution id="f2085ef6-e460-4a48-9ca1-f8fa43b37989" />
      <TestMethod codeBase="C:/Users/Joseja/Dropbox/Master/2012-2013/Pruebas unitarias/MSTest-tests-example-resultados/MSTest-tests-example/TestProject1/bin/Debug/TestProject1.DLL" adapterTypeName="Microsoft.VisualStudio.TestTools.TestTypes.Unit.UnitTestAdapter, Microsoft.VisualStudio.QualityTools.Tips.UnitTest.Adapter, Version=10.0.0.0, Culture=neutral, PublicKeyToken=b03f5f7f11d50a3a" className="TestProject1.ImageManagementTest, TestProject1, Version=1.0.0.0, Culture=neutral, PublicKeyToken=null" name="GetImageForTimeOfDayTest" />
    </UnitTest>
    <UnitTest name="CustomReplaceTest" storage="c:\users\joseja\dropbox\master\2012-2013\pruebas unitarias\mstest-tests-example-resultados\mstest-tests-example\testproject1\bin\debug\testproject1.dll" id="532852b3-9a5f-80c9-22c1-a7a66687eeb9">
      <Execution id="7b6d9f29-2302-4518-a18d-f886d411ba38" />
      <TestMethod codeBase="C:/Users/Joseja/Dropbox/Master/2012-2013/Pruebas unitarias/MSTest-tests-example-resultados/MSTest-tests-example/TestProject1/bin/Debug/TestProject1.DLL" adapterTypeName="Microsoft.VisualStudio.TestTools.TestTypes.Unit.UnitTestAdapter, Microsoft.VisualStudio.QualityTools.Tips.UnitTest.Adapter, Version=10.0.0.0, Culture=neutral, PublicKeyToken=b03f5f7f11d50a3a" className="TestProject1.CustomReplacerTest, TestProject1, Version=1.0.0.0, Culture=neutral, PublicKeyToken=null" name="CustomReplaceTest" />
    </UnitTest>
    <UnitTest name="ReplaceSingleSentence" storage="c:\users\joseja\dropbox\master\2012-2013\pruebas unitarias\mstest-tests-example-resultados\mstest-tests-example\mstest-specflow-example-test\bin\debug\mstest-specflow-example-test.dll" id="46733209-1240-2551-bc61-de52a217765d">
      <Description>Replace single sentence</Description>
      <TestCategory>
        <TestCategoryItem TestCategory="mytag" />
      </TestCategory>
      <Execution id="c4d6371f-b33a-4eaa-9abb-1bce7469d4ce" />
      <Properties>
        <Property>
          <Key>FeatureTitle</Key>
          <Value>Custom Replace</Value>
        </Property>
      </Properties>
      <TestMethod codeBase="C:/Users/Joseja/Dropbox/Master/2012-2013/Pruebas unitarias/MSTest-tests-example-resultados/MSTest-tests-example/MSTest-specflow-example-Test/bin/Debug/MSTest-specflow-example-Test.DLL" adapterTypeName="Microsoft.VisualStudio.TestTools.TestTypes.Unit.UnitTestAdapter, Microsoft.VisualStudio.QualityTools.Tips.UnitTest.Adapter, Version=10.0.0.0, Culture=neutral, PublicKeyToken=b03f5f7f11d50a3a" className="MSTest_specflow_example_Test.CustomReplaceFeature, MSTest-specflow-example-Test, Version=1.0.0.0, Culture=neutral, PublicKeyToken=null" name="ReplaceSingleSentence" />
    </UnitTest>
    <UnitTest name="IsValidPasswordTest" storage="c:\users\joseja\dropbox\master\2012-2013\pruebas unitarias\mstest-tests-example-resultados\mstest-tests-example\testproject1\bin\debug\testproject1.dll" id="aa063b67-59cf-d993-101d-37aca83b2793">
      <DeploymentItems>
        <DeploymentItem filename="MSTest-tests-example.dll" />
      </DeploymentItems>
      <Execution id="25086627-d06c-449f-9189-d5a99e11c9f8" />
      <TestMethod codeBase="C:/Users/Joseja/Dropbox/Master/2012-2013/Pruebas unitarias/MSTest-tests-example-resultados/MSTest-tests-example/TestProject1/bin/Debug/TestProject1.DLL" adapterTypeName="Microsoft.VisualStudio.TestTools.TestTypes.Unit.UnitTestAdapter, Microsoft.VisualStudio.QualityTools.Tips.UnitTest.Adapter, Version=10.0.0.0, Culture=neutral, PublicKeyToken=b03f5f7f11d50a3a" className="TestProject1.LogonInfoTest, TestProject1, Version=1.0.0.0, Culture=neutral, PublicKeyToken=null" name="IsValidPasswordTest" />
    </UnitTest>
  </TestDefinitions>
  <TestLists>
    <TestList name="Results Not in a List" id="8c84fa94-04c1-424b-9868-57a2d4851a1d" />
    <TestList name="All Loaded Results" id="19431567-8539-422a-85d7-44ee4e166bda" />
  </TestLists>
  <TestEntries>
    <TestEntry testId="46733209-1240-2551-bc61-de52a217765d" executionId="c4d6371f-b33a-4eaa-9abb-1bce7469d4ce" testListId="8c84fa94-04c1-424b-9868-57a2d4851a1d" />
    <TestEntry testId="532852b3-9a5f-80c9-22c1-a7a66687eeb9" executionId="7b6d9f29-2302-4518-a18d-f886d411ba38" testListId="8c84fa94-04c1-424b-9868-57a2d4851a1d" />
    <TestEntry testId="aa063b67-59cf-d993-101d-37aca83b2793" executionId="25086627-d06c-449f-9189-d5a99e11c9f8" testListId="8c84fa94-04c1-424b-9868-57a2d4851a1d" />
    <TestEntry testId="bca4480f-b535-f2eb-22cf-546b94d38fd7" executionId="c2ac6f42-5dfc-40ee-bfd8-907e43fa6353" testListId="8c84fa94-04c1-424b-9868-57a2d4851a1d" />
    <TestEntry testId="cbf4f7bb-712c-8412-028b-97b22c8be11b" executionId="e4fb86f0-17e9-4f66-9b51-ff7d6f733b2b" testListId="8c84fa94-04c1-424b-9868-57a2d4851a1d" />
    <TestEntry testId="e345d26f-c145-058f-8f36-a824ab18e12e" executionId="f2085ef6-e460-4a48-9ca1-f8fa43b37989" testListId="8c84fa94-04c1-424b-9868-57a2d4851a1d" />
  </TestEntries>
  <Results>
    <UnitTestResult executionId="c4d6371f-b33a-4eaa-9abb-1bce7469d4ce" testId="46733209-1240-2551-bc61-de52a217765d" testName="ReplaceSingleSentence" computerName="JOSEJA-PC" duration="00:00:00.0582181" startTime="2012-12-03T12:18:36.7422179+01:00" endTime="2012-12-03T12:18:37.0840147+01:00" testType="13cdc9d9-ddb5-4fa4-a97d-d965ccfc6d4b" outcome="Passed" testListId="8c84fa94-04c1-424b-9868-57a2d4851a1d" relativeResultsDirectory="c4d6371f-b33a-4eaa-9abb-1bce7469d4ce">
      <Output>
        <StdOut>Given a custom replace object
-&gt; done: CustomReplaceSteps.GivenACustomReplaceObject() (0,0s)
When replace the letter "e" in the text "Hello all, how are the test going?"
-&gt; done: CustomReplaceSteps.WhenReplaceTheLetterInTheText("e", "Hello all, how ar...") (0,0s)
Then the result should be "H1llo all, how ar2 th3 t4st going?"
-&gt; done: CustomReplaceSteps.ThenTheResultShouldBe("H1llo all, how ar...") (0,0s)</StdOut>
      </Output>
    </UnitTestResult>
    <UnitTestResult executionId="7b6d9f29-2302-4518-a18d-f886d411ba38" testId="532852b3-9a5f-80c9-22c1-a7a66687eeb9" testName="CustomReplaceTest" computerName="JOSEJA-PC" duration="00:00:00.0139181" startTime="2012-12-03T12:18:37.0967100+01:00" endTime="2012-12-03T12:18:37.3115538+01:00" testType="13cdc9d9-ddb5-4fa4-a97d-d965ccfc6d4b" outcome="Passed" testListId="8c84fa94-04c1-424b-9868-57a2d4851a1d" relativeResultsDirectory="7b6d9f29-2302-4518-a18d-f886d411ba38">
    </UnitTestResult>
    <UnitTestResult executionId="25086627-d06c-449f-9189-d5a99e11c9f8" testId="aa063b67-59cf-d993-101d-37aca83b2793" testName="IsValidPasswordTest" computerName="JOSEJA-PC" duration="00:00:00.0018978" startTime="2012-12-03T12:18:37.3183897+01:00" endTime="2012-12-03T12:18:37.3320616+01:00" testType="13cdc9d9-ddb5-4fa4-a97d-d965ccfc6d4b" outcome="Passed" testListId="8c84fa94-04c1-424b-9868-57a2d4851a1d" relativeResultsDirectory="25086627-d06c-449f-9189-d5a99e11c9f8">
    </UnitTestResult>
    <UnitTestResult executionId="c2ac6f42-5dfc-40ee-bfd8-907e43fa6353" testId="bca4480f-b535-f2eb-22cf-546b94d38fd7" testName="ImageManagement" computerName="JOSEJA-PC" duration="00:00:00.1793009" startTime="2012-12-03T12:18:37.3398741+01:00" endTime="2012-12-03T12:18:37.5244444+01:00" testType="13cdc9d9-ddb5-4fa4-a97d-d965ccfc6d4b" outcome="Failed" testListId="8c84fa94-04c1-424b-9868-57a2d4851a1d" relativeResultsDirectory="c2ac6f42-5dfc-40ee-bfd8-907e43fa6353">
      <Output>
        <StdOut>Given a ImageManagement Mock
-&gt; done: ImageManagementSteps.GivenAImageManagementMock() (0,0s)
And setting up the retun value of GetHour method to 12
-&gt; done: ImageManagementSteps.GivenSettingUpTheRetunValueOfGetHourMethodTo(12) (0,0s)
When get the image for time of day
-&gt; done: ImageManagementSteps.WhenGetTheImageForTimeOfDay() (0,1s)
Then the result image should be "moon.jpg"
-&gt; error: Assert.AreEqual failed. Expected:&lt;moon.jpg&gt;. Actual:&lt;sun.jpg&gt;.</StdOut>
        <ErrorInfo>
          <Message>Assert.AreEqual failed. Expected:&lt;moon.jpg&gt;. Actual:&lt;sun.jpg&gt;. </Message>
          <StackTrace>   at MSTest_specflow_example_Test.ImageManagementSteps.ThenTheResultImageShouldBe(String expected) in C:\Users\Joseja\Dropbox\Master\2012-2013\Pruebas unitarias\MSTest-tests-example-resultados\MSTest-tests-example\MSTest-specflow-example-Test\ImageManagementSteps.cs:line 37
   at lambda_method(Closure , IContextManager , String )
   at TechTalk.SpecFlow.Bindings.BindingInvoker.InvokeBinding(IBinding binding, IContextManager contextManager, Object[] arguments, ITestTracer testTracer, TimeSpan&amp; duration)
   at TechTalk.SpecFlow.Infrastructure.TestExecutionEngine.ExecuteStepMatch(BindingMatch match, Object[] arguments)
   at TechTalk.SpecFlow.Infrastructure.TestExecutionEngine.ExecuteStep(StepInstance stepInstance)
   at TechTalk.SpecFlow.Infrastructure.TestExecutionEngine.OnAfterLastStep()
   at TechTalk.SpecFlow.TestRunner.CollectScenarioErrors()
   at MSTest_specflow_example_Test.ImageManagementFeature.ScenarioCleanup() in C:\Users\Joseja\Dropbox\Master\2012-2013\Pruebas unitarias\MSTest-tests-example-resultados\MSTest-tests-example\MSTest-specflow-example-Test\ImageManagement.feature.cs:line 0
   at MSTest_specflow_example_Test.ImageManagementFeature.ImageManagement() in c:\Users\Joseja\Dropbox\Master\2012-2013\Pruebas unitarias\MSTest-tests-example-resultados\MSTest-tests-example\MSTest-specflow-example-Test\ImageManagement.feature:line 11
</StackTrace>
        </ErrorInfo>
      </Output>
    </UnitTestResult>
    <UnitTestResult executionId="e4fb86f0-17e9-4f66-9b51-ff7d6f733b2b" testId="cbf4f7bb-712c-8412-028b-97b22c8be11b" testName="GetImageForTimeOfDayTest_2Metodo" computerName="JOSEJA-PC" duration="00:00:00.1698401" startTime="2012-12-03T12:18:37.5371397+01:00" endTime="2012-12-03T12:18:37.7148741+01:00" testType="13cdc9d9-ddb5-4fa4-a97d-d965ccfc6d4b" outcome="Passed" testListId="8c84fa94-04c1-424b-9868-57a2d4851a1d" relativeResultsDirectory="e4fb86f0-17e9-4f66-9b51-ff7d6f733b2b">
    </UnitTestResult>
    <UnitTestResult executionId="f2085ef6-e460-4a48-9ca1-f8fa43b37989" testId="e345d26f-c145-058f-8f36-a824ab18e12e" testName="GetImageForTimeOfDayTest" computerName="JOSEJA-PC" duration="00:00:00.0205554" startTime="2012-12-03T12:18:37.7217100+01:00" endTime="2012-12-03T12:18:37.7480772+01:00" testType="13cdc9d9-ddb5-4fa4-a97d-d965ccfc6d4b" outcome="Passed" testListId="8c84fa94-04c1-424b-9868-57a2d4851a1d" relativeResultsDirectory="f2085ef6-e460-4a48-9ca1-f8fa43b37989">
    </UnitTestResult>
  </Results>
</TestRun>