<?xml version="1.0" encoding="UTF-8"?>
<TestRun id="fa5566f0-5f0d-4f90-85b5-6ed5930a0596" name="Joseja@PORTATIL-JOSEJA 2012-11-23 11:25:40" runUser="Portatil-Joseja\Joseja" xmlns="http://microsoft.com/schemas/VisualStudio/TeamTest/2010">
  <TestSettings name="Local" id="79033013-3fa5-43d1-b157-ecaec7a63c00">
    <Description>These are default test settings for a local test run.</Description>
    <Deployment enabled="false" runDeploymentRoot="Joseja_PORTATIL-JOSEJA 2012-11-23 11_25_40">
      <DeploymentItem filename="D:\My Dropbox\Master\2012-2013\Pruebas unitarias\MSTest-tests-example-resultados\MSTest-tests-example\MSTest-tests-example\bin\Debug\MSTest-tests-example.dll" />
      <DeploymentItem filename="D:\My Dropbox\Master\2012-2013\Pruebas unitarias\MSTest-tests-example-resultados\MSTest-tests-example\packages\Moq.4.0.10827\lib\NET40\Moq.dll" />
    </Deployment>
    <Execution>
      <TestTypeSpecific />
      <AgentRule name="Execution Agents">
      </AgentRule>
    </Execution>
  </TestSettings>
  <Times creation="2012-11-23T11:25:40.1714867+01:00" queuing="2012-11-23T11:25:40.2182867+01:00" start="2012-11-23T11:25:40.2494868+01:00" finish="2012-11-23T11:25:41.0138881+01:00" />
  <ResultSummary outcome="Failed">
    <Counters total="2" executed="2" passed="1" error="0" failed="1" timeout="0" aborted="0" inconclusive="0" passedButRunAborted="0" notRunnable="0" notExecuted="0" disconnected="0" warning="0" completed="0" inProgress="0" pending="0" />
  </ResultSummary>
  <TestDefinitions>
    <UnitTest name="GetImageForTimeOfDayTest" storage="d:\my dropbox\master\2012-2013\pruebas unitarias\mstest-tests-example-resultados\mstest-tests-example\testproject1\bin\debug\testproject1.dll" id="e345d26f-c145-058f-8f36-a824ab18e12e">
      <Execution id="932a0a39-598d-4819-96f0-2fbdfe4b22aa" />
      <TestMethod codeBase="D:/My Dropbox/Master/2012-2013/Pruebas unitarias/MSTest-tests-example-resultados/MSTest-tests-example/TestProject1/bin/Debug/TestProject1.DLL" adapterTypeName="Microsoft.VisualStudio.TestTools.TestTypes.Unit.UnitTestAdapter, Microsoft.VisualStudio.QualityTools.Tips.UnitTest.Adapter, Version=10.0.0.0, Culture=neutral, PublicKeyToken=b03f5f7f11d50a3a" className="TestProject1.ImageManagementTest, TestProject1, Version=1.0.0.0, Culture=neutral, PublicKeyToken=null" name="GetImageForTimeOfDayTest" />
    </UnitTest>
    <UnitTest name="IsValidPasswordTest" storage="d:\my dropbox\master\2012-2013\pruebas unitarias\mstest-tests-example-resultados\mstest-tests-example\testproject1\bin\debug\testproject1.dll" id="aa063b67-59cf-d993-101d-37aca83b2793">
      <DeploymentItems>
        <DeploymentItem filename="MSTest-tests-example.dll" />
      </DeploymentItems>
      <Execution id="f60ea801-739a-4c33-a967-340ba88a9b40" />
      <TestMethod codeBase="D:/My Dropbox/Master/2012-2013/Pruebas unitarias/MSTest-tests-example-resultados/MSTest-tests-example/TestProject1/bin/Debug/TestProject1.DLL" adapterTypeName="Microsoft.VisualStudio.TestTools.TestTypes.Unit.UnitTestAdapter, Microsoft.VisualStudio.QualityTools.Tips.UnitTest.Adapter, Version=10.0.0.0, Culture=neutral, PublicKeyToken=b03f5f7f11d50a3a" className="TestProject1.LogonInfoTest, TestProject1, Version=1.0.0.0, Culture=neutral, PublicKeyToken=null" name="IsValidPasswordTest" />
    </UnitTest>
  </TestDefinitions>
  <TestLists>
    <TestList name="Results Not in a List" id="8c84fa94-04c1-424b-9868-57a2d4851a1d" />
    <TestList name="All Loaded Results" id="19431567-8539-422a-85d7-44ee4e166bda" />
  </TestLists>
  <TestEntries>
    <TestEntry testId="aa063b67-59cf-d993-101d-37aca83b2793" executionId="f60ea801-739a-4c33-a967-340ba88a9b40" testListId="8c84fa94-04c1-424b-9868-57a2d4851a1d" />
    <TestEntry testId="e345d26f-c145-058f-8f36-a824ab18e12e" executionId="932a0a39-598d-4819-96f0-2fbdfe4b22aa" testListId="8c84fa94-04c1-424b-9868-57a2d4851a1d" />
  </TestEntries>
  <Results>
    <UnitTestResult executionId="f60ea801-739a-4c33-a967-340ba88a9b40" testId="aa063b67-59cf-d993-101d-37aca83b2793" testName="IsValidPasswordTest" computerName="PORTATIL-JOSEJA" duration="00:00:00.0511757" startTime="2012-11-23T11:25:40.2962869+01:00" endTime="2012-11-23T11:25:40.6706875+01:00" testType="13cdc9d9-ddb5-4fa4-a97d-d965ccfc6d4b" outcome="Failed" testListId="8c84fa94-04c1-424b-9868-57a2d4851a1d" relativeResultsDirectory="f60ea801-739a-4c33-a967-340ba88a9b40">
      <Output>
        <ErrorInfo>
          <Message>Assert.AreEqual failed. Expected:&lt;False&gt;. Actual:&lt;True&gt;. </Message>
          <StackTrace>   en TestProject1.LogonInfoTest.IsValidPasswordTest() en D:\My Dropbox\Master\2012-2013\Pruebas unitarias\MSTest-tests-example-resultados\MSTest-tests-example\TestProject1\LogonInfoTest.cs:línea 83
</StackTrace>
        </ErrorInfo>
      </Output>
    </UnitTestResult>
    <UnitTestResult executionId="932a0a39-598d-4819-96f0-2fbdfe4b22aa" testId="e345d26f-c145-058f-8f36-a824ab18e12e" testName="GetImageForTimeOfDayTest" computerName="PORTATIL-JOSEJA" duration="00:00:00.2371134" startTime="2012-11-23T11:25:40.7174876+01:00" endTime="2012-11-23T11:25:40.9670880+01:00" testType="13cdc9d9-ddb5-4fa4-a97d-d965ccfc6d4b" outcome="Passed" testListId="8c84fa94-04c1-424b-9868-57a2d4851a1d" relativeResultsDirectory="932a0a39-598d-4819-96f0-2fbdfe4b22aa">
    </UnitTestResult>
  </Results>
</TestRun>