<?xml version="1.0" encoding="UTF-8"?>
<TestRun id="2daf3817-f9ba-4a53-8ed2-e5cccc73047c" name="EPS@clL26-14 2013-11-20 18:52:56" runUser="clL26-14\EPS" xmlns="http://microsoft.com/schemas/VisualStudio/TeamTest/2010">
  <TestSettings name="Local" id="21b3f13a-1a3c-444b-811b-e3a6a1dbe648">
    <Description>Esta es la configuración de pruebas predeterminada para una ejecución de pruebas local.</Description>
    <Deployment enabled="false" runDeploymentRoot="EPS_clL26-14 2013-11-20 18_52_56">
      <DeploymentItem filename="c:\documents and settings\eps\mis documentos\visual studio 2010\Projects\ProyectoDePrueba\ProyectoDePrueba\TriangleDetector.dll" />
    </Deployment>
    <Execution>
      <TestTypeSpecific />
      <AgentRule name="Execution Agents">
      </AgentRule>
    </Execution>
  </TestSettings>
  <Times creation="2013-11-20T18:52:56.3988210+01:00" queuing="2013-11-20T18:52:56.4456960+01:00" start="2013-11-20T18:52:56.4613210+01:00" finish="2013-11-20T18:52:56.8050710+01:00" />
  <ResultSummary outcome="Failed">
    <Counters total="10" executed="10" passed="3" error="0" failed="7" timeout="0" aborted="0" inconclusive="0" passedButRunAborted="0" notRunnable="0" notExecuted="0" disconnected="0" warning="0" completed="0" inProgress="0" pending="0" />
  </ResultSummary>
  <TestDefinitions>
    <UnitTest name="Prueba_EsTriangulo2" storage="c:\documents and settings\eps\mis documentos\visual studio 2010\projects\proyectodeprueba\proyectodeprueba\bin\debug\proyectodeprueba.dll" id="34972ed4-99e4-a8d0-f13e-5cae23953a2e">
      <Execution id="8f22ed9d-aeba-4a8f-9606-2bf8b5cd202a" />
      <TestMethod codeBase="c:/documents and settings/eps/mis documentos/visual studio 2010/Projects/ProyectoDePrueba/ProyectoDePrueba/bin/Debug/ProyectoDePrueba.DLL" adapterTypeName="Microsoft.VisualStudio.TestTools.TestTypes.Unit.UnitTestAdapter, Microsoft.VisualStudio.QualityTools.Tips.UnitTest.Adapter, Version=10.0.0.0, Culture=neutral, PublicKeyToken=b03f5f7f11d50a3a" className="ProyectoDePrueba.Prueba_TriangleDetector, ProyectoDePrueba, Version=1.0.0.0, Culture=neutral, PublicKeyToken=null" name="Prueba_EsTriangulo2" />
    </UnitTest>
    <UnitTest name="Prueba_EsTriangulo1" storage="c:\documents and settings\eps\mis documentos\visual studio 2010\projects\proyectodeprueba\proyectodeprueba\bin\debug\proyectodeprueba.dll" id="e33cb571-710e-a9a4-e08d-609aa7048877">
      <Execution id="1554f221-d51b-4029-b447-4175eea7395c" />
      <TestMethod codeBase="c:/documents and settings/eps/mis documentos/visual studio 2010/Projects/ProyectoDePrueba/ProyectoDePrueba/bin/Debug/ProyectoDePrueba.DLL" adapterTypeName="Microsoft.VisualStudio.TestTools.TestTypes.Unit.UnitTestAdapter, Microsoft.VisualStudio.QualityTools.Tips.UnitTest.Adapter, Version=10.0.0.0, Culture=neutral, PublicKeyToken=b03f5f7f11d50a3a" className="ProyectoDePrueba.Prueba_TriangleDetector, ProyectoDePrueba, Version=1.0.0.0, Culture=neutral, PublicKeyToken=null" name="Prueba_EsTriangulo1" />
    </UnitTest>
    <UnitTest name="Prueba_EsTriangulo5" storage="c:\documents and settings\eps\mis documentos\visual studio 2010\projects\proyectodeprueba\proyectodeprueba\bin\debug\proyectodeprueba.dll" id="1857a141-fc60-2354-3193-9e8d48781fa3">
      <Execution id="36ccca96-418f-421a-8640-463d76dbec76" />
      <TestMethod codeBase="c:/documents and settings/eps/mis documentos/visual studio 2010/Projects/ProyectoDePrueba/ProyectoDePrueba/bin/Debug/ProyectoDePrueba.DLL" adapterTypeName="Microsoft.VisualStudio.TestTools.TestTypes.Unit.UnitTestAdapter, Microsoft.VisualStudio.QualityTools.Tips.UnitTest.Adapter, Version=10.0.0.0, Culture=neutral, PublicKeyToken=b03f5f7f11d50a3a" className="ProyectoDePrueba.Prueba_TriangleDetector, ProyectoDePrueba, Version=1.0.0.0, Culture=neutral, PublicKeyToken=null" name="Prueba_EsTriangulo5" />
    </UnitTest>
    <UnitTest name="Prueba_EsTriangulo8" storage="c:\documents and settings\eps\mis documentos\visual studio 2010\projects\proyectodeprueba\proyectodeprueba\bin\debug\proyectodeprueba.dll" id="3d32e5c4-d528-5687-dd54-7a0baa27db3c">
      <Execution id="2b048578-58e0-4287-acce-5c715c98e56b" />
      <TestMethod codeBase="c:/documents and settings/eps/mis documentos/visual studio 2010/Projects/ProyectoDePrueba/ProyectoDePrueba/bin/Debug/ProyectoDePrueba.DLL" adapterTypeName="Microsoft.VisualStudio.TestTools.TestTypes.Unit.UnitTestAdapter, Microsoft.VisualStudio.QualityTools.Tips.UnitTest.Adapter, Version=10.0.0.0, Culture=neutral, PublicKeyToken=b03f5f7f11d50a3a" className="ProyectoDePrueba.Prueba_TriangleDetector, ProyectoDePrueba, Version=1.0.0.0, Culture=neutral, PublicKeyToken=null" name="Prueba_EsTriangulo8" />
    </UnitTest>
    <UnitTest name="Prueba_EsTriangulo3" storage="c:\documents and settings\eps\mis documentos\visual studio 2010\projects\proyectodeprueba\proyectodeprueba\bin\debug\proyectodeprueba.dll" id="3836f357-7d08-b934-e50d-16e5bc3dc884">
      <Execution id="640db8c9-4f18-4564-acaa-41b9feae75c5" />
      <TestMethod codeBase="c:/documents and settings/eps/mis documentos/visual studio 2010/Projects/ProyectoDePrueba/ProyectoDePrueba/bin/Debug/ProyectoDePrueba.DLL" adapterTypeName="Microsoft.VisualStudio.TestTools.TestTypes.Unit.UnitTestAdapter, Microsoft.VisualStudio.QualityTools.Tips.UnitTest.Adapter, Version=10.0.0.0, Culture=neutral, PublicKeyToken=b03f5f7f11d50a3a" className="ProyectoDePrueba.Prueba_TriangleDetector, ProyectoDePrueba, Version=1.0.0.0, Culture=neutral, PublicKeyToken=null" name="Prueba_EsTriangulo3" />
    </UnitTest>
    <UnitTest name="Prueba_EsTriangulo4" storage="c:\documents and settings\eps\mis documentos\visual studio 2010\projects\proyectodeprueba\proyectodeprueba\bin\debug\proyectodeprueba.dll" id="cf23e9dd-309e-92fe-c3c9-c080354d22b2">
      <Execution id="ffdee650-55c7-4a77-ae3f-abd762413259" />
      <TestMethod codeBase="c:/documents and settings/eps/mis documentos/visual studio 2010/Projects/ProyectoDePrueba/ProyectoDePrueba/bin/Debug/ProyectoDePrueba.DLL" adapterTypeName="Microsoft.VisualStudio.TestTools.TestTypes.Unit.UnitTestAdapter, Microsoft.VisualStudio.QualityTools.Tips.UnitTest.Adapter, Version=10.0.0.0, Culture=neutral, PublicKeyToken=b03f5f7f11d50a3a" className="ProyectoDePrueba.Prueba_TriangleDetector, ProyectoDePrueba, Version=1.0.0.0, Culture=neutral, PublicKeyToken=null" name="Prueba_EsTriangulo4" />
    </UnitTest>
    <UnitTest name="Prueba_EsTriangulo7" storage="c:\documents and settings\eps\mis documentos\visual studio 2010\projects\proyectodeprueba\proyectodeprueba\bin\debug\proyectodeprueba.dll" id="ec6c3088-5cb3-a09e-5734-84e2dbf76e39">
      <Execution id="30718693-484c-4fce-b4d4-572d17fa48a5" />
      <TestMethod codeBase="c:/documents and settings/eps/mis documentos/visual studio 2010/Projects/ProyectoDePrueba/ProyectoDePrueba/bin/Debug/ProyectoDePrueba.DLL" adapterTypeName="Microsoft.VisualStudio.TestTools.TestTypes.Unit.UnitTestAdapter, Microsoft.VisualStudio.QualityTools.Tips.UnitTest.Adapter, Version=10.0.0.0, Culture=neutral, PublicKeyToken=b03f5f7f11d50a3a" className="ProyectoDePrueba.Prueba_TriangleDetector, ProyectoDePrueba, Version=1.0.0.0, Culture=neutral, PublicKeyToken=null" name="Prueba_EsTriangulo7" />
    </UnitTest>
    <UnitTest name="Prueba_EsTriangulo10" storage="c:\documents and settings\eps\mis documentos\visual studio 2010\projects\proyectodeprueba\proyectodeprueba\bin\debug\proyectodeprueba.dll" id="7b43bc24-c25d-a421-9bda-93ea43cd1afd">
      <Execution id="3d621da3-33dd-4ba1-b8c9-d66bd3d504d1" />
      <TestMethod codeBase="c:/documents and settings/eps/mis documentos/visual studio 2010/Projects/ProyectoDePrueba/ProyectoDePrueba/bin/Debug/ProyectoDePrueba.DLL" adapterTypeName="Microsoft.VisualStudio.TestTools.TestTypes.Unit.UnitTestAdapter, Microsoft.VisualStudio.QualityTools.Tips.UnitTest.Adapter, Version=10.0.0.0, Culture=neutral, PublicKeyToken=b03f5f7f11d50a3a" className="ProyectoDePrueba.Prueba_TriangleDetector, ProyectoDePrueba, Version=1.0.0.0, Culture=neutral, PublicKeyToken=null" name="Prueba_EsTriangulo10" />
    </UnitTest>
    <UnitTest name="Prueba_EsTriangulo9" storage="c:\documents and settings\eps\mis documentos\visual studio 2010\projects\proyectodeprueba\proyectodeprueba\bin\debug\proyectodeprueba.dll" id="00d60cb3-a64c-e946-fe5a-47a170a64d4c">
      <Execution id="c5ade17e-d65a-4dd9-8cc9-c5a6eade0af2" />
      <TestMethod codeBase="c:/documents and settings/eps/mis documentos/visual studio 2010/Projects/ProyectoDePrueba/ProyectoDePrueba/bin/Debug/ProyectoDePrueba.DLL" adapterTypeName="Microsoft.VisualStudio.TestTools.TestTypes.Unit.UnitTestAdapter, Microsoft.VisualStudio.QualityTools.Tips.UnitTest.Adapter, Version=10.0.0.0, Culture=neutral, PublicKeyToken=b03f5f7f11d50a3a" className="ProyectoDePrueba.Prueba_TriangleDetector, ProyectoDePrueba, Version=1.0.0.0, Culture=neutral, PublicKeyToken=null" name="Prueba_EsTriangulo9" />
    </UnitTest>
    <UnitTest name="Prueba_EsTriangulo6" storage="c:\documents and settings\eps\mis documentos\visual studio 2010\projects\proyectodeprueba\proyectodeprueba\bin\debug\proyectodeprueba.dll" id="0b92605c-28a2-2e0e-f941-64236c63aa4a">
      <Execution id="707d145c-47a1-4cde-b7a1-95d432eaad70" />
      <TestMethod codeBase="c:/documents and settings/eps/mis documentos/visual studio 2010/Projects/ProyectoDePrueba/ProyectoDePrueba/bin/Debug/ProyectoDePrueba.DLL" adapterTypeName="Microsoft.VisualStudio.TestTools.TestTypes.Unit.UnitTestAdapter, Microsoft.VisualStudio.QualityTools.Tips.UnitTest.Adapter, Version=10.0.0.0, Culture=neutral, PublicKeyToken=b03f5f7f11d50a3a" className="ProyectoDePrueba.Prueba_TriangleDetector, ProyectoDePrueba, Version=1.0.0.0, Culture=neutral, PublicKeyToken=null" name="Prueba_EsTriangulo6" />
    </UnitTest>
  </TestDefinitions>
  <TestLists>
    <TestList name="Resultados que no están en la lista" id="8c84fa94-04c1-424b-9868-57a2d4851a1d" />
    <TestList name="Todos los resultados cargados" id="19431567-8539-422a-85d7-44ee4e166bda" />
  </TestLists>
  <TestEntries>
    <TestEntry testId="00d60cb3-a64c-e946-fe5a-47a170a64d4c" executionId="c5ade17e-d65a-4dd9-8cc9-c5a6eade0af2" testListId="8c84fa94-04c1-424b-9868-57a2d4851a1d" />
    <TestEntry testId="0b92605c-28a2-2e0e-f941-64236c63aa4a" executionId="707d145c-47a1-4cde-b7a1-95d432eaad70" testListId="8c84fa94-04c1-424b-9868-57a2d4851a1d" />
    <TestEntry testId="1857a141-fc60-2354-3193-9e8d48781fa3" executionId="36ccca96-418f-421a-8640-463d76dbec76" testListId="8c84fa94-04c1-424b-9868-57a2d4851a1d" />
    <TestEntry testId="34972ed4-99e4-a8d0-f13e-5cae23953a2e" executionId="8f22ed9d-aeba-4a8f-9606-2bf8b5cd202a" testListId="8c84fa94-04c1-424b-9868-57a2d4851a1d" />
    <TestEntry testId="3836f357-7d08-b934-e50d-16e5bc3dc884" executionId="640db8c9-4f18-4564-acaa-41b9feae75c5" testListId="8c84fa94-04c1-424b-9868-57a2d4851a1d" />
    <TestEntry testId="3d32e5c4-d528-5687-dd54-7a0baa27db3c" executionId="2b048578-58e0-4287-acce-5c715c98e56b" testListId="8c84fa94-04c1-424b-9868-57a2d4851a1d" />
    <TestEntry testId="7b43bc24-c25d-a421-9bda-93ea43cd1afd" executionId="3d621da3-33dd-4ba1-b8c9-d66bd3d504d1" testListId="8c84fa94-04c1-424b-9868-57a2d4851a1d" />
    <TestEntry testId="cf23e9dd-309e-92fe-c3c9-c080354d22b2" executionId="ffdee650-55c7-4a77-ae3f-abd762413259" testListId="8c84fa94-04c1-424b-9868-57a2d4851a1d" />
    <TestEntry testId="e33cb571-710e-a9a4-e08d-609aa7048877" executionId="1554f221-d51b-4029-b447-4175eea7395c" testListId="8c84fa94-04c1-424b-9868-57a2d4851a1d" />
    <TestEntry testId="ec6c3088-5cb3-a09e-5734-84e2dbf76e39" executionId="30718693-484c-4fce-b4d4-572d17fa48a5" testListId="8c84fa94-04c1-424b-9868-57a2d4851a1d" />
  </TestEntries>
  <Results>
    <UnitTestResult executionId="c5ade17e-d65a-4dd9-8cc9-c5a6eade0af2" testId="00d60cb3-a64c-e946-fe5a-47a170a64d4c" testName="Prueba_EsTriangulo9" computerName="clL26-14" duration="00:00:00.0289789" startTime="2013-11-20T18:52:56.4613210+01:00" endTime="2013-11-20T18:52:56.7425710+01:00" testType="13cdc9d9-ddb5-4fa4-a97d-d965ccfc6d4b" outcome="Failed" testListId="8c84fa94-04c1-424b-9868-57a2d4851a1d" relativeResultsDirectory="c5ade17e-d65a-4dd9-8cc9-c5a6eade0af2">
      <Output>
        <ErrorInfo>
          <Message>Error de Assert.AreEqual. Se esperaba &lt;escaleno&gt;, pero es &lt;isosceles&gt;. </Message>
          <StackTrace>   en ProyectoDePrueba.Prueba_TriangleDetector.Prueba_EsTriangulo9() en c:\documents and settings\eps\mis documentos\visual studio 2010\Projects\ProyectoDePrueba\ProyectoDePrueba\Prueba_TriangleDetector.cs:línea 271
</StackTrace>
        </ErrorInfo>
      </Output>
    </UnitTestResult>
    <UnitTestResult executionId="707d145c-47a1-4cde-b7a1-95d432eaad70" testId="0b92605c-28a2-2e0e-f941-64236c63aa4a" testName="Prueba_EsTriangulo6" computerName="clL26-14" duration="00:00:00.0037372" startTime="2013-11-20T18:52:56.7425710+01:00" endTime="2013-11-20T18:52:56.7581960+01:00" testType="13cdc9d9-ddb5-4fa4-a97d-d965ccfc6d4b" outcome="Passed" testListId="8c84fa94-04c1-424b-9868-57a2d4851a1d" relativeResultsDirectory="707d145c-47a1-4cde-b7a1-95d432eaad70">
    </UnitTestResult>
    <UnitTestResult executionId="36ccca96-418f-421a-8640-463d76dbec76" testId="1857a141-fc60-2354-3193-9e8d48781fa3" testName="Prueba_EsTriangulo5" computerName="clL26-14" duration="00:00:00.0011366" startTime="2013-11-20T18:52:56.7581960+01:00" endTime="2013-11-20T18:52:56.7581960+01:00" testType="13cdc9d9-ddb5-4fa4-a97d-d965ccfc6d4b" outcome="Failed" testListId="8c84fa94-04c1-424b-9868-57a2d4851a1d" relativeResultsDirectory="36ccca96-418f-421a-8640-463d76dbec76">
      <Output>
        <ErrorInfo>
          <Message>Error de Assert.AreEqual. Se esperaba &lt;isosceles&gt;, pero es &lt;escaleno&gt;. </Message>
          <StackTrace>   en ProyectoDePrueba.Prueba_TriangleDetector.Prueba_EsTriangulo5() en c:\documents and settings\eps\mis documentos\visual studio 2010\Projects\ProyectoDePrueba\ProyectoDePrueba\Prueba_TriangleDetector.cs:línea 163
</StackTrace>
        </ErrorInfo>
      </Output>
    </UnitTestResult>
    <UnitTestResult executionId="8f22ed9d-aeba-4a8f-9606-2bf8b5cd202a" testId="34972ed4-99e4-a8d0-f13e-5cae23953a2e" testName="Prueba_EsTriangulo2" computerName="clL26-14" duration="00:00:00.0039322" startTime="2013-11-20T18:52:56.7581960+01:00" endTime="2013-11-20T18:52:56.7581960+01:00" testType="13cdc9d9-ddb5-4fa4-a97d-d965ccfc6d4b" outcome="Failed" testListId="8c84fa94-04c1-424b-9868-57a2d4851a1d" relativeResultsDirectory="8f22ed9d-aeba-4a8f-9606-2bf8b5cd202a">
      <Output>
        <ErrorInfo>
          <Message>Error de Assert.AreEqual. Se esperaba &lt;equilatero&gt;, pero es &lt;escaleno&gt;. </Message>
          <StackTrace>   en ProyectoDePrueba.Prueba_TriangleDetector.Prueba_EsTriangulo2() en c:\documents and settings\eps\mis documentos\visual studio 2010\Projects\ProyectoDePrueba\ProyectoDePrueba\Prueba_TriangleDetector.cs:línea 81
</StackTrace>
        </ErrorInfo>
      </Output>
    </UnitTestResult>
    <UnitTestResult executionId="640db8c9-4f18-4564-acaa-41b9feae75c5" testId="3836f357-7d08-b934-e50d-16e5bc3dc884" testName="Prueba_EsTriangulo3" computerName="clL26-14" duration="00:00:00.0010341" startTime="2013-11-20T18:52:56.7581960+01:00" endTime="2013-11-20T18:52:56.7738210+01:00" testType="13cdc9d9-ddb5-4fa4-a97d-d965ccfc6d4b" outcome="Failed" testListId="8c84fa94-04c1-424b-9868-57a2d4851a1d" relativeResultsDirectory="640db8c9-4f18-4564-acaa-41b9feae75c5">
      <Output>
        <ErrorInfo>
          <Message>Error de Assert.AreEqual. Se esperaba &lt;equilatero&gt;, pero es &lt;isosceles&gt;. </Message>
          <StackTrace>   en ProyectoDePrueba.Prueba_TriangleDetector.Prueba_EsTriangulo3() en c:\documents and settings\eps\mis documentos\visual studio 2010\Projects\ProyectoDePrueba\ProyectoDePrueba\Prueba_TriangleDetector.cs:línea 107
</StackTrace>
        </ErrorInfo>
      </Output>
    </UnitTestResult>
    <UnitTestResult executionId="2b048578-58e0-4287-acce-5c715c98e56b" testId="3d32e5c4-d528-5687-dd54-7a0baa27db3c" testName="Prueba_EsTriangulo8" computerName="clL26-14" duration="00:00:00.0001480" startTime="2013-11-20T18:52:56.7738210+01:00" endTime="2013-11-20T18:52:56.7738210+01:00" testType="13cdc9d9-ddb5-4fa4-a97d-d965ccfc6d4b" outcome="Passed" testListId="8c84fa94-04c1-424b-9868-57a2d4851a1d" relativeResultsDirectory="2b048578-58e0-4287-acce-5c715c98e56b">
    </UnitTestResult>
    <UnitTestResult executionId="3d621da3-33dd-4ba1-b8c9-d66bd3d504d1" testId="7b43bc24-c25d-a421-9bda-93ea43cd1afd" testName="Prueba_EsTriangulo10" computerName="clL26-14" duration="00:00:00.0034828" startTime="2013-11-20T18:52:56.7738210+01:00" endTime="2013-11-20T18:52:56.7738210+01:00" testType="13cdc9d9-ddb5-4fa4-a97d-d965ccfc6d4b" outcome="Failed" testListId="8c84fa94-04c1-424b-9868-57a2d4851a1d" relativeResultsDirectory="3d621da3-33dd-4ba1-b8c9-d66bd3d504d1">
      <Output>
        <ErrorInfo>
          <Message>El método de prueba ProyectoDePrueba.Prueba_TriangleDetector.Prueba_EsTriangulo10 inició la excepción System.Exception, pero se esperaba la excepción System.ArgumentException. Mensaje de la excepción: System.Exception: No es triangulo</Message>
          <StackTrace>    en TriangleDetector.TriangleValidator.EsTriangulo(Int32 lado1, Int32 lado2, Int32 lado3)
   en ProyectoDePrueba.Prueba_TriangleDetector.Prueba_EsTriangulo10() en c:\documents and settings\eps\mis documentos\visual studio 2010\Projects\ProyectoDePrueba\ProyectoDePrueba\Prueba_TriangleDetector.cs:línea 292
</StackTrace>
        </ErrorInfo>
      </Output>
    </UnitTestResult>
    <UnitTestResult executionId="ffdee650-55c7-4a77-ae3f-abd762413259" testId="cf23e9dd-309e-92fe-c3c9-c080354d22b2" testName="Prueba_EsTriangulo4" computerName="clL26-14" duration="00:00:00.0012152" startTime="2013-11-20T18:52:56.7738210+01:00" endTime="2013-11-20T18:52:56.7738210+01:00" testType="13cdc9d9-ddb5-4fa4-a97d-d965ccfc6d4b" outcome="Failed" testListId="8c84fa94-04c1-424b-9868-57a2d4851a1d" relativeResultsDirectory="ffdee650-55c7-4a77-ae3f-abd762413259">
      <Output>
        <ErrorInfo>
          <Message>Error de Assert.AreEqual. Se esperaba &lt;isosceles&gt;, pero es &lt;equilatero&gt;. </Message>
          <StackTrace>   en ProyectoDePrueba.Prueba_TriangleDetector.Prueba_EsTriangulo4() en c:\documents and settings\eps\mis documentos\visual studio 2010\Projects\ProyectoDePrueba\ProyectoDePrueba\Prueba_TriangleDetector.cs:línea 135
</StackTrace>
        </ErrorInfo>
      </Output>
    </UnitTestResult>
    <UnitTestResult executionId="1554f221-d51b-4029-b447-4175eea7395c" testId="e33cb571-710e-a9a4-e08d-609aa7048877" testName="Prueba_EsTriangulo1" computerName="clL26-14" duration="00:00:00.0006306" startTime="2013-11-20T18:52:56.7738210+01:00" endTime="2013-11-20T18:52:56.7894460+01:00" testType="13cdc9d9-ddb5-4fa4-a97d-d965ccfc6d4b" outcome="Passed" testListId="8c84fa94-04c1-424b-9868-57a2d4851a1d" relativeResultsDirectory="1554f221-d51b-4029-b447-4175eea7395c">
    </UnitTestResult>
    <UnitTestResult executionId="30718693-484c-4fce-b4d4-572d17fa48a5" testId="ec6c3088-5cb3-a09e-5734-84e2dbf76e39" testName="Prueba_EsTriangulo7" computerName="clL26-14" duration="00:00:00.0025373" startTime="2013-11-20T18:52:56.7894460+01:00" endTime="2013-11-20T18:52:56.7894460+01:00" testType="13cdc9d9-ddb5-4fa4-a97d-d965ccfc6d4b" outcome="Failed" testListId="8c84fa94-04c1-424b-9868-57a2d4851a1d" relativeResultsDirectory="30718693-484c-4fce-b4d4-572d17fa48a5">
      <Output>
        <ErrorInfo>
          <Message>Error de Assert.AreEqual. Se esperaba &lt;escaleno&gt;, pero es &lt;equilatero&gt;. </Message>
          <StackTrace>   en ProyectoDePrueba.Prueba_TriangleDetector.Prueba_EsTriangulo7() en c:\documents and settings\eps\mis documentos\visual studio 2010\Projects\ProyectoDePrueba\ProyectoDePrueba\Prueba_TriangleDetector.cs:línea 217
</StackTrace>
        </ErrorInfo>
      </Output>
    </UnitTestResult>
  </Results>
</TestRun>