<?xml version="1.0" encoding="UTF-8"?>
<TestRun id="051ba50a-3e48-46d3-acfb-6674a566e890" name="EPS@clL26-14 2013-11-20 17:57:53" runUser="clL26-14\EPS" xmlns="http://microsoft.com/schemas/VisualStudio/TeamTest/2010">
  <TestSettings name="Local" id="21b3f13a-1a3c-444b-811b-e3a6a1dbe648">
    <Description>Esta es la configuración de pruebas predeterminada para una ejecución de pruebas local.</Description>
    <Deployment enabled="false" runDeploymentRoot="EPS_clL26-14 2013-11-20 17_57_53">
      <DeploymentItem filename="c:\documents and settings\eps\mis documentos\visual studio 2010\Projects\ProyectoDePrueba\ProyectoDePrueba\TriangleDetector.dll" />
    </Deployment>
    <Execution>
      <TestTypeSpecific />
      <AgentRule name="Execution Agents">
      </AgentRule>
    </Execution>
  </TestSettings>
  <Times creation="2013-11-20T17:57:53.7738210+01:00" queuing="2013-11-20T17:57:55.1488210+01:00" start="2013-11-20T17:57:55.2269460+01:00" finish="2013-11-20T17:57:55.7894460+01:00" />
  <ResultSummary outcome="Failed">
    <Counters total="9" executed="9" passed="3" error="0" failed="6" timeout="0" aborted="0" inconclusive="0" passedButRunAborted="0" notRunnable="0" notExecuted="0" disconnected="0" warning="0" completed="0" inProgress="0" pending="0" />
  </ResultSummary>
  <TestDefinitions>
    <UnitTest name="Prueba_EsTriangulo2" storage="c:\documents and settings\eps\mis documentos\visual studio 2010\projects\proyectodeprueba\proyectodeprueba\bin\debug\proyectodeprueba.dll" id="34972ed4-99e4-a8d0-f13e-5cae23953a2e">
      <Execution id="cf20e28f-7ae1-4bed-bc1b-e262b4adee69" />
      <TestMethod codeBase="c:/documents and settings/eps/mis documentos/visual studio 2010/Projects/ProyectoDePrueba/ProyectoDePrueba/bin/Debug/ProyectoDePrueba.DLL" adapterTypeName="Microsoft.VisualStudio.TestTools.TestTypes.Unit.UnitTestAdapter, Microsoft.VisualStudio.QualityTools.Tips.UnitTest.Adapter, Version=10.0.0.0, Culture=neutral, PublicKeyToken=b03f5f7f11d50a3a" className="ProyectoDePrueba.Prueba_TriangleDetector, ProyectoDePrueba, Version=1.0.0.0, Culture=neutral, PublicKeyToken=null" name="Prueba_EsTriangulo2" />
    </UnitTest>
    <UnitTest name="Prueba_EsTriangulo1" storage="c:\documents and settings\eps\mis documentos\visual studio 2010\projects\proyectodeprueba\proyectodeprueba\bin\debug\proyectodeprueba.dll" id="e33cb571-710e-a9a4-e08d-609aa7048877">
      <Execution id="0d56079c-b26e-4eb7-8415-979f040aa9c4" />
      <TestMethod codeBase="c:/documents and settings/eps/mis documentos/visual studio 2010/Projects/ProyectoDePrueba/ProyectoDePrueba/bin/Debug/ProyectoDePrueba.DLL" adapterTypeName="Microsoft.VisualStudio.TestTools.TestTypes.Unit.UnitTestAdapter, Microsoft.VisualStudio.QualityTools.Tips.UnitTest.Adapter, Version=10.0.0.0, Culture=neutral, PublicKeyToken=b03f5f7f11d50a3a" className="ProyectoDePrueba.Prueba_TriangleDetector, ProyectoDePrueba, Version=1.0.0.0, Culture=neutral, PublicKeyToken=null" name="Prueba_EsTriangulo1" />
    </UnitTest>
    <UnitTest name="Prueba_EsTriangulo5" storage="c:\documents and settings\eps\mis documentos\visual studio 2010\projects\proyectodeprueba\proyectodeprueba\bin\debug\proyectodeprueba.dll" id="1857a141-fc60-2354-3193-9e8d48781fa3">
      <Execution id="21b9af4c-ae6e-4fac-b589-1e6290ec1757" />
      <TestMethod codeBase="c:/documents and settings/eps/mis documentos/visual studio 2010/Projects/ProyectoDePrueba/ProyectoDePrueba/bin/Debug/ProyectoDePrueba.DLL" adapterTypeName="Microsoft.VisualStudio.TestTools.TestTypes.Unit.UnitTestAdapter, Microsoft.VisualStudio.QualityTools.Tips.UnitTest.Adapter, Version=10.0.0.0, Culture=neutral, PublicKeyToken=b03f5f7f11d50a3a" className="ProyectoDePrueba.Prueba_TriangleDetector, ProyectoDePrueba, Version=1.0.0.0, Culture=neutral, PublicKeyToken=null" name="Prueba_EsTriangulo5" />
    </UnitTest>
    <UnitTest name="Prueba_EsTriangulo8" storage="c:\documents and settings\eps\mis documentos\visual studio 2010\projects\proyectodeprueba\proyectodeprueba\bin\debug\proyectodeprueba.dll" id="3d32e5c4-d528-5687-dd54-7a0baa27db3c">
      <Execution id="81bfb477-1aa7-4c2b-88b2-fea3ead41498" />
      <TestMethod codeBase="c:/documents and settings/eps/mis documentos/visual studio 2010/Projects/ProyectoDePrueba/ProyectoDePrueba/bin/Debug/ProyectoDePrueba.DLL" adapterTypeName="Microsoft.VisualStudio.TestTools.TestTypes.Unit.UnitTestAdapter, Microsoft.VisualStudio.QualityTools.Tips.UnitTest.Adapter, Version=10.0.0.0, Culture=neutral, PublicKeyToken=b03f5f7f11d50a3a" className="ProyectoDePrueba.Prueba_TriangleDetector, ProyectoDePrueba, Version=1.0.0.0, Culture=neutral, PublicKeyToken=null" name="Prueba_EsTriangulo8" />
    </UnitTest>
    <UnitTest name="Prueba_EsTriangulo3" storage="c:\documents and settings\eps\mis documentos\visual studio 2010\projects\proyectodeprueba\proyectodeprueba\bin\debug\proyectodeprueba.dll" id="3836f357-7d08-b934-e50d-16e5bc3dc884">
      <Execution id="174dba68-e380-4652-ba63-abd24994172e" />
      <TestMethod codeBase="c:/documents and settings/eps/mis documentos/visual studio 2010/Projects/ProyectoDePrueba/ProyectoDePrueba/bin/Debug/ProyectoDePrueba.DLL" adapterTypeName="Microsoft.VisualStudio.TestTools.TestTypes.Unit.UnitTestAdapter, Microsoft.VisualStudio.QualityTools.Tips.UnitTest.Adapter, Version=10.0.0.0, Culture=neutral, PublicKeyToken=b03f5f7f11d50a3a" className="ProyectoDePrueba.Prueba_TriangleDetector, ProyectoDePrueba, Version=1.0.0.0, Culture=neutral, PublicKeyToken=null" name="Prueba_EsTriangulo3" />
    </UnitTest>
    <UnitTest name="Prueba_EsTriangulo4" storage="c:\documents and settings\eps\mis documentos\visual studio 2010\projects\proyectodeprueba\proyectodeprueba\bin\debug\proyectodeprueba.dll" id="cf23e9dd-309e-92fe-c3c9-c080354d22b2">
      <Execution id="96a830d5-f435-44dd-87f1-8ca424d5ee20" />
      <TestMethod codeBase="c:/documents and settings/eps/mis documentos/visual studio 2010/Projects/ProyectoDePrueba/ProyectoDePrueba/bin/Debug/ProyectoDePrueba.DLL" adapterTypeName="Microsoft.VisualStudio.TestTools.TestTypes.Unit.UnitTestAdapter, Microsoft.VisualStudio.QualityTools.Tips.UnitTest.Adapter, Version=10.0.0.0, Culture=neutral, PublicKeyToken=b03f5f7f11d50a3a" className="ProyectoDePrueba.Prueba_TriangleDetector, ProyectoDePrueba, Version=1.0.0.0, Culture=neutral, PublicKeyToken=null" name="Prueba_EsTriangulo4" />
    </UnitTest>
    <UnitTest name="Prueba_EsTriangulo7" storage="c:\documents and settings\eps\mis documentos\visual studio 2010\projects\proyectodeprueba\proyectodeprueba\bin\debug\proyectodeprueba.dll" id="ec6c3088-5cb3-a09e-5734-84e2dbf76e39">
      <Execution id="e1a9ee91-7375-4bbf-99b0-68c2e67c08ba" />
      <TestMethod codeBase="c:/documents and settings/eps/mis documentos/visual studio 2010/Projects/ProyectoDePrueba/ProyectoDePrueba/bin/Debug/ProyectoDePrueba.DLL" adapterTypeName="Microsoft.VisualStudio.TestTools.TestTypes.Unit.UnitTestAdapter, Microsoft.VisualStudio.QualityTools.Tips.UnitTest.Adapter, Version=10.0.0.0, Culture=neutral, PublicKeyToken=b03f5f7f11d50a3a" className="ProyectoDePrueba.Prueba_TriangleDetector, ProyectoDePrueba, Version=1.0.0.0, Culture=neutral, PublicKeyToken=null" name="Prueba_EsTriangulo7" />
    </UnitTest>
    <UnitTest name="Prueba_EsTriangulo9" storage="c:\documents and settings\eps\mis documentos\visual studio 2010\projects\proyectodeprueba\proyectodeprueba\bin\debug\proyectodeprueba.dll" id="00d60cb3-a64c-e946-fe5a-47a170a64d4c">
      <Execution id="a563c353-a7be-49b2-a949-3800d2d917d1" />
      <TestMethod codeBase="c:/documents and settings/eps/mis documentos/visual studio 2010/Projects/ProyectoDePrueba/ProyectoDePrueba/bin/Debug/ProyectoDePrueba.DLL" adapterTypeName="Microsoft.VisualStudio.TestTools.TestTypes.Unit.UnitTestAdapter, Microsoft.VisualStudio.QualityTools.Tips.UnitTest.Adapter, Version=10.0.0.0, Culture=neutral, PublicKeyToken=b03f5f7f11d50a3a" className="ProyectoDePrueba.Prueba_TriangleDetector, ProyectoDePrueba, Version=1.0.0.0, Culture=neutral, PublicKeyToken=null" name="Prueba_EsTriangulo9" />
    </UnitTest>
    <UnitTest name="Prueba_EsTriangulo6" storage="c:\documents and settings\eps\mis documentos\visual studio 2010\projects\proyectodeprueba\proyectodeprueba\bin\debug\proyectodeprueba.dll" id="0b92605c-28a2-2e0e-f941-64236c63aa4a">
      <Execution id="b59a661e-feb5-4ccc-9543-a78385b7f3e4" />
      <TestMethod codeBase="c:/documents and settings/eps/mis documentos/visual studio 2010/Projects/ProyectoDePrueba/ProyectoDePrueba/bin/Debug/ProyectoDePrueba.DLL" adapterTypeName="Microsoft.VisualStudio.TestTools.TestTypes.Unit.UnitTestAdapter, Microsoft.VisualStudio.QualityTools.Tips.UnitTest.Adapter, Version=10.0.0.0, Culture=neutral, PublicKeyToken=b03f5f7f11d50a3a" className="ProyectoDePrueba.Prueba_TriangleDetector, ProyectoDePrueba, Version=1.0.0.0, Culture=neutral, PublicKeyToken=null" name="Prueba_EsTriangulo6" />
    </UnitTest>
  </TestDefinitions>
  <TestLists>
    <TestList name="Resultados que no están en la lista" id="8c84fa94-04c1-424b-9868-57a2d4851a1d" />
    <TestList name="Todos los resultados cargados" id="19431567-8539-422a-85d7-44ee4e166bda" />
  </TestLists>
  <TestEntries>
    <TestEntry testId="00d60cb3-a64c-e946-fe5a-47a170a64d4c" executionId="a563c353-a7be-49b2-a949-3800d2d917d1" testListId="8c84fa94-04c1-424b-9868-57a2d4851a1d" />
    <TestEntry testId="0b92605c-28a2-2e0e-f941-64236c63aa4a" executionId="b59a661e-feb5-4ccc-9543-a78385b7f3e4" testListId="8c84fa94-04c1-424b-9868-57a2d4851a1d" />
    <TestEntry testId="1857a141-fc60-2354-3193-9e8d48781fa3" executionId="21b9af4c-ae6e-4fac-b589-1e6290ec1757" testListId="8c84fa94-04c1-424b-9868-57a2d4851a1d" />
    <TestEntry testId="34972ed4-99e4-a8d0-f13e-5cae23953a2e" executionId="cf20e28f-7ae1-4bed-bc1b-e262b4adee69" testListId="8c84fa94-04c1-424b-9868-57a2d4851a1d" />
    <TestEntry testId="3836f357-7d08-b934-e50d-16e5bc3dc884" executionId="174dba68-e380-4652-ba63-abd24994172e" testListId="8c84fa94-04c1-424b-9868-57a2d4851a1d" />
    <TestEntry testId="3d32e5c4-d528-5687-dd54-7a0baa27db3c" executionId="81bfb477-1aa7-4c2b-88b2-fea3ead41498" testListId="8c84fa94-04c1-424b-9868-57a2d4851a1d" />
    <TestEntry testId="cf23e9dd-309e-92fe-c3c9-c080354d22b2" executionId="96a830d5-f435-44dd-87f1-8ca424d5ee20" testListId="8c84fa94-04c1-424b-9868-57a2d4851a1d" />
    <TestEntry testId="e33cb571-710e-a9a4-e08d-609aa7048877" executionId="0d56079c-b26e-4eb7-8415-979f040aa9c4" testListId="8c84fa94-04c1-424b-9868-57a2d4851a1d" />
    <TestEntry testId="ec6c3088-5cb3-a09e-5734-84e2dbf76e39" executionId="e1a9ee91-7375-4bbf-99b0-68c2e67c08ba" testListId="8c84fa94-04c1-424b-9868-57a2d4851a1d" />
  </TestEntries>
  <Results>
    <UnitTestResult executionId="a563c353-a7be-49b2-a949-3800d2d917d1" testId="00d60cb3-a64c-e946-fe5a-47a170a64d4c" testName="Prueba_EsTriangulo9" computerName="clL26-14" duration="00:00:00.1283577" startTime="2013-11-20T17:57:55.3206960+01:00" endTime="2013-11-20T17:57:55.7113210+01:00" testType="13cdc9d9-ddb5-4fa4-a97d-d965ccfc6d4b" outcome="Failed" testListId="8c84fa94-04c1-424b-9868-57a2d4851a1d" relativeResultsDirectory="a563c353-a7be-49b2-a949-3800d2d917d1">
      <Output>
        <ErrorInfo>
          <Message>Error de Assert.AreEqual. Se esperaba &lt;escaleno&gt;, pero es &lt;isosceles&gt;. </Message>
          <StackTrace>   en ProyectoDePrueba.Prueba_TriangleDetector.Prueba_EsTriangulo9() en c:\documents and settings\eps\mis documentos\visual studio 2010\Projects\ProyectoDePrueba\ProyectoDePrueba\Prueba_TriangleDetector.cs:línea 255
</StackTrace>
        </ErrorInfo>
      </Output>
    </UnitTestResult>
    <UnitTestResult executionId="b59a661e-feb5-4ccc-9543-a78385b7f3e4" testId="0b92605c-28a2-2e0e-f941-64236c63aa4a" testName="Prueba_EsTriangulo6" computerName="clL26-14" duration="00:00:00.0001956" startTime="2013-11-20T17:57:55.7269460+01:00" endTime="2013-11-20T17:57:55.7269460+01:00" testType="13cdc9d9-ddb5-4fa4-a97d-d965ccfc6d4b" outcome="Passed" testListId="8c84fa94-04c1-424b-9868-57a2d4851a1d" relativeResultsDirectory="b59a661e-feb5-4ccc-9543-a78385b7f3e4">
    </UnitTestResult>
    <UnitTestResult executionId="21b9af4c-ae6e-4fac-b589-1e6290ec1757" testId="1857a141-fc60-2354-3193-9e8d48781fa3" testName="Prueba_EsTriangulo5" computerName="clL26-14" duration="00:00:00.0013259" startTime="2013-11-20T17:57:55.7269460+01:00" endTime="2013-11-20T17:57:55.7269460+01:00" testType="13cdc9d9-ddb5-4fa4-a97d-d965ccfc6d4b" outcome="Failed" testListId="8c84fa94-04c1-424b-9868-57a2d4851a1d" relativeResultsDirectory="21b9af4c-ae6e-4fac-b589-1e6290ec1757">
      <Output>
        <ErrorInfo>
          <Message>Error de Assert.AreEqual. Se esperaba &lt;isosceles&gt;, pero es &lt;escaleno&gt;. </Message>
          <StackTrace>   en ProyectoDePrueba.Prueba_TriangleDetector.Prueba_EsTriangulo5() en c:\documents and settings\eps\mis documentos\visual studio 2010\Projects\ProyectoDePrueba\ProyectoDePrueba\Prueba_TriangleDetector.cs:línea 147
</StackTrace>
        </ErrorInfo>
      </Output>
    </UnitTestResult>
    <UnitTestResult executionId="cf20e28f-7ae1-4bed-bc1b-e262b4adee69" testId="34972ed4-99e4-a8d0-f13e-5cae23953a2e" testName="Prueba_EsTriangulo2" computerName="clL26-14" duration="00:00:00.0015495" startTime="2013-11-20T17:57:55.7269460+01:00" endTime="2013-11-20T17:57:55.7425710+01:00" testType="13cdc9d9-ddb5-4fa4-a97d-d965ccfc6d4b" outcome="Failed" testListId="8c84fa94-04c1-424b-9868-57a2d4851a1d" relativeResultsDirectory="cf20e28f-7ae1-4bed-bc1b-e262b4adee69">
      <Output>
        <ErrorInfo>
          <Message>Error de Assert.AreEqual. Se esperaba &lt;equilatero&gt;, pero es &lt;escaleno&gt;. </Message>
          <StackTrace>   en ProyectoDePrueba.Prueba_TriangleDetector.Prueba_EsTriangulo2() en c:\documents and settings\eps\mis documentos\visual studio 2010\Projects\ProyectoDePrueba\ProyectoDePrueba\Prueba_TriangleDetector.cs:línea 65
</StackTrace>
        </ErrorInfo>
      </Output>
    </UnitTestResult>
    <UnitTestResult executionId="174dba68-e380-4652-ba63-abd24994172e" testId="3836f357-7d08-b934-e50d-16e5bc3dc884" testName="Prueba_EsTriangulo3" computerName="clL26-14" duration="00:00:00.0011863" startTime="2013-11-20T17:57:55.7425710+01:00" endTime="2013-11-20T17:57:55.7425710+01:00" testType="13cdc9d9-ddb5-4fa4-a97d-d965ccfc6d4b" outcome="Failed" testListId="8c84fa94-04c1-424b-9868-57a2d4851a1d" relativeResultsDirectory="174dba68-e380-4652-ba63-abd24994172e">
      <Output>
        <ErrorInfo>
          <Message>Error de Assert.AreEqual. Se esperaba &lt;equilatero&gt;, pero es &lt;isosceles&gt;. </Message>
          <StackTrace>   en ProyectoDePrueba.Prueba_TriangleDetector.Prueba_EsTriangulo3() en c:\documents and settings\eps\mis documentos\visual studio 2010\Projects\ProyectoDePrueba\ProyectoDePrueba\Prueba_TriangleDetector.cs:línea 91
</StackTrace>
        </ErrorInfo>
      </Output>
    </UnitTestResult>
    <UnitTestResult executionId="81bfb477-1aa7-4c2b-88b2-fea3ead41498" testId="3d32e5c4-d528-5687-dd54-7a0baa27db3c" testName="Prueba_EsTriangulo8" computerName="clL26-14" duration="00:00:00.0002051" startTime="2013-11-20T17:57:55.7425710+01:00" endTime="2013-11-20T17:57:55.7425710+01:00" testType="13cdc9d9-ddb5-4fa4-a97d-d965ccfc6d4b" outcome="Passed" testListId="8c84fa94-04c1-424b-9868-57a2d4851a1d" relativeResultsDirectory="81bfb477-1aa7-4c2b-88b2-fea3ead41498">
    </UnitTestResult>
    <UnitTestResult executionId="96a830d5-f435-44dd-87f1-8ca424d5ee20" testId="cf23e9dd-309e-92fe-c3c9-c080354d22b2" testName="Prueba_EsTriangulo4" computerName="clL26-14" duration="00:00:00.0012073" startTime="2013-11-20T17:57:55.7581960+01:00" endTime="2013-11-20T17:57:55.7581960+01:00" testType="13cdc9d9-ddb5-4fa4-a97d-d965ccfc6d4b" outcome="Failed" testListId="8c84fa94-04c1-424b-9868-57a2d4851a1d" relativeResultsDirectory="96a830d5-f435-44dd-87f1-8ca424d5ee20">
      <Output>
        <ErrorInfo>
          <Message>Error de Assert.AreEqual. Se esperaba &lt;isosceles&gt;, pero es &lt;equilatero&gt;. </Message>
          <StackTrace>   en ProyectoDePrueba.Prueba_TriangleDetector.Prueba_EsTriangulo4() en c:\documents and settings\eps\mis documentos\visual studio 2010\Projects\ProyectoDePrueba\ProyectoDePrueba\Prueba_TriangleDetector.cs:línea 119
</StackTrace>
        </ErrorInfo>
      </Output>
    </UnitTestResult>
    <UnitTestResult executionId="0d56079c-b26e-4eb7-8415-979f040aa9c4" testId="e33cb571-710e-a9a4-e08d-609aa7048877" testName="Prueba_EsTriangulo1" computerName="clL26-14" duration="00:00:00.0001713" startTime="2013-11-20T17:57:55.7581960+01:00" endTime="2013-11-20T17:57:55.7581960+01:00" testType="13cdc9d9-ddb5-4fa4-a97d-d965ccfc6d4b" outcome="Passed" testListId="8c84fa94-04c1-424b-9868-57a2d4851a1d" relativeResultsDirectory="0d56079c-b26e-4eb7-8415-979f040aa9c4">
    </UnitTestResult>
    <UnitTestResult executionId="e1a9ee91-7375-4bbf-99b0-68c2e67c08ba" testId="ec6c3088-5cb3-a09e-5734-84e2dbf76e39" testName="Prueba_EsTriangulo7" computerName="clL26-14" duration="00:00:00.0013318" startTime="2013-11-20T17:57:55.7581960+01:00" endTime="2013-11-20T17:57:55.7581960+01:00" testType="13cdc9d9-ddb5-4fa4-a97d-d965ccfc6d4b" outcome="Failed" testListId="8c84fa94-04c1-424b-9868-57a2d4851a1d" relativeResultsDirectory="e1a9ee91-7375-4bbf-99b0-68c2e67c08ba">
      <Output>
        <ErrorInfo>
          <Message>Error de Assert.AreEqual. Se esperaba &lt;escaleno&gt;, pero es &lt;equilatero&gt;. </Message>
          <StackTrace>   en ProyectoDePrueba.Prueba_TriangleDetector.Prueba_EsTriangulo7() en c:\documents and settings\eps\mis documentos\visual studio 2010\Projects\ProyectoDePrueba\ProyectoDePrueba\Prueba_TriangleDetector.cs:línea 201
</StackTrace>
        </ErrorInfo>
      </Output>
    </UnitTestResult>
  </Results>
</TestRun>