<?xml version="1.0" encoding="UTF-8"?>
<TestRun id="adc5a54b-0b5d-4e21-95be-1b247874ea4c" name="EPS@clL04A-9 2013-12-04 11:36:35" runUser="clL04A-9\EPS" xmlns="http://microsoft.com/schemas/VisualStudio/TeamTest/2010">
  <TestSettings name="Local" id="21b3f13a-1a3c-444b-811b-e3a6a1dbe648">
    <Description>Esta es la configuración de pruebas predeterminada para una ejecución de pruebas local.</Description>
    <Deployment enabled="false" runDeploymentRoot="EPS_clL04A-9 2013-12-04 11_36_35">
      <DeploymentItem filename="E:\Master\PCC - Puebas de control y desarrollo\VS2010 - MSTest\ProyectoDePruebaDeCajaNegra\ProyectoDePrueba\TriangleDetector.dll" />
      <DeploymentItem filename="E:\Master\PCC - Puebas de control y desarrollo\VS2010 - MSTest\ProyectoDePruebaDeCajaNegra\packages\NUnit.2.6.3\lib\nunit.framework.dll" />
      <DeploymentItem filename="E:\Master\PCC - Puebas de control y desarrollo\VS2010 - MSTest\ProyectoDePruebaDeCajaNegra\packages\SpecFlow.1.9.0\lib\net35\TechTalk.SpecFlow.dll" />
    </Deployment>
    <Execution>
      <TestTypeSpecific />
      <AgentRule name="Execution Agents">
      </AgentRule>
    </Execution>
  </TestSettings>
  <Times creation="2013-12-04T11:36:35.9062500+01:00" queuing="2013-12-04T11:36:36.2031250+01:00" start="2013-12-04T11:36:36.2343750+01:00" finish="2013-12-04T11:36:40.3906250+01:00" />
  <ResultSummary outcome="Failed">
    <Counters total="24" executed="24" passed="6" error="0" failed="18" timeout="0" aborted="0" inconclusive="0" passedButRunAborted="0" notRunnable="0" notExecuted="0" disconnected="0" warning="0" completed="0" inProgress="0" pending="0" />
  </ResultSummary>
  <TestDefinitions>
    <UnitTest name="SiLosLadosSonDiferentes" storage="e:\master\pcc - puebas de control y desarrollo\vs2010 - mstest\proyectodepruebadecajanegra\proyectodeprueba\bin\debug\proyectodeprueba.dll" id="10208aa5-00d8-d3ff-2c98-429f9be55ef4">
      <Description>si los lados son diferentes</Description>
      <Execution id="bc3cdd3e-6d44-4f7e-9f52-12c116df2259" />
      <Properties>
        <Property>
          <Key>FeatureTitle</Key>
          <Value>Triangle_detector</Value>
        </Property>
      </Properties>
      <TestMethod codeBase="E:/Master/PCC - Puebas de control y desarrollo/VS2010 - MSTest/ProyectoDePruebaDeCajaNegra/ProyectoDePrueba/bin/Debug/ProyectoDePrueba.DLL" adapterTypeName="Microsoft.VisualStudio.TestTools.TestTypes.Unit.UnitTestAdapter, Microsoft.VisualStudio.QualityTools.Tips.UnitTest.Adapter, Version=10.0.0.0, Culture=neutral, PublicKeyToken=b03f5f7f11d50a3a" className="ProyectoDePrueba.Triangle_DetectorFeature, ProyectoDePrueba, Version=1.0.0.0, Culture=neutral, PublicKeyToken=null" name="SiLosLadosSonDiferentes" />
    </UnitTest>
    <UnitTest name="Prueba_EsTriangulo4" storage="e:\master\pcc - puebas de control y desarrollo\vs2010 - mstest\proyectodepruebadecajanegra\proyectodeprueba\bin\debug\proyectodeprueba.dll" id="cf23e9dd-309e-92fe-c3c9-c080354d22b2">
      <Execution id="01edb936-6f28-4122-8e81-5d72e4fb8066" />
      <TestMethod codeBase="E:/Master/PCC - Puebas de control y desarrollo/VS2010 - MSTest/ProyectoDePruebaDeCajaNegra/ProyectoDePrueba/bin/Debug/ProyectoDePrueba.DLL" adapterTypeName="Microsoft.VisualStudio.TestTools.TestTypes.Unit.UnitTestAdapter, Microsoft.VisualStudio.QualityTools.Tips.UnitTest.Adapter, Version=10.0.0.0, Culture=neutral, PublicKeyToken=b03f5f7f11d50a3a" className="ProyectoDePrueba.Prueba_TriangleDetector, ProyectoDePrueba, Version=1.0.0.0, Culture=neutral, PublicKeyToken=null" name="Prueba_EsTriangulo4" />
    </UnitTest>
    <UnitTest name="Prueba_EsTriangulo15" storage="e:\master\pcc - puebas de control y desarrollo\vs2010 - mstest\proyectodepruebadecajanegra\proyectodeprueba\bin\debug\proyectodeprueba.dll" id="f57e65be-94e7-0b53-634c-d6035e3fc71c">
      <Execution id="f1074d17-3b0a-4001-8819-521e25469b5b" />
      <TestMethod codeBase="E:/Master/PCC - Puebas de control y desarrollo/VS2010 - MSTest/ProyectoDePruebaDeCajaNegra/ProyectoDePrueba/bin/Debug/ProyectoDePrueba.DLL" adapterTypeName="Microsoft.VisualStudio.TestTools.TestTypes.Unit.UnitTestAdapter, Microsoft.VisualStudio.QualityTools.Tips.UnitTest.Adapter, Version=10.0.0.0, Culture=neutral, PublicKeyToken=b03f5f7f11d50a3a" className="ProyectoDePrueba.Prueba_TriangleDetector, ProyectoDePrueba, Version=1.0.0.0, Culture=neutral, PublicKeyToken=null" name="Prueba_EsTriangulo15" />
    </UnitTest>
    <UnitTest name="SiSoloDosLadosSonNegativos" storage="e:\master\pcc - puebas de control y desarrollo\vs2010 - mstest\proyectodepruebadecajanegra\proyectodeprueba\bin\debug\proyectodeprueba.dll" id="0df197d2-a3f6-3d0b-b86d-a8cf76a266d0">
      <Description>si solo dos lados son negativos</Description>
      <Execution id="ff6ce783-ef2d-42f7-94b4-32dc8147da5f" />
      <Properties>
        <Property>
          <Key>FeatureTitle</Key>
          <Value>Triangle_detector</Value>
        </Property>
      </Properties>
      <TestMethod codeBase="E:/Master/PCC - Puebas de control y desarrollo/VS2010 - MSTest/ProyectoDePruebaDeCajaNegra/ProyectoDePrueba/bin/Debug/ProyectoDePrueba.DLL" adapterTypeName="Microsoft.VisualStudio.TestTools.TestTypes.Unit.UnitTestAdapter, Microsoft.VisualStudio.QualityTools.Tips.UnitTest.Adapter, Version=10.0.0.0, Culture=neutral, PublicKeyToken=b03f5f7f11d50a3a" className="ProyectoDePrueba.Triangle_DetectorFeature, ProyectoDePrueba, Version=1.0.0.0, Culture=neutral, PublicKeyToken=null" name="SiSoloDosLadosSonNegativos" />
    </UnitTest>
    <UnitTest name="SiDosDeSusLadosSonDiferentes" storage="e:\master\pcc - puebas de control y desarrollo\vs2010 - mstest\proyectodepruebadecajanegra\proyectodeprueba\bin\debug\proyectodeprueba.dll" id="079a6416-71d2-4ac9-d1fd-5e030811a3aa">
      <Description>si dos de sus lados son diferentes</Description>
      <Execution id="f9438622-3a75-408a-8db7-68666ba6ba9a" />
      <Properties>
        <Property>
          <Key>FeatureTitle</Key>
          <Value>Triangle_detector</Value>
        </Property>
      </Properties>
      <TestMethod codeBase="E:/Master/PCC - Puebas de control y desarrollo/VS2010 - MSTest/ProyectoDePruebaDeCajaNegra/ProyectoDePrueba/bin/Debug/ProyectoDePrueba.DLL" adapterTypeName="Microsoft.VisualStudio.TestTools.TestTypes.Unit.UnitTestAdapter, Microsoft.VisualStudio.QualityTools.Tips.UnitTest.Adapter, Version=10.0.0.0, Culture=neutral, PublicKeyToken=b03f5f7f11d50a3a" className="ProyectoDePrueba.Triangle_DetectorFeature, ProyectoDePrueba, Version=1.0.0.0, Culture=neutral, PublicKeyToken=null" name="SiDosDeSusLadosSonDiferentes" />
    </UnitTest>
    <UnitTest name="Prueba_EsTriangulo5" storage="e:\master\pcc - puebas de control y desarrollo\vs2010 - mstest\proyectodepruebadecajanegra\proyectodeprueba\bin\debug\proyectodeprueba.dll" id="1857a141-fc60-2354-3193-9e8d48781fa3">
      <Execution id="affe1b34-159d-4049-916c-ebb3adb9793b" />
      <TestMethod codeBase="E:/Master/PCC - Puebas de control y desarrollo/VS2010 - MSTest/ProyectoDePruebaDeCajaNegra/ProyectoDePrueba/bin/Debug/ProyectoDePrueba.DLL" adapterTypeName="Microsoft.VisualStudio.TestTools.TestTypes.Unit.UnitTestAdapter, Microsoft.VisualStudio.QualityTools.Tips.UnitTest.Adapter, Version=10.0.0.0, Culture=neutral, PublicKeyToken=b03f5f7f11d50a3a" className="ProyectoDePrueba.Prueba_TriangleDetector, ProyectoDePrueba, Version=1.0.0.0, Culture=neutral, PublicKeyToken=null" name="Prueba_EsTriangulo5" />
    </UnitTest>
    <UnitTest name="LadosInconclusos" storage="e:\master\pcc - puebas de control y desarrollo\vs2010 - mstest\proyectodepruebadecajanegra\proyectodeprueba\bin\debug\proyectodeprueba.dll" id="9ce18471-95b5-e985-01e9-6acec7ef9ef9">
      <Description>Lados inconclusos</Description>
      <Execution id="b90e8c5e-b74c-4dbb-9ad2-8e4774a74141" />
      <Properties>
        <Property>
          <Key>FeatureTitle</Key>
          <Value>Triangle_detector</Value>
        </Property>
      </Properties>
      <TestMethod codeBase="E:/Master/PCC - Puebas de control y desarrollo/VS2010 - MSTest/ProyectoDePruebaDeCajaNegra/ProyectoDePrueba/bin/Debug/ProyectoDePrueba.DLL" adapterTypeName="Microsoft.VisualStudio.TestTools.TestTypes.Unit.UnitTestAdapter, Microsoft.VisualStudio.QualityTools.Tips.UnitTest.Adapter, Version=10.0.0.0, Culture=neutral, PublicKeyToken=b03f5f7f11d50a3a" className="ProyectoDePrueba.Triangle_DetectorFeature, ProyectoDePrueba, Version=1.0.0.0, Culture=neutral, PublicKeyToken=null" name="LadosInconclusos" />
    </UnitTest>
    <UnitTest name="Prueba_EsTriangulo11" storage="e:\master\pcc - puebas de control y desarrollo\vs2010 - mstest\proyectodepruebadecajanegra\proyectodeprueba\bin\debug\proyectodeprueba.dll" id="e550d784-9477-315b-5b2a-a50f87ea5b93">
      <Execution id="28f608dd-0e74-4f54-a0ed-2b76f5f6e768" />
      <TestMethod codeBase="E:/Master/PCC - Puebas de control y desarrollo/VS2010 - MSTest/ProyectoDePruebaDeCajaNegra/ProyectoDePrueba/bin/Debug/ProyectoDePrueba.DLL" adapterTypeName="Microsoft.VisualStudio.TestTools.TestTypes.Unit.UnitTestAdapter, Microsoft.VisualStudio.QualityTools.Tips.UnitTest.Adapter, Version=10.0.0.0, Culture=neutral, PublicKeyToken=b03f5f7f11d50a3a" className="ProyectoDePrueba.Prueba_TriangleDetector, ProyectoDePrueba, Version=1.0.0.0, Culture=neutral, PublicKeyToken=null" name="Prueba_EsTriangulo11" />
    </UnitTest>
    <UnitTest name="SiLosLadosSonCero" storage="e:\master\pcc - puebas de control y desarrollo\vs2010 - mstest\proyectodepruebadecajanegra\proyectodeprueba\bin\debug\proyectodeprueba.dll" id="60ba6f03-0a08-54f1-e073-09a0aa3d13fe">
      <Description>si los lados son cero</Description>
      <Execution id="25a56f6f-4356-48b0-9c5e-f61f76afb04b" />
      <Properties>
        <Property>
          <Key>FeatureTitle</Key>
          <Value>Triangle_detector</Value>
        </Property>
      </Properties>
      <TestMethod codeBase="E:/Master/PCC - Puebas de control y desarrollo/VS2010 - MSTest/ProyectoDePruebaDeCajaNegra/ProyectoDePrueba/bin/Debug/ProyectoDePrueba.DLL" adapterTypeName="Microsoft.VisualStudio.TestTools.TestTypes.Unit.UnitTestAdapter, Microsoft.VisualStudio.QualityTools.Tips.UnitTest.Adapter, Version=10.0.0.0, Culture=neutral, PublicKeyToken=b03f5f7f11d50a3a" className="ProyectoDePrueba.Triangle_DetectorFeature, ProyectoDePrueba, Version=1.0.0.0, Culture=neutral, PublicKeyToken=null" name="SiLosLadosSonCero" />
    </UnitTest>
    <UnitTest name="Prueba_EsTriangulo14" storage="e:\master\pcc - puebas de control y desarrollo\vs2010 - mstest\proyectodepruebadecajanegra\proyectodeprueba\bin\debug\proyectodeprueba.dll" id="ef832253-a6a5-308d-4448-99447b717871">
      <Execution id="8d0deeca-abac-44d3-a80a-4e5fb3d2c37e" />
      <TestMethod codeBase="E:/Master/PCC - Puebas de control y desarrollo/VS2010 - MSTest/ProyectoDePruebaDeCajaNegra/ProyectoDePrueba/bin/Debug/ProyectoDePrueba.DLL" adapterTypeName="Microsoft.VisualStudio.TestTools.TestTypes.Unit.UnitTestAdapter, Microsoft.VisualStudio.QualityTools.Tips.UnitTest.Adapter, Version=10.0.0.0, Culture=neutral, PublicKeyToken=b03f5f7f11d50a3a" className="ProyectoDePrueba.Prueba_TriangleDetector, ProyectoDePrueba, Version=1.0.0.0, Culture=neutral, PublicKeyToken=null" name="Prueba_EsTriangulo14" />
    </UnitTest>
    <UnitTest name="Prueba_EsTriangulo12" storage="e:\master\pcc - puebas de control y desarrollo\vs2010 - mstest\proyectodepruebadecajanegra\proyectodeprueba\bin\debug\proyectodeprueba.dll" id="e6e26bed-50e2-cd0f-6f38-0db97e23cac4">
      <Execution id="e869b5ce-a872-4041-a459-b0fbf7be5173" />
      <TestMethod codeBase="E:/Master/PCC - Puebas de control y desarrollo/VS2010 - MSTest/ProyectoDePruebaDeCajaNegra/ProyectoDePrueba/bin/Debug/ProyectoDePrueba.DLL" adapterTypeName="Microsoft.VisualStudio.TestTools.TestTypes.Unit.UnitTestAdapter, Microsoft.VisualStudio.QualityTools.Tips.UnitTest.Adapter, Version=10.0.0.0, Culture=neutral, PublicKeyToken=b03f5f7f11d50a3a" className="ProyectoDePrueba.Prueba_TriangleDetector, ProyectoDePrueba, Version=1.0.0.0, Culture=neutral, PublicKeyToken=null" name="Prueba_EsTriangulo12" />
    </UnitTest>
    <UnitTest name="Prueba_EsTriangulo18" storage="e:\master\pcc - puebas de control y desarrollo\vs2010 - mstest\proyectodepruebadecajanegra\proyectodeprueba\bin\debug\proyectodeprueba.dll" id="2eadf1ee-cde2-e639-e9a8-0e1bc8aa5953">
      <Execution id="6e60ff18-f35e-4468-ac31-ac498a39f708" />
      <TestMethod codeBase="E:/Master/PCC - Puebas de control y desarrollo/VS2010 - MSTest/ProyectoDePruebaDeCajaNegra/ProyectoDePrueba/bin/Debug/ProyectoDePrueba.DLL" adapterTypeName="Microsoft.VisualStudio.TestTools.TestTypes.Unit.UnitTestAdapter, Microsoft.VisualStudio.QualityTools.Tips.UnitTest.Adapter, Version=10.0.0.0, Culture=neutral, PublicKeyToken=b03f5f7f11d50a3a" className="ProyectoDePrueba.Prueba_TriangleDetector, ProyectoDePrueba, Version=1.0.0.0, Culture=neutral, PublicKeyToken=null" name="Prueba_EsTriangulo18" />
    </UnitTest>
    <UnitTest name="Prueba_EsTriangulo16" storage="e:\master\pcc - puebas de control y desarrollo\vs2010 - mstest\proyectodepruebadecajanegra\proyectodeprueba\bin\debug\proyectodeprueba.dll" id="2b751b65-8961-5bac-8043-2e6e6adf1404">
      <Execution id="7eff052c-fb83-4609-9c67-0af358b626b8" />
      <TestMethod codeBase="E:/Master/PCC - Puebas de control y desarrollo/VS2010 - MSTest/ProyectoDePruebaDeCajaNegra/ProyectoDePrueba/bin/Debug/ProyectoDePrueba.DLL" adapterTypeName="Microsoft.VisualStudio.TestTools.TestTypes.Unit.UnitTestAdapter, Microsoft.VisualStudio.QualityTools.Tips.UnitTest.Adapter, Version=10.0.0.0, Culture=neutral, PublicKeyToken=b03f5f7f11d50a3a" className="ProyectoDePrueba.Prueba_TriangleDetector, ProyectoDePrueba, Version=1.0.0.0, Culture=neutral, PublicKeyToken=null" name="Prueba_EsTriangulo16" />
    </UnitTest>
    <UnitTest name="SiDosLadosSonNegativos" storage="e:\master\pcc - puebas de control y desarrollo\vs2010 - mstest\proyectodepruebadecajanegra\proyectodeprueba\bin\debug\proyectodeprueba.dll" id="0ee955cb-e569-7bbe-d0ca-defed9f3466f">
      <Description>si dos lados son negativos</Description>
      <Execution id="c1c2fe56-2c14-408d-8fce-4e3c1659d3f8" />
      <Properties>
        <Property>
          <Key>FeatureTitle</Key>
          <Value>Triangle_detector</Value>
        </Property>
      </Properties>
      <TestMethod codeBase="E:/Master/PCC - Puebas de control y desarrollo/VS2010 - MSTest/ProyectoDePruebaDeCajaNegra/ProyectoDePrueba/bin/Debug/ProyectoDePrueba.DLL" adapterTypeName="Microsoft.VisualStudio.TestTools.TestTypes.Unit.UnitTestAdapter, Microsoft.VisualStudio.QualityTools.Tips.UnitTest.Adapter, Version=10.0.0.0, Culture=neutral, PublicKeyToken=b03f5f7f11d50a3a" className="ProyectoDePrueba.Triangle_DetectorFeature, ProyectoDePrueba, Version=1.0.0.0, Culture=neutral, PublicKeyToken=null" name="SiDosLadosSonNegativos" />
    </UnitTest>
    <UnitTest name="Prueba_EsTriangulo10" storage="e:\master\pcc - puebas de control y desarrollo\vs2010 - mstest\proyectodepruebadecajanegra\proyectodeprueba\bin\debug\proyectodeprueba.dll" id="7b43bc24-c25d-a421-9bda-93ea43cd1afd">
      <Execution id="b4ce794e-5494-4b9c-bdaf-f184731fd240" />
      <TestMethod codeBase="E:/Master/PCC - Puebas de control y desarrollo/VS2010 - MSTest/ProyectoDePruebaDeCajaNegra/ProyectoDePrueba/bin/Debug/ProyectoDePrueba.DLL" adapterTypeName="Microsoft.VisualStudio.TestTools.TestTypes.Unit.UnitTestAdapter, Microsoft.VisualStudio.QualityTools.Tips.UnitTest.Adapter, Version=10.0.0.0, Culture=neutral, PublicKeyToken=b03f5f7f11d50a3a" className="ProyectoDePrueba.Prueba_TriangleDetector, ProyectoDePrueba, Version=1.0.0.0, Culture=neutral, PublicKeyToken=null" name="Prueba_EsTriangulo10" />
    </UnitTest>
    <UnitTest name="SiLosLadosSonIguales" storage="e:\master\pcc - puebas de control y desarrollo\vs2010 - mstest\proyectodepruebadecajanegra\proyectodeprueba\bin\debug\proyectodeprueba.dll" id="10a35410-3079-961b-5083-ed9ef4936f5f">
      <Description>si los lados son iguales</Description>
      <TestCategory>
        <TestCategoryItem TestCategory="mytag" />
      </TestCategory>
      <Execution id="62a489fd-38f7-42d9-9255-ea20f15f6cd3" />
      <Properties>
        <Property>
          <Key>FeatureTitle</Key>
          <Value>Triangle_detector</Value>
        </Property>
      </Properties>
      <TestMethod codeBase="E:/Master/PCC - Puebas de control y desarrollo/VS2010 - MSTest/ProyectoDePruebaDeCajaNegra/ProyectoDePrueba/bin/Debug/ProyectoDePrueba.DLL" adapterTypeName="Microsoft.VisualStudio.TestTools.TestTypes.Unit.UnitTestAdapter, Microsoft.VisualStudio.QualityTools.Tips.UnitTest.Adapter, Version=10.0.0.0, Culture=neutral, PublicKeyToken=b03f5f7f11d50a3a" className="ProyectoDePrueba.Triangle_DetectorFeature, ProyectoDePrueba, Version=1.0.0.0, Culture=neutral, PublicKeyToken=null" name="SiLosLadosSonIguales" />
    </UnitTest>
    <UnitTest name="SiTenemosDosLadosSonNegativos" storage="e:\master\pcc - puebas de control y desarrollo\vs2010 - mstest\proyectodepruebadecajanegra\proyectodeprueba\bin\debug\proyectodeprueba.dll" id="a8f72322-0320-9ea7-908f-b82c8f9286d9">
      <Description>si tenemos dos lados son negativos</Description>
      <Execution id="3a2d3a91-0990-4915-ae9b-975a1640ad96" />
      <Properties>
        <Property>
          <Key>FeatureTitle</Key>
          <Value>Triangle_detector</Value>
        </Property>
      </Properties>
      <TestMethod codeBase="E:/Master/PCC - Puebas de control y desarrollo/VS2010 - MSTest/ProyectoDePruebaDeCajaNegra/ProyectoDePrueba/bin/Debug/ProyectoDePrueba.DLL" adapterTypeName="Microsoft.VisualStudio.TestTools.TestTypes.Unit.UnitTestAdapter, Microsoft.VisualStudio.QualityTools.Tips.UnitTest.Adapter, Version=10.0.0.0, Culture=neutral, PublicKeyToken=b03f5f7f11d50a3a" className="ProyectoDePrueba.Triangle_DetectorFeature, ProyectoDePrueba, Version=1.0.0.0, Culture=neutral, PublicKeyToken=null" name="SiTenemosDosLadosSonNegativos" />
    </UnitTest>
    <UnitTest name="SiLosLadosSonNegativos" storage="e:\master\pcc - puebas de control y desarrollo\vs2010 - mstest\proyectodepruebadecajanegra\proyectodeprueba\bin\debug\proyectodeprueba.dll" id="e4e7bed6-6fff-dd03-b020-b5e5d49795b1">
      <Description>si los lados son negativos</Description>
      <Execution id="d8dc5b5a-eb31-44af-984c-7b0548a81a93" />
      <Properties>
        <Property>
          <Key>FeatureTitle</Key>
          <Value>Triangle_detector</Value>
        </Property>
      </Properties>
      <TestMethod codeBase="E:/Master/PCC - Puebas de control y desarrollo/VS2010 - MSTest/ProyectoDePruebaDeCajaNegra/ProyectoDePrueba/bin/Debug/ProyectoDePrueba.DLL" adapterTypeName="Microsoft.VisualStudio.TestTools.TestTypes.Unit.UnitTestAdapter, Microsoft.VisualStudio.QualityTools.Tips.UnitTest.Adapter, Version=10.0.0.0, Culture=neutral, PublicKeyToken=b03f5f7f11d50a3a" className="ProyectoDePrueba.Triangle_DetectorFeature, ProyectoDePrueba, Version=1.0.0.0, Culture=neutral, PublicKeyToken=null" name="SiLosLadosSonNegativos" />
    </UnitTest>
    <UnitTest name="Prueba_EsTriangulo13" storage="e:\master\pcc - puebas de control y desarrollo\vs2010 - mstest\proyectodepruebadecajanegra\proyectodeprueba\bin\debug\proyectodeprueba.dll" id="48f013ed-83ed-7a03-d949-9633da4c2f1f">
      <Execution id="c7b8dbd4-3b7e-4008-a10c-8c18d0d87a5b" />
      <TestMethod codeBase="E:/Master/PCC - Puebas de control y desarrollo/VS2010 - MSTest/ProyectoDePruebaDeCajaNegra/ProyectoDePrueba/bin/Debug/ProyectoDePrueba.DLL" adapterTypeName="Microsoft.VisualStudio.TestTools.TestTypes.Unit.UnitTestAdapter, Microsoft.VisualStudio.QualityTools.Tips.UnitTest.Adapter, Version=10.0.0.0, Culture=neutral, PublicKeyToken=b03f5f7f11d50a3a" className="ProyectoDePrueba.Prueba_TriangleDetector, ProyectoDePrueba, Version=1.0.0.0, Culture=neutral, PublicKeyToken=null" name="Prueba_EsTriangulo13" />
    </UnitTest>
    <UnitTest name="Prueba_EsTriangulo6" storage="e:\master\pcc - puebas de control y desarrollo\vs2010 - mstest\proyectodepruebadecajanegra\proyectodeprueba\bin\debug\proyectodeprueba.dll" id="0b92605c-28a2-2e0e-f941-64236c63aa4a">
      <Execution id="6204daa8-62ca-48f9-bf7e-ad2f2095288d" />
      <TestMethod codeBase="E:/Master/PCC - Puebas de control y desarrollo/VS2010 - MSTest/ProyectoDePruebaDeCajaNegra/ProyectoDePrueba/bin/Debug/ProyectoDePrueba.DLL" adapterTypeName="Microsoft.VisualStudio.TestTools.TestTypes.Unit.UnitTestAdapter, Microsoft.VisualStudio.QualityTools.Tips.UnitTest.Adapter, Version=10.0.0.0, Culture=neutral, PublicKeyToken=b03f5f7f11d50a3a" className="ProyectoDePrueba.Prueba_TriangleDetector, ProyectoDePrueba, Version=1.0.0.0, Culture=neutral, PublicKeyToken=null" name="Prueba_EsTriangulo6" />
    </UnitTest>
    <UnitTest name="SiTerceroLadosSonCero" storage="e:\master\pcc - puebas de control y desarrollo\vs2010 - mstest\proyectodepruebadecajanegra\proyectodeprueba\bin\debug\proyectodeprueba.dll" id="5f42256c-f495-ff50-743c-2d582deb12b3">
      <Description>si tercero lados son cero</Description>
      <Execution id="c72290e9-6499-46bd-b7d7-95c44b09e994" />
      <Properties>
        <Property>
          <Key>FeatureTitle</Key>
          <Value>Triangle_detector</Value>
        </Property>
      </Properties>
      <TestMethod codeBase="E:/Master/PCC - Puebas de control y desarrollo/VS2010 - MSTest/ProyectoDePruebaDeCajaNegra/ProyectoDePrueba/bin/Debug/ProyectoDePrueba.DLL" adapterTypeName="Microsoft.VisualStudio.TestTools.TestTypes.Unit.UnitTestAdapter, Microsoft.VisualStudio.QualityTools.Tips.UnitTest.Adapter, Version=10.0.0.0, Culture=neutral, PublicKeyToken=b03f5f7f11d50a3a" className="ProyectoDePrueba.Triangle_DetectorFeature, ProyectoDePrueba, Version=1.0.0.0, Culture=neutral, PublicKeyToken=null" name="SiTerceroLadosSonCero" />
    </UnitTest>
    <UnitTest name="SiPrimerLadosSonCero" storage="e:\master\pcc - puebas de control y desarrollo\vs2010 - mstest\proyectodepruebadecajanegra\proyectodeprueba\bin\debug\proyectodeprueba.dll" id="5f4098b0-ae70-0c38-73d5-3680aa6f5adc">
      <Description>si primer lados son cero</Description>
      <Execution id="2529103c-5495-41bc-8647-c3effe17fee7" />
      <Properties>
        <Property>
          <Key>FeatureTitle</Key>
          <Value>Triangle_detector</Value>
        </Property>
      </Properties>
      <TestMethod codeBase="E:/Master/PCC - Puebas de control y desarrollo/VS2010 - MSTest/ProyectoDePruebaDeCajaNegra/ProyectoDePrueba/bin/Debug/ProyectoDePrueba.DLL" adapterTypeName="Microsoft.VisualStudio.TestTools.TestTypes.Unit.UnitTestAdapter, Microsoft.VisualStudio.QualityTools.Tips.UnitTest.Adapter, Version=10.0.0.0, Culture=neutral, PublicKeyToken=b03f5f7f11d50a3a" className="ProyectoDePrueba.Triangle_DetectorFeature, ProyectoDePrueba, Version=1.0.0.0, Culture=neutral, PublicKeyToken=null" name="SiPrimerLadosSonCero" />
    </UnitTest>
    <UnitTest name="SiSegundoLadosSonCero" storage="e:\master\pcc - puebas de control y desarrollo\vs2010 - mstest\proyectodepruebadecajanegra\proyectodeprueba\bin\debug\proyectodeprueba.dll" id="327fdb4f-3500-3bd9-5e88-dcecc48fac8b">
      <Description>si segundo lados son cero</Description>
      <Execution id="5f0ba217-cd49-4fdb-951b-495e2de7831f" />
      <Properties>
        <Property>
          <Key>FeatureTitle</Key>
          <Value>Triangle_detector</Value>
        </Property>
      </Properties>
      <TestMethod codeBase="E:/Master/PCC - Puebas de control y desarrollo/VS2010 - MSTest/ProyectoDePruebaDeCajaNegra/ProyectoDePrueba/bin/Debug/ProyectoDePrueba.DLL" adapterTypeName="Microsoft.VisualStudio.TestTools.TestTypes.Unit.UnitTestAdapter, Microsoft.VisualStudio.QualityTools.Tips.UnitTest.Adapter, Version=10.0.0.0, Culture=neutral, PublicKeyToken=b03f5f7f11d50a3a" className="ProyectoDePrueba.Triangle_DetectorFeature, ProyectoDePrueba, Version=1.0.0.0, Culture=neutral, PublicKeyToken=null" name="SiSegundoLadosSonCero" />
    </UnitTest>
    <UnitTest name="Prueba_EsTriangulo17" storage="e:\master\pcc - puebas de control y desarrollo\vs2010 - mstest\proyectodepruebadecajanegra\proyectodeprueba\bin\debug\proyectodeprueba.dll" id="ccbc53bf-4918-2d9c-deb7-c7d41ee4b9f3">
      <Execution id="535aed74-ddc1-427b-8fc5-55a171c0c043" />
      <TestMethod codeBase="E:/Master/PCC - Puebas de control y desarrollo/VS2010 - MSTest/ProyectoDePruebaDeCajaNegra/ProyectoDePrueba/bin/Debug/ProyectoDePrueba.DLL" adapterTypeName="Microsoft.VisualStudio.TestTools.TestTypes.Unit.UnitTestAdapter, Microsoft.VisualStudio.QualityTools.Tips.UnitTest.Adapter, Version=10.0.0.0, Culture=neutral, PublicKeyToken=b03f5f7f11d50a3a" className="ProyectoDePrueba.Prueba_TriangleDetector, ProyectoDePrueba, Version=1.0.0.0, Culture=neutral, PublicKeyToken=null" name="Prueba_EsTriangulo17" />
    </UnitTest>
  </TestDefinitions>
  <TestLists>
    <TestList name="Resultados que no están en la lista" id="8c84fa94-04c1-424b-9868-57a2d4851a1d" />
    <TestList name="Todos los resultados cargados" id="19431567-8539-422a-85d7-44ee4e166bda" />
  </TestLists>
  <TestEntries>
    <TestEntry testId="079a6416-71d2-4ac9-d1fd-5e030811a3aa" executionId="f9438622-3a75-408a-8db7-68666ba6ba9a" testListId="8c84fa94-04c1-424b-9868-57a2d4851a1d" />
    <TestEntry testId="0b92605c-28a2-2e0e-f941-64236c63aa4a" executionId="6204daa8-62ca-48f9-bf7e-ad2f2095288d" testListId="8c84fa94-04c1-424b-9868-57a2d4851a1d" />
    <TestEntry testId="0df197d2-a3f6-3d0b-b86d-a8cf76a266d0" executionId="ff6ce783-ef2d-42f7-94b4-32dc8147da5f" testListId="8c84fa94-04c1-424b-9868-57a2d4851a1d" />
    <TestEntry testId="0ee955cb-e569-7bbe-d0ca-defed9f3466f" executionId="c1c2fe56-2c14-408d-8fce-4e3c1659d3f8" testListId="8c84fa94-04c1-424b-9868-57a2d4851a1d" />
    <TestEntry testId="10208aa5-00d8-d3ff-2c98-429f9be55ef4" executionId="bc3cdd3e-6d44-4f7e-9f52-12c116df2259" testListId="8c84fa94-04c1-424b-9868-57a2d4851a1d" />
    <TestEntry testId="10a35410-3079-961b-5083-ed9ef4936f5f" executionId="62a489fd-38f7-42d9-9255-ea20f15f6cd3" testListId="8c84fa94-04c1-424b-9868-57a2d4851a1d" />
    <TestEntry testId="1857a141-fc60-2354-3193-9e8d48781fa3" executionId="affe1b34-159d-4049-916c-ebb3adb9793b" testListId="8c84fa94-04c1-424b-9868-57a2d4851a1d" />
    <TestEntry testId="2b751b65-8961-5bac-8043-2e6e6adf1404" executionId="7eff052c-fb83-4609-9c67-0af358b626b8" testListId="8c84fa94-04c1-424b-9868-57a2d4851a1d" />
    <TestEntry testId="2eadf1ee-cde2-e639-e9a8-0e1bc8aa5953" executionId="6e60ff18-f35e-4468-ac31-ac498a39f708" testListId="8c84fa94-04c1-424b-9868-57a2d4851a1d" />
    <TestEntry testId="327fdb4f-3500-3bd9-5e88-dcecc48fac8b" executionId="5f0ba217-cd49-4fdb-951b-495e2de7831f" testListId="8c84fa94-04c1-424b-9868-57a2d4851a1d" />
    <TestEntry testId="48f013ed-83ed-7a03-d949-9633da4c2f1f" executionId="c7b8dbd4-3b7e-4008-a10c-8c18d0d87a5b" testListId="8c84fa94-04c1-424b-9868-57a2d4851a1d" />
    <TestEntry testId="5f4098b0-ae70-0c38-73d5-3680aa6f5adc" executionId="2529103c-5495-41bc-8647-c3effe17fee7" testListId="8c84fa94-04c1-424b-9868-57a2d4851a1d" />
    <TestEntry testId="5f42256c-f495-ff50-743c-2d582deb12b3" executionId="c72290e9-6499-46bd-b7d7-95c44b09e994" testListId="8c84fa94-04c1-424b-9868-57a2d4851a1d" />
    <TestEntry testId="60ba6f03-0a08-54f1-e073-09a0aa3d13fe" executionId="25a56f6f-4356-48b0-9c5e-f61f76afb04b" testListId="8c84fa94-04c1-424b-9868-57a2d4851a1d" />
    <TestEntry testId="7b43bc24-c25d-a421-9bda-93ea43cd1afd" executionId="b4ce794e-5494-4b9c-bdaf-f184731fd240" testListId="8c84fa94-04c1-424b-9868-57a2d4851a1d" />
    <TestEntry testId="9ce18471-95b5-e985-01e9-6acec7ef9ef9" executionId="b90e8c5e-b74c-4dbb-9ad2-8e4774a74141" testListId="8c84fa94-04c1-424b-9868-57a2d4851a1d" />
    <TestEntry testId="a8f72322-0320-9ea7-908f-b82c8f9286d9" executionId="3a2d3a91-0990-4915-ae9b-975a1640ad96" testListId="8c84fa94-04c1-424b-9868-57a2d4851a1d" />
    <TestEntry testId="ccbc53bf-4918-2d9c-deb7-c7d41ee4b9f3" executionId="535aed74-ddc1-427b-8fc5-55a171c0c043" testListId="8c84fa94-04c1-424b-9868-57a2d4851a1d" />
    <TestEntry testId="cf23e9dd-309e-92fe-c3c9-c080354d22b2" executionId="01edb936-6f28-4122-8e81-5d72e4fb8066" testListId="8c84fa94-04c1-424b-9868-57a2d4851a1d" />
    <TestEntry testId="e4e7bed6-6fff-dd03-b020-b5e5d49795b1" executionId="d8dc5b5a-eb31-44af-984c-7b0548a81a93" testListId="8c84fa94-04c1-424b-9868-57a2d4851a1d" />
    <TestEntry testId="e550d784-9477-315b-5b2a-a50f87ea5b93" executionId="28f608dd-0e74-4f54-a0ed-2b76f5f6e768" testListId="8c84fa94-04c1-424b-9868-57a2d4851a1d" />
    <TestEntry testId="e6e26bed-50e2-cd0f-6f38-0db97e23cac4" executionId="e869b5ce-a872-4041-a459-b0fbf7be5173" testListId="8c84fa94-04c1-424b-9868-57a2d4851a1d" />
    <TestEntry testId="ef832253-a6a5-308d-4448-99447b717871" executionId="8d0deeca-abac-44d3-a80a-4e5fb3d2c37e" testListId="8c84fa94-04c1-424b-9868-57a2d4851a1d" />
    <TestEntry testId="f57e65be-94e7-0b53-634c-d6035e3fc71c" executionId="f1074d17-3b0a-4001-8819-521e25469b5b" testListId="8c84fa94-04c1-424b-9868-57a2d4851a1d" />
  </TestEntries>
  <Results>
    <UnitTestResult executionId="f9438622-3a75-408a-8db7-68666ba6ba9a" testId="079a6416-71d2-4ac9-d1fd-5e030811a3aa" testName="SiDosDeSusLadosSonDiferentes" computerName="clL04A-9" duration="00:00:00.0599467" startTime="2013-12-04T11:36:39.7500000+01:00" endTime="2013-12-04T11:36:40.1562500+01:00" testType="13cdc9d9-ddb5-4fa4-a97d-d965ccfc6d4b" outcome="Passed" testListId="8c84fa94-04c1-424b-9868-57a2d4851a1d" relativeResultsDirectory="f9438622-3a75-408a-8db7-68666ba6ba9a">
      <Output>
        <StdOut>Given tengo validador de triangulos
-&gt; done: Triangle_DetectorSteps.GivenTengoValidadorDeTriangulos() (0,0s)
When Compruebo el tipo de triangulo de lado:1, 2, 2
-&gt; done: Triangle_DetectorSteps.WhenComprueboElTipoDeTrianguloDeLado(1, 2, 2) (0,0s)
Then me devuelve el tipo isorceles
-&gt; done: Triangle_DetectorSteps.ThenMeDevuelveElTipoIsorceles() (0,0s)</StdOut>
      </Output>
    </UnitTestResult>
    <UnitTestResult executionId="6204daa8-62ca-48f9-bf7e-ad2f2095288d" testId="0b92605c-28a2-2e0e-f941-64236c63aa4a" testName="Prueba_EsTriangulo6" computerName="clL04A-9" duration="00:00:00.0002659" startTime="2013-12-04T11:36:40.1718750+01:00" endTime="2013-12-04T11:36:40.1718750+01:00" testType="13cdc9d9-ddb5-4fa4-a97d-d965ccfc6d4b" outcome="Passed" testListId="8c84fa94-04c1-424b-9868-57a2d4851a1d" relativeResultsDirectory="6204daa8-62ca-48f9-bf7e-ad2f2095288d">
    </UnitTestResult>
    <UnitTestResult executionId="ff6ce783-ef2d-42f7-94b4-32dc8147da5f" testId="0df197d2-a3f6-3d0b-b86d-a8cf76a266d0" testName="SiSoloDosLadosSonNegativos" computerName="clL04A-9" duration="00:00:00.0267327" startTime="2013-12-04T11:36:40.1718750+01:00" endTime="2013-12-04T11:36:40.2031250+01:00" testType="13cdc9d9-ddb5-4fa4-a97d-d965ccfc6d4b" outcome="Failed" testListId="8c84fa94-04c1-424b-9868-57a2d4851a1d" relativeResultsDirectory="ff6ce783-ef2d-42f7-94b4-32dc8147da5f">
      <Output>
        <StdOut>Given tengo validador de triangulos
-&gt; done: Triangle_DetectorSteps.GivenTengoValidadorDeTriangulos() (0,0s)
When Compruebo el tipo de triangulo de lado:-1, 1, -1
-&gt; done: Triangle_DetectorSteps.WhenComprueboElTipoDeTrianguloDeLado(-1, 1, -1) (0,0s)
Then me devuelve una excepcion de argumento
-&gt; error: La clave proporcionada no se encontró en el diccionario.</StdOut>
        <ErrorInfo>
          <Message>El método de prueba ProyectoDePrueba.Triangle_DetectorFeature.SiSoloDosLadosSonNegativos produjo la excepción: 
System.Collections.Generic.KeyNotFoundException: La clave proporcionada no se encontró en el diccionario.</Message>
          <StackTrace>    en System.Collections.Generic.Dictionary`2.get_Item(TKey key)
   en ProyectoDePrueba.Triangle_DetectorSteps.ThenMeDevuelveUnaExcepcionDeArgumento() en E:\Master\PCC - Puebas de control y desarrollo\VS2010 - MSTest\ProyectoDePruebaDeCajaNegra\ProyectoDePrueba\Triangle_DetectorSteps.cs:línea 52
   en lambda_method(Closure , IContextManager )
   en TechTalk.SpecFlow.Bindings.BindingInvoker.InvokeBinding(IBinding binding, IContextManager contextManager, Object[] arguments, ITestTracer testTracer, TimeSpan&amp; duration)
   en TechTalk.SpecFlow.Infrastructure.TestExecutionEngine.ExecuteStepMatch(BindingMatch match, Object[] arguments)
   en TechTalk.SpecFlow.Infrastructure.TestExecutionEngine.ExecuteStep(StepInstance stepInstance)
   en TechTalk.SpecFlow.Infrastructure.TestExecutionEngine.OnAfterLastStep()
   en TechTalk.SpecFlow.TestRunner.CollectScenarioErrors()
   en ProyectoDePrueba.Triangle_DetectorFeature.ScenarioCleanup() en E:\Master\PCC - Puebas de control y desarrollo\VS2010 - MSTest\ProyectoDePruebaDeCajaNegra\ProyectoDePrueba\Triangle_detector.feature.cs:línea 0
   en ProyectoDePrueba.Triangle_DetectorFeature.SiSoloDosLadosSonNegativos() en e:\Master\PCC - Puebas de control y desarrollo\VS2010 - MSTest\ProyectoDePruebaDeCajaNegra\ProyectoDePrueba\Triangle_detector.feature:línea 30
</StackTrace>
        </ErrorInfo>
      </Output>
    </UnitTestResult>
    <UnitTestResult executionId="c1c2fe56-2c14-408d-8fce-4e3c1659d3f8" testId="0ee955cb-e569-7bbe-d0ca-defed9f3466f" testName="SiDosLadosSonNegativos" computerName="clL04A-9" duration="00:00:00.0017658" startTime="2013-12-04T11:36:40.2031250+01:00" endTime="2013-12-04T11:36:40.2187500+01:00" testType="13cdc9d9-ddb5-4fa4-a97d-d965ccfc6d4b" outcome="Failed" testListId="8c84fa94-04c1-424b-9868-57a2d4851a1d" relativeResultsDirectory="c1c2fe56-2c14-408d-8fce-4e3c1659d3f8">
      <Output>
        <StdOut>Given tengo validador de triangulos
-&gt; done: Triangle_DetectorSteps.GivenTengoValidadorDeTriangulos() (0,0s)
When Compruebo el tipo de triangulo de lado:1, -1, -1
-&gt; done: Triangle_DetectorSteps.WhenComprueboElTipoDeTrianguloDeLado(1, -1, -1) (0,0s)
Then me devuelve una excepcion de argumento
-&gt; error: La clave proporcionada no se encontró en el diccionario.</StdOut>
        <ErrorInfo>
          <Message>El método de prueba ProyectoDePrueba.Triangle_DetectorFeature.SiDosLadosSonNegativos produjo la excepción: 
System.Collections.Generic.KeyNotFoundException: La clave proporcionada no se encontró en el diccionario.</Message>
          <StackTrace>    en System.Collections.Generic.Dictionary`2.get_Item(TKey key)
   en ProyectoDePrueba.Triangle_DetectorSteps.ThenMeDevuelveUnaExcepcionDeArgumento() en E:\Master\PCC - Puebas de control y desarrollo\VS2010 - MSTest\ProyectoDePruebaDeCajaNegra\ProyectoDePrueba\Triangle_DetectorSteps.cs:línea 52
   en lambda_method(Closure , IContextManager )
   en TechTalk.SpecFlow.Bindings.BindingInvoker.InvokeBinding(IBinding binding, IContextManager contextManager, Object[] arguments, ITestTracer testTracer, TimeSpan&amp; duration)
   en TechTalk.SpecFlow.Infrastructure.TestExecutionEngine.ExecuteStepMatch(BindingMatch match, Object[] arguments)
   en TechTalk.SpecFlow.Infrastructure.TestExecutionEngine.ExecuteStep(StepInstance stepInstance)
   en TechTalk.SpecFlow.Infrastructure.TestExecutionEngine.OnAfterLastStep()
   en TechTalk.SpecFlow.TestRunner.CollectScenarioErrors()
   en ProyectoDePrueba.Triangle_DetectorFeature.ScenarioCleanup() en E:\Master\PCC - Puebas de control y desarrollo\VS2010 - MSTest\ProyectoDePruebaDeCajaNegra\ProyectoDePrueba\Triangle_detector.feature.cs:línea 0
   en ProyectoDePrueba.Triangle_DetectorFeature.SiDosLadosSonNegativos() en e:\Master\PCC - Puebas de control y desarrollo\VS2010 - MSTest\ProyectoDePruebaDeCajaNegra\ProyectoDePrueba\Triangle_detector.feature:línea 36
</StackTrace>
        </ErrorInfo>
      </Output>
    </UnitTestResult>
    <UnitTestResult executionId="bc3cdd3e-6d44-4f7e-9f52-12c116df2259" testId="10208aa5-00d8-d3ff-2c98-429f9be55ef4" testName="SiLosLadosSonDiferentes" computerName="clL04A-9" duration="00:00:00.0008632" startTime="2013-12-04T11:36:40.2187500+01:00" endTime="2013-12-04T11:36:40.2187500+01:00" testType="13cdc9d9-ddb5-4fa4-a97d-d965ccfc6d4b" outcome="Passed" testListId="8c84fa94-04c1-424b-9868-57a2d4851a1d" relativeResultsDirectory="bc3cdd3e-6d44-4f7e-9f52-12c116df2259">
      <Output>
        <StdOut>Given tengo validador de triangulos
-&gt; done: Triangle_DetectorSteps.GivenTengoValidadorDeTriangulos() (0,0s)
When Compruebo el tipo de triangulo de lado:1, 2, 3
-&gt; done: Triangle_DetectorSteps.WhenComprueboElTipoDeTrianguloDeLado(1, 2, 3) (0,0s)
Then me devuelve el tipo escaleno
-&gt; done: Triangle_DetectorSteps.ThenMeDevuelveElTipoEscaleno() (0,0s)</StdOut>
      </Output>
    </UnitTestResult>
    <UnitTestResult executionId="62a489fd-38f7-42d9-9255-ea20f15f6cd3" testId="10a35410-3079-961b-5083-ed9ef4936f5f" testName="SiLosLadosSonIguales" computerName="clL04A-9" duration="00:00:00.0008565" startTime="2013-12-04T11:36:40.2187500+01:00" endTime="2013-12-04T11:36:40.2187500+01:00" testType="13cdc9d9-ddb5-4fa4-a97d-d965ccfc6d4b" outcome="Passed" testListId="8c84fa94-04c1-424b-9868-57a2d4851a1d" relativeResultsDirectory="62a489fd-38f7-42d9-9255-ea20f15f6cd3">
      <Output>
        <StdOut>Given tengo validador de triangulos
-&gt; done: Triangle_DetectorSteps.GivenTengoValidadorDeTriangulos() (0,0s)
When Compruebo el tipo de triangulo de lado:1, 1, 1
-&gt; done: Triangle_DetectorSteps.WhenComprueboElTipoDeTrianguloDeLado(1, 1, 1) (0,0s)
Then me devuelve el tipo equilatero
-&gt; done: Triangle_DetectorSteps.ThenMeDevuelveElTipoEquilatero() (0,0s)</StdOut>
      </Output>
    </UnitTestResult>
    <UnitTestResult executionId="affe1b34-159d-4049-916c-ebb3adb9793b" testId="1857a141-fc60-2354-3193-9e8d48781fa3" testName="Prueba_EsTriangulo5" computerName="clL04A-9" duration="00:00:00.0001966" startTime="2013-12-04T11:36:40.2187500+01:00" endTime="2013-12-04T11:36:40.2343750+01:00" testType="13cdc9d9-ddb5-4fa4-a97d-d965ccfc6d4b" outcome="Passed" testListId="8c84fa94-04c1-424b-9868-57a2d4851a1d" relativeResultsDirectory="affe1b34-159d-4049-916c-ebb3adb9793b">
    </UnitTestResult>
    <UnitTestResult executionId="7eff052c-fb83-4609-9c67-0af358b626b8" testId="2b751b65-8961-5bac-8043-2e6e6adf1404" testName="Prueba_EsTriangulo16" computerName="clL04A-9" duration="00:00:00.0092749" startTime="2013-12-04T11:36:40.2343750+01:00" endTime="2013-12-04T11:36:40.2500000+01:00" testType="13cdc9d9-ddb5-4fa4-a97d-d965ccfc6d4b" outcome="Failed" testListId="8c84fa94-04c1-424b-9868-57a2d4851a1d" relativeResultsDirectory="7eff052c-fb83-4609-9c67-0af358b626b8">
      <Output>
        <ErrorInfo>
          <Message>El método de prueba ProyectoDePrueba.Prueba_TriangleDetector.Prueba_EsTriangulo16 inició la excepción System.Exception, pero se esperaba la excepción System.ArgumentException. Mensaje de la excepción: System.Exception: No es triangulo</Message>
          <StackTrace>    en TriangleDetector.TriangleValidator.EsTriangulo(Int32 lado1, Int32 lado2, Int32 lado3)
   en ProyectoDePrueba.Prueba_TriangleDetector.Prueba_EsTriangulo16() en E:\Master\PCC - Puebas de control y desarrollo\VS2010 - MSTest\ProyectoDePruebaDeCajaNegra\ProyectoDePrueba\Prueba_TriangleDetector.cs:línea 285
</StackTrace>
        </ErrorInfo>
      </Output>
    </UnitTestResult>
    <UnitTestResult executionId="6e60ff18-f35e-4468-ac31-ac498a39f708" testId="2eadf1ee-cde2-e639-e9a8-0e1bc8aa5953" testName="Prueba_EsTriangulo18" computerName="clL04A-9" duration="00:00:00.0011194" startTime="2013-12-04T11:36:40.2500000+01:00" endTime="2013-12-04T11:36:40.2656250+01:00" testType="13cdc9d9-ddb5-4fa4-a97d-d965ccfc6d4b" outcome="Failed" testListId="8c84fa94-04c1-424b-9868-57a2d4851a1d" relativeResultsDirectory="6e60ff18-f35e-4468-ac31-ac498a39f708">
      <Output>
        <ErrorInfo>
          <Message>El método de prueba ProyectoDePrueba.Prueba_TriangleDetector.Prueba_EsTriangulo18 inició la excepción System.Exception, pero se esperaba la excepción System.ArgumentException. Mensaje de la excepción: System.Exception: No es triangulo</Message>
          <StackTrace>    en TriangleDetector.TriangleValidator.EsTriangulo(Int32 lado1, Int32 lado2, Int32 lado3)
   en ProyectoDePrueba.Prueba_TriangleDetector.Prueba_EsTriangulo18() en E:\Master\PCC - Puebas de control y desarrollo\VS2010 - MSTest\ProyectoDePruebaDeCajaNegra\ProyectoDePrueba\Prueba_TriangleDetector.cs:línea 338
</StackTrace>
        </ErrorInfo>
      </Output>
    </UnitTestResult>
    <UnitTestResult executionId="5f0ba217-cd49-4fdb-951b-495e2de7831f" testId="327fdb4f-3500-3bd9-5e88-dcecc48fac8b" testName="SiSegundoLadosSonCero" computerName="clL04A-9" duration="00:00:00.0018466" startTime="2013-12-04T11:36:40.2656250+01:00" endTime="2013-12-04T11:36:40.2656250+01:00" testType="13cdc9d9-ddb5-4fa4-a97d-d965ccfc6d4b" outcome="Failed" testListId="8c84fa94-04c1-424b-9868-57a2d4851a1d" relativeResultsDirectory="5f0ba217-cd49-4fdb-951b-495e2de7831f">
      <Output>
        <StdOut>Given tengo validador de triangulos
-&gt; done: Triangle_DetectorSteps.GivenTengoValidadorDeTriangulos() (0,0s)
When Compruebo el tipo de triangulo de lado:1, 0, 1
-&gt; done: Triangle_DetectorSteps.WhenComprueboElTipoDeTrianguloDeLado(1, 0, 1) (0,0s)
Then me devuelve una excepcion de argumento
-&gt; error: La clave proporcionada no se encontró en el diccionario.</StdOut>
        <ErrorInfo>
          <Message>El método de prueba ProyectoDePrueba.Triangle_DetectorFeature.SiSegundoLadosSonCero produjo la excepción: 
System.Collections.Generic.KeyNotFoundException: La clave proporcionada no se encontró en el diccionario.</Message>
          <StackTrace>    en System.Collections.Generic.Dictionary`2.get_Item(TKey key)
   en ProyectoDePrueba.Triangle_DetectorSteps.ThenMeDevuelveUnaExcepcionDeArgumento() en E:\Master\PCC - Puebas de control y desarrollo\VS2010 - MSTest\ProyectoDePruebaDeCajaNegra\ProyectoDePrueba\Triangle_DetectorSteps.cs:línea 52
   en lambda_method(Closure , IContextManager )
   en TechTalk.SpecFlow.Bindings.BindingInvoker.InvokeBinding(IBinding binding, IContextManager contextManager, Object[] arguments, ITestTracer testTracer, TimeSpan&amp; duration)
   en TechTalk.SpecFlow.Infrastructure.TestExecutionEngine.ExecuteStepMatch(BindingMatch match, Object[] arguments)
   en TechTalk.SpecFlow.Infrastructure.TestExecutionEngine.ExecuteStep(StepInstance stepInstance)
   en TechTalk.SpecFlow.Infrastructure.TestExecutionEngine.OnAfterLastStep()
   en TechTalk.SpecFlow.TestRunner.CollectScenarioErrors()
   en ProyectoDePrueba.Triangle_DetectorFeature.ScenarioCleanup() en E:\Master\PCC - Puebas de control y desarrollo\VS2010 - MSTest\ProyectoDePruebaDeCajaNegra\ProyectoDePrueba\Triangle_detector.feature.cs:línea 0
   en ProyectoDePrueba.Triangle_DetectorFeature.SiSegundoLadosSonCero() en e:\Master\PCC - Puebas de control y desarrollo\VS2010 - MSTest\ProyectoDePruebaDeCajaNegra\ProyectoDePrueba\Triangle_detector.feature:línea 57
</StackTrace>
        </ErrorInfo>
      </Output>
    </UnitTestResult>
    <UnitTestResult executionId="c7b8dbd4-3b7e-4008-a10c-8c18d0d87a5b" testId="48f013ed-83ed-7a03-d949-9633da4c2f1f" testName="Prueba_EsTriangulo13" computerName="clL04A-9" duration="00:00:00.0012023" startTime="2013-12-04T11:36:40.2656250+01:00" endTime="2013-12-04T11:36:40.2812500+01:00" testType="13cdc9d9-ddb5-4fa4-a97d-d965ccfc6d4b" outcome="Failed" testListId="8c84fa94-04c1-424b-9868-57a2d4851a1d" relativeResultsDirectory="c7b8dbd4-3b7e-4008-a10c-8c18d0d87a5b">
      <Output>
        <ErrorInfo>
          <Message>El método de prueba ProyectoDePrueba.Prueba_TriangleDetector.Prueba_EsTriangulo13 inició la excepción System.Exception, pero se esperaba la excepción System.ArgumentException. Mensaje de la excepción: System.Exception: No es triangulo</Message>
          <StackTrace>    en TriangleDetector.TriangleValidator.EsTriangulo(Int32 lado1, Int32 lado2, Int32 lado3)
   en ProyectoDePrueba.Prueba_TriangleDetector.Prueba_EsTriangulo13() en E:\Master\PCC - Puebas de control y desarrollo\VS2010 - MSTest\ProyectoDePruebaDeCajaNegra\ProyectoDePrueba\Prueba_TriangleDetector.cs:línea 207
</StackTrace>
        </ErrorInfo>
      </Output>
    </UnitTestResult>
    <UnitTestResult executionId="2529103c-5495-41bc-8647-c3effe17fee7" testId="5f4098b0-ae70-0c38-73d5-3680aa6f5adc" testName="SiPrimerLadosSonCero" computerName="clL04A-9" duration="00:00:00.0016175" startTime="2013-12-04T11:36:40.2812500+01:00" endTime="2013-12-04T11:36:40.2812500+01:00" testType="13cdc9d9-ddb5-4fa4-a97d-d965ccfc6d4b" outcome="Failed" testListId="8c84fa94-04c1-424b-9868-57a2d4851a1d" relativeResultsDirectory="2529103c-5495-41bc-8647-c3effe17fee7">
      <Output>
        <StdOut>Given tengo validador de triangulos
-&gt; done: Triangle_DetectorSteps.GivenTengoValidadorDeTriangulos() (0,0s)
When Compruebo el tipo de triangulo de lado:0, 1, 1
-&gt; done: Triangle_DetectorSteps.WhenComprueboElTipoDeTrianguloDeLado(0, 1, 1) (0,0s)
Then me devuelve una excepcion de argumento
-&gt; error: La clave proporcionada no se encontró en el diccionario.</StdOut>
        <ErrorInfo>
          <Message>El método de prueba ProyectoDePrueba.Triangle_DetectorFeature.SiPrimerLadosSonCero produjo la excepción: 
System.Collections.Generic.KeyNotFoundException: La clave proporcionada no se encontró en el diccionario.</Message>
          <StackTrace>    en System.Collections.Generic.Dictionary`2.get_Item(TKey key)
   en ProyectoDePrueba.Triangle_DetectorSteps.ThenMeDevuelveUnaExcepcionDeArgumento() en E:\Master\PCC - Puebas de control y desarrollo\VS2010 - MSTest\ProyectoDePruebaDeCajaNegra\ProyectoDePrueba\Triangle_DetectorSteps.cs:línea 52
   en lambda_method(Closure , IContextManager )
   en TechTalk.SpecFlow.Bindings.BindingInvoker.InvokeBinding(IBinding binding, IContextManager contextManager, Object[] arguments, ITestTracer testTracer, TimeSpan&amp; duration)
   en TechTalk.SpecFlow.Infrastructure.TestExecutionEngine.ExecuteStepMatch(BindingMatch match, Object[] arguments)
   en TechTalk.SpecFlow.Infrastructure.TestExecutionEngine.ExecuteStep(StepInstance stepInstance)
   en TechTalk.SpecFlow.Infrastructure.TestExecutionEngine.OnAfterLastStep()
   en TechTalk.SpecFlow.TestRunner.CollectScenarioErrors()
   en ProyectoDePrueba.Triangle_DetectorFeature.ScenarioCleanup() en E:\Master\PCC - Puebas de control y desarrollo\VS2010 - MSTest\ProyectoDePruebaDeCajaNegra\ProyectoDePrueba\Triangle_detector.feature.cs:línea 0
   en ProyectoDePrueba.Triangle_DetectorFeature.SiPrimerLadosSonCero() en e:\Master\PCC - Puebas de control y desarrollo\VS2010 - MSTest\ProyectoDePruebaDeCajaNegra\ProyectoDePrueba\Triangle_detector.feature:línea 52
</StackTrace>
        </ErrorInfo>
      </Output>
    </UnitTestResult>
    <UnitTestResult executionId="c72290e9-6499-46bd-b7d7-95c44b09e994" testId="5f42256c-f495-ff50-743c-2d582deb12b3" testName="SiTerceroLadosSonCero" computerName="clL04A-9" duration="00:00:00.0021075" startTime="2013-12-04T11:36:40.2812500+01:00" endTime="2013-12-04T11:36:40.2968750+01:00" testType="13cdc9d9-ddb5-4fa4-a97d-d965ccfc6d4b" outcome="Failed" testListId="8c84fa94-04c1-424b-9868-57a2d4851a1d" relativeResultsDirectory="c72290e9-6499-46bd-b7d7-95c44b09e994">
      <Output>
        <StdOut>Given tengo validador de triangulos
-&gt; done: Triangle_DetectorSteps.GivenTengoValidadorDeTriangulos() (0,0s)
When Compruebo el tipo de triangulo de lado:1, 1, 0
-&gt; done: Triangle_DetectorSteps.WhenComprueboElTipoDeTrianguloDeLado(1, 1, 0) (0,0s)
Then me devuelve una excepcion de argumento
-&gt; error: La clave proporcionada no se encontró en el diccionario.</StdOut>
        <ErrorInfo>
          <Message>El método de prueba ProyectoDePrueba.Triangle_DetectorFeature.SiTerceroLadosSonCero produjo la excepción: 
System.Collections.Generic.KeyNotFoundException: La clave proporcionada no se encontró en el diccionario.</Message>
          <StackTrace>    en System.Collections.Generic.Dictionary`2.get_Item(TKey key)
   en ProyectoDePrueba.Triangle_DetectorSteps.ThenMeDevuelveUnaExcepcionDeArgumento() en E:\Master\PCC - Puebas de control y desarrollo\VS2010 - MSTest\ProyectoDePruebaDeCajaNegra\ProyectoDePrueba\Triangle_DetectorSteps.cs:línea 52
   en lambda_method(Closure , IContextManager )
   en TechTalk.SpecFlow.Bindings.BindingInvoker.InvokeBinding(IBinding binding, IContextManager contextManager, Object[] arguments, ITestTracer testTracer, TimeSpan&amp; duration)
   en TechTalk.SpecFlow.Infrastructure.TestExecutionEngine.ExecuteStepMatch(BindingMatch match, Object[] arguments)
   en TechTalk.SpecFlow.Infrastructure.TestExecutionEngine.ExecuteStep(StepInstance stepInstance)
   en TechTalk.SpecFlow.Infrastructure.TestExecutionEngine.OnAfterLastStep()
   en TechTalk.SpecFlow.TestRunner.CollectScenarioErrors()
   en ProyectoDePrueba.Triangle_DetectorFeature.ScenarioCleanup() en E:\Master\PCC - Puebas de control y desarrollo\VS2010 - MSTest\ProyectoDePruebaDeCajaNegra\ProyectoDePrueba\Triangle_detector.feature.cs:línea 0
   en ProyectoDePrueba.Triangle_DetectorFeature.SiTerceroLadosSonCero() en e:\Master\PCC - Puebas de control y desarrollo\VS2010 - MSTest\ProyectoDePruebaDeCajaNegra\ProyectoDePrueba\Triangle_detector.feature:línea 62
</StackTrace>
        </ErrorInfo>
      </Output>
    </UnitTestResult>
    <UnitTestResult executionId="25a56f6f-4356-48b0-9c5e-f61f76afb04b" testId="60ba6f03-0a08-54f1-e073-09a0aa3d13fe" testName="SiLosLadosSonCero" computerName="clL04A-9" duration="00:00:00.0016150" startTime="2013-12-04T11:36:40.2968750+01:00" endTime="2013-12-04T11:36:40.2968750+01:00" testType="13cdc9d9-ddb5-4fa4-a97d-d965ccfc6d4b" outcome="Failed" testListId="8c84fa94-04c1-424b-9868-57a2d4851a1d" relativeResultsDirectory="25a56f6f-4356-48b0-9c5e-f61f76afb04b">
      <Output>
        <StdOut>Given tengo validador de triangulos
-&gt; done: Triangle_DetectorSteps.GivenTengoValidadorDeTriangulos() (0,0s)
When Compruebo el tipo de triangulo de lado:0, 0, 0
-&gt; done: Triangle_DetectorSteps.WhenComprueboElTipoDeTrianguloDeLado(0, 0, 0) (0,0s)
Then me devuelve una excepcion de argumento
-&gt; error: La clave proporcionada no se encontró en el diccionario.</StdOut>
        <ErrorInfo>
          <Message>El método de prueba ProyectoDePrueba.Triangle_DetectorFeature.SiLosLadosSonCero produjo la excepción: 
System.Collections.Generic.KeyNotFoundException: La clave proporcionada no se encontró en el diccionario.</Message>
          <StackTrace>    en System.Collections.Generic.Dictionary`2.get_Item(TKey key)
   en ProyectoDePrueba.Triangle_DetectorSteps.ThenMeDevuelveUnaExcepcionDeArgumento() en E:\Master\PCC - Puebas de control y desarrollo\VS2010 - MSTest\ProyectoDePruebaDeCajaNegra\ProyectoDePrueba\Triangle_DetectorSteps.cs:línea 52
   en lambda_method(Closure , IContextManager )
   en TechTalk.SpecFlow.Bindings.BindingInvoker.InvokeBinding(IBinding binding, IContextManager contextManager, Object[] arguments, ITestTracer testTracer, TimeSpan&amp; duration)
   en TechTalk.SpecFlow.Infrastructure.TestExecutionEngine.ExecuteStepMatch(BindingMatch match, Object[] arguments)
   en TechTalk.SpecFlow.Infrastructure.TestExecutionEngine.ExecuteStep(StepInstance stepInstance)
   en TechTalk.SpecFlow.Infrastructure.TestExecutionEngine.OnAfterLastStep()
   en TechTalk.SpecFlow.TestRunner.CollectScenarioErrors()
   en ProyectoDePrueba.Triangle_DetectorFeature.ScenarioCleanup() en E:\Master\PCC - Puebas de control y desarrollo\VS2010 - MSTest\ProyectoDePruebaDeCajaNegra\ProyectoDePrueba\Triangle_detector.feature.cs:línea 0
   en ProyectoDePrueba.Triangle_DetectorFeature.SiLosLadosSonCero() en e:\Master\PCC - Puebas de control y desarrollo\VS2010 - MSTest\ProyectoDePruebaDeCajaNegra\ProyectoDePrueba\Triangle_detector.feature:línea 47
</StackTrace>
        </ErrorInfo>
      </Output>
    </UnitTestResult>
    <UnitTestResult executionId="b4ce794e-5494-4b9c-bdaf-f184731fd240" testId="7b43bc24-c25d-a421-9bda-93ea43cd1afd" testName="Prueba_EsTriangulo10" computerName="clL04A-9" duration="00:00:00.0010643" startTime="2013-12-04T11:36:40.2968750+01:00" endTime="2013-12-04T11:36:40.3125000+01:00" testType="13cdc9d9-ddb5-4fa4-a97d-d965ccfc6d4b" outcome="Failed" testListId="8c84fa94-04c1-424b-9868-57a2d4851a1d" relativeResultsDirectory="b4ce794e-5494-4b9c-bdaf-f184731fd240">
      <Output>
        <ErrorInfo>
          <Message>El método de prueba ProyectoDePrueba.Prueba_TriangleDetector.Prueba_EsTriangulo10 inició la excepción System.Exception, pero se esperaba la excepción System.ArgumentException. Mensaje de la excepción: System.Exception: No es triangulo</Message>
          <StackTrace>    en TriangleDetector.TriangleValidator.EsTriangulo(Int32 lado1, Int32 lado2, Int32 lado3)
   en ProyectoDePrueba.Prueba_TriangleDetector.Prueba_EsTriangulo10() en E:\Master\PCC - Puebas de control y desarrollo\VS2010 - MSTest\ProyectoDePruebaDeCajaNegra\ProyectoDePrueba\Prueba_TriangleDetector.cs:línea 127
</StackTrace>
        </ErrorInfo>
      </Output>
    </UnitTestResult>
    <UnitTestResult executionId="b90e8c5e-b74c-4dbb-9ad2-8e4774a74141" testId="9ce18471-95b5-e985-01e9-6acec7ef9ef9" testName="LadosInconclusos" computerName="clL04A-9" duration="00:00:00.0016376" startTime="2013-12-04T11:36:40.3125000+01:00" endTime="2013-12-04T11:36:40.3125000+01:00" testType="13cdc9d9-ddb5-4fa4-a97d-d965ccfc6d4b" outcome="Failed" testListId="8c84fa94-04c1-424b-9868-57a2d4851a1d" relativeResultsDirectory="b90e8c5e-b74c-4dbb-9ad2-8e4774a74141">
      <Output>
        <StdOut>Given tengo validador de triangulos
-&gt; done: Triangle_DetectorSteps.GivenTengoValidadorDeTriangulos() (0,0s)
When Compruebo el tipo de triangulo de lado:7, 1, 2
-&gt; done: Triangle_DetectorSteps.WhenComprueboElTipoDeTrianguloDeLado(7, 1, 2) (0,0s)
Then me devuelve una excepcion de argumento
-&gt; error: La clave proporcionada no se encontró en el diccionario.</StdOut>
        <ErrorInfo>
          <Message>El método de prueba ProyectoDePrueba.Triangle_DetectorFeature.LadosInconclusos produjo la excepción: 
System.Collections.Generic.KeyNotFoundException: La clave proporcionada no se encontró en el diccionario.</Message>
          <StackTrace>    en System.Collections.Generic.Dictionary`2.get_Item(TKey key)
   en ProyectoDePrueba.Triangle_DetectorSteps.ThenMeDevuelveUnaExcepcionDeArgumento() en E:\Master\PCC - Puebas de control y desarrollo\VS2010 - MSTest\ProyectoDePruebaDeCajaNegra\ProyectoDePrueba\Triangle_DetectorSteps.cs:línea 52
   en lambda_method(Closure , IContextManager )
   en TechTalk.SpecFlow.Bindings.BindingInvoker.InvokeBinding(IBinding binding, IContextManager contextManager, Object[] arguments, ITestTracer testTracer, TimeSpan&amp; duration)
   en TechTalk.SpecFlow.Infrastructure.TestExecutionEngine.ExecuteStepMatch(BindingMatch match, Object[] arguments)
   en TechTalk.SpecFlow.Infrastructure.TestExecutionEngine.ExecuteStep(StepInstance stepInstance)
   en TechTalk.SpecFlow.Infrastructure.TestExecutionEngine.OnAfterLastStep()
   en TechTalk.SpecFlow.TestRunner.CollectScenarioErrors()
   en ProyectoDePrueba.Triangle_DetectorFeature.ScenarioCleanup() en E:\Master\PCC - Puebas de control y desarrollo\VS2010 - MSTest\ProyectoDePruebaDeCajaNegra\ProyectoDePrueba\Triangle_detector.feature.cs:línea 0
   en ProyectoDePrueba.Triangle_DetectorFeature.LadosInconclusos() en e:\Master\PCC - Puebas de control y desarrollo\VS2010 - MSTest\ProyectoDePruebaDeCajaNegra\ProyectoDePrueba\Triangle_detector.feature:línea 67
</StackTrace>
        </ErrorInfo>
      </Output>
    </UnitTestResult>
    <UnitTestResult executionId="3a2d3a91-0990-4915-ae9b-975a1640ad96" testId="a8f72322-0320-9ea7-908f-b82c8f9286d9" testName="SiTenemosDosLadosSonNegativos" computerName="clL04A-9" duration="00:00:00.0016882" startTime="2013-12-04T11:36:40.3125000+01:00" endTime="2013-12-04T11:36:40.3281250+01:00" testType="13cdc9d9-ddb5-4fa4-a97d-d965ccfc6d4b" outcome="Failed" testListId="8c84fa94-04c1-424b-9868-57a2d4851a1d" relativeResultsDirectory="3a2d3a91-0990-4915-ae9b-975a1640ad96">
      <Output>
        <StdOut>Given tengo validador de triangulos
-&gt; done: Triangle_DetectorSteps.GivenTengoValidadorDeTriangulos() (0,0s)
When Compruebo el tipo de triangulo de lado:-1, -1, 1
-&gt; done: Triangle_DetectorSteps.WhenComprueboElTipoDeTrianguloDeLado(-1, -1, 1) (0,0s)
Then me devuelve una excepcion de argumento
-&gt; error: La clave proporcionada no se encontró en el diccionario.</StdOut>
        <ErrorInfo>
          <Message>El método de prueba ProyectoDePrueba.Triangle_DetectorFeature.SiTenemosDosLadosSonNegativos produjo la excepción: 
System.Collections.Generic.KeyNotFoundException: La clave proporcionada no se encontró en el diccionario.</Message>
          <StackTrace>    en System.Collections.Generic.Dictionary`2.get_Item(TKey key)
   en ProyectoDePrueba.Triangle_DetectorSteps.ThenMeDevuelveUnaExcepcionDeArgumento() en E:\Master\PCC - Puebas de control y desarrollo\VS2010 - MSTest\ProyectoDePruebaDeCajaNegra\ProyectoDePrueba\Triangle_DetectorSteps.cs:línea 52
   en lambda_method(Closure , IContextManager )
   en TechTalk.SpecFlow.Bindings.BindingInvoker.InvokeBinding(IBinding binding, IContextManager contextManager, Object[] arguments, ITestTracer testTracer, TimeSpan&amp; duration)
   en TechTalk.SpecFlow.Infrastructure.TestExecutionEngine.ExecuteStepMatch(BindingMatch match, Object[] arguments)
   en TechTalk.SpecFlow.Infrastructure.TestExecutionEngine.ExecuteStep(StepInstance stepInstance)
   en TechTalk.SpecFlow.Infrastructure.TestExecutionEngine.OnAfterLastStep()
   en TechTalk.SpecFlow.TestRunner.CollectScenarioErrors()
   en ProyectoDePrueba.Triangle_DetectorFeature.ScenarioCleanup() en E:\Master\PCC - Puebas de control y desarrollo\VS2010 - MSTest\ProyectoDePruebaDeCajaNegra\ProyectoDePrueba\Triangle_detector.feature.cs:línea 0
   en ProyectoDePrueba.Triangle_DetectorFeature.SiTenemosDosLadosSonNegativos() en e:\Master\PCC - Puebas de control y desarrollo\VS2010 - MSTest\ProyectoDePruebaDeCajaNegra\ProyectoDePrueba\Triangle_detector.feature:línea 41
</StackTrace>
        </ErrorInfo>
      </Output>
    </UnitTestResult>
    <UnitTestResult executionId="535aed74-ddc1-427b-8fc5-55a171c0c043" testId="ccbc53bf-4918-2d9c-deb7-c7d41ee4b9f3" testName="Prueba_EsTriangulo17" computerName="clL04A-9" duration="00:00:00.0011018" startTime="2013-12-04T11:36:40.3281250+01:00" endTime="2013-12-04T11:36:40.3281250+01:00" testType="13cdc9d9-ddb5-4fa4-a97d-d965ccfc6d4b" outcome="Failed" testListId="8c84fa94-04c1-424b-9868-57a2d4851a1d" relativeResultsDirectory="535aed74-ddc1-427b-8fc5-55a171c0c043">
      <Output>
        <ErrorInfo>
          <Message>El método de prueba ProyectoDePrueba.Prueba_TriangleDetector.Prueba_EsTriangulo17 inició la excepción System.Exception, pero se esperaba la excepción System.ArgumentException. Mensaje de la excepción: System.Exception: No es triangulo</Message>
          <StackTrace>    en TriangleDetector.TriangleValidator.EsTriangulo(Int32 lado1, Int32 lado2, Int32 lado3)
   en ProyectoDePrueba.Prueba_TriangleDetector.Prueba_EsTriangulo17() en E:\Master\PCC - Puebas de control y desarrollo\VS2010 - MSTest\ProyectoDePruebaDeCajaNegra\ProyectoDePrueba\Prueba_TriangleDetector.cs:línea 311
</StackTrace>
        </ErrorInfo>
      </Output>
    </UnitTestResult>
    <UnitTestResult executionId="01edb936-6f28-4122-8e81-5d72e4fb8066" testId="cf23e9dd-309e-92fe-c3c9-c080354d22b2" testName="Prueba_EsTriangulo4" computerName="clL04A-9" duration="00:00:00.0002243" startTime="2013-12-04T11:36:40.3281250+01:00" endTime="2013-12-04T11:36:40.3281250+01:00" testType="13cdc9d9-ddb5-4fa4-a97d-d965ccfc6d4b" outcome="Passed" testListId="8c84fa94-04c1-424b-9868-57a2d4851a1d" relativeResultsDirectory="01edb936-6f28-4122-8e81-5d72e4fb8066">
    </UnitTestResult>
    <UnitTestResult executionId="d8dc5b5a-eb31-44af-984c-7b0548a81a93" testId="e4e7bed6-6fff-dd03-b020-b5e5d49795b1" testName="SiLosLadosSonNegativos" computerName="clL04A-9" duration="00:00:00.0016474" startTime="2013-12-04T11:36:40.3281250+01:00" endTime="2013-12-04T11:36:40.3437500+01:00" testType="13cdc9d9-ddb5-4fa4-a97d-d965ccfc6d4b" outcome="Failed" testListId="8c84fa94-04c1-424b-9868-57a2d4851a1d" relativeResultsDirectory="d8dc5b5a-eb31-44af-984c-7b0548a81a93">
      <Output>
        <StdOut>Given tengo validador de triangulos
-&gt; done: Triangle_DetectorSteps.GivenTengoValidadorDeTriangulos() (0,0s)
When Compruebo el tipo de triangulo de lado:-1, -1, -1
-&gt; done: Triangle_DetectorSteps.WhenComprueboElTipoDeTrianguloDeLado(-1, -1, -1) (0,0s)
Then me devuelve una excepcion de argumento
-&gt; error: La clave proporcionada no se encontró en el diccionario.</StdOut>
        <ErrorInfo>
          <Message>El método de prueba ProyectoDePrueba.Triangle_DetectorFeature.SiLosLadosSonNegativos produjo la excepción: 
System.Collections.Generic.KeyNotFoundException: La clave proporcionada no se encontró en el diccionario.</Message>
          <StackTrace>    en System.Collections.Generic.Dictionary`2.get_Item(TKey key)
   en ProyectoDePrueba.Triangle_DetectorSteps.ThenMeDevuelveUnaExcepcionDeArgumento() en E:\Master\PCC - Puebas de control y desarrollo\VS2010 - MSTest\ProyectoDePruebaDeCajaNegra\ProyectoDePrueba\Triangle_DetectorSteps.cs:línea 52
   en lambda_method(Closure , IContextManager )
   en TechTalk.SpecFlow.Bindings.BindingInvoker.InvokeBinding(IBinding binding, IContextManager contextManager, Object[] arguments, ITestTracer testTracer, TimeSpan&amp; duration)
   en TechTalk.SpecFlow.Infrastructure.TestExecutionEngine.ExecuteStepMatch(BindingMatch match, Object[] arguments)
   en TechTalk.SpecFlow.Infrastructure.TestExecutionEngine.ExecuteStep(StepInstance stepInstance)
   en TechTalk.SpecFlow.Infrastructure.TestExecutionEngine.OnAfterLastStep()
   en TechTalk.SpecFlow.TestRunner.CollectScenarioErrors()
   en ProyectoDePrueba.Triangle_DetectorFeature.ScenarioCleanup() en E:\Master\PCC - Puebas de control y desarrollo\VS2010 - MSTest\ProyectoDePruebaDeCajaNegra\ProyectoDePrueba\Triangle_detector.feature.cs:línea 0
   en ProyectoDePrueba.Triangle_DetectorFeature.SiLosLadosSonNegativos() en e:\Master\PCC - Puebas de control y desarrollo\VS2010 - MSTest\ProyectoDePruebaDeCajaNegra\ProyectoDePrueba\Triangle_detector.feature:línea 25
</StackTrace>
        </ErrorInfo>
      </Output>
    </UnitTestResult>
    <UnitTestResult executionId="28f608dd-0e74-4f54-a0ed-2b76f5f6e768" testId="e550d784-9477-315b-5b2a-a50f87ea5b93" testName="Prueba_EsTriangulo11" computerName="clL04A-9" duration="00:00:00.0008042" startTime="2013-12-04T11:36:40.3437500+01:00" endTime="2013-12-04T11:36:40.3437500+01:00" testType="13cdc9d9-ddb5-4fa4-a97d-d965ccfc6d4b" outcome="Failed" testListId="8c84fa94-04c1-424b-9868-57a2d4851a1d" relativeResultsDirectory="28f608dd-0e74-4f54-a0ed-2b76f5f6e768">
      <Output>
        <ErrorInfo>
          <Message>El método de prueba ProyectoDePrueba.Prueba_TriangleDetector.Prueba_EsTriangulo11 no inició la excepción esperada System.ArgumentException.</Message>
        </ErrorInfo>
      </Output>
    </UnitTestResult>
    <UnitTestResult executionId="e869b5ce-a872-4041-a459-b0fbf7be5173" testId="e6e26bed-50e2-cd0f-6f38-0db97e23cac4" testName="Prueba_EsTriangulo12" computerName="clL04A-9" duration="00:00:00.0011057" startTime="2013-12-04T11:36:40.3437500+01:00" endTime="2013-12-04T11:36:40.3593750+01:00" testType="13cdc9d9-ddb5-4fa4-a97d-d965ccfc6d4b" outcome="Failed" testListId="8c84fa94-04c1-424b-9868-57a2d4851a1d" relativeResultsDirectory="e869b5ce-a872-4041-a459-b0fbf7be5173">
      <Output>
        <ErrorInfo>
          <Message>El método de prueba ProyectoDePrueba.Prueba_TriangleDetector.Prueba_EsTriangulo12 inició la excepción System.Exception, pero se esperaba la excepción System.ArgumentException. Mensaje de la excepción: System.Exception: No es triangulo</Message>
          <StackTrace>    en TriangleDetector.TriangleValidator.EsTriangulo(Int32 lado1, Int32 lado2, Int32 lado3)
   en ProyectoDePrueba.Prueba_TriangleDetector.Prueba_EsTriangulo12() en E:\Master\PCC - Puebas de control y desarrollo\VS2010 - MSTest\ProyectoDePruebaDeCajaNegra\ProyectoDePrueba\Prueba_TriangleDetector.cs:línea 181
</StackTrace>
        </ErrorInfo>
      </Output>
    </UnitTestResult>
    <UnitTestResult executionId="8d0deeca-abac-44d3-a80a-4e5fb3d2c37e" testId="ef832253-a6a5-308d-4448-99447b717871" testName="Prueba_EsTriangulo14" computerName="clL04A-9" duration="00:00:00.0021589" startTime="2013-12-04T11:36:40.3593750+01:00" endTime="2013-12-04T11:36:40.3593750+01:00" testType="13cdc9d9-ddb5-4fa4-a97d-d965ccfc6d4b" outcome="Failed" testListId="8c84fa94-04c1-424b-9868-57a2d4851a1d" relativeResultsDirectory="8d0deeca-abac-44d3-a80a-4e5fb3d2c37e">
      <Output>
        <ErrorInfo>
          <Message>El método de prueba ProyectoDePrueba.Prueba_TriangleDetector.Prueba_EsTriangulo14 inició la excepción System.Exception, pero se esperaba la excepción System.ArgumentException. Mensaje de la excepción: System.Exception: No es triangulo</Message>
          <StackTrace>    en TriangleDetector.TriangleValidator.EsTriangulo(Int32 lado1, Int32 lado2, Int32 lado3)
   en ProyectoDePrueba.Prueba_TriangleDetector.Prueba_EsTriangulo14() en E:\Master\PCC - Puebas de control y desarrollo\VS2010 - MSTest\ProyectoDePruebaDeCajaNegra\ProyectoDePrueba\Prueba_TriangleDetector.cs:línea 233
</StackTrace>
        </ErrorInfo>
      </Output>
    </UnitTestResult>
    <UnitTestResult executionId="f1074d17-3b0a-4001-8819-521e25469b5b" testId="f57e65be-94e7-0b53-634c-d6035e3fc71c" testName="Prueba_EsTriangulo15" computerName="clL04A-9" duration="00:00:00.0011085" startTime="2013-12-04T11:36:40.3593750+01:00" endTime="2013-12-04T11:36:40.3750000+01:00" testType="13cdc9d9-ddb5-4fa4-a97d-d965ccfc6d4b" outcome="Failed" testListId="8c84fa94-04c1-424b-9868-57a2d4851a1d" relativeResultsDirectory="f1074d17-3b0a-4001-8819-521e25469b5b">
      <Output>
        <ErrorInfo>
          <Message>El método de prueba ProyectoDePrueba.Prueba_TriangleDetector.Prueba_EsTriangulo15 inició la excepción System.Exception, pero se esperaba la excepción System.ArgumentException. Mensaje de la excepción: System.Exception: No es triangulo</Message>
          <StackTrace>    en TriangleDetector.TriangleValidator.EsTriangulo(Int32 lado1, Int32 lado2, Int32 lado3)
   en ProyectoDePrueba.Prueba_TriangleDetector.Prueba_EsTriangulo15() en E:\Master\PCC - Puebas de control y desarrollo\VS2010 - MSTest\ProyectoDePruebaDeCajaNegra\ProyectoDePrueba\Prueba_TriangleDetector.cs:línea 259
</StackTrace>
        </ErrorInfo>
      </Output>
    </UnitTestResult>
  </Results>
</TestRun>