<?xml version="1.0" encoding="UTF-8"?>
<TestRun id="c32b3588-16bd-474c-8715-ab80816e8225" name="Juan Pedro@JUANPEDRO-PC 2013-12-03 21:18:24" runUser="JuanPedro-PC\Juan Pedro" xmlns="http://microsoft.com/schemas/VisualStudio/TeamTest/2010">
  <TestSettings name="Local" id="21b3f13a-1a3c-444b-811b-e3a6a1dbe648">
    <Description>Esta es la configuración de pruebas predeterminada para una ejecución de pruebas local.</Description>
    <Deployment enabled="false" runDeploymentRoot="Juan Pedro_JUANPEDRO-PC 2013-12-03 21_18_24">
      <DeploymentItem filename="G:\Master\PCC - Puebas de control y desarrollo\VS2010 - MSTest\ProyectoDePruebaDeCajaNegra\ProyectoDePrueba\TriangleDetector.dll" />
    </Deployment>
    <Execution>
      <TestTypeSpecific />
      <AgentRule name="Execution Agents">
      </AgentRule>
    </Execution>
  </TestSettings>
  <Times creation="2013-12-03T21:18:24.9369459+01:00" queuing="2013-12-03T21:18:26.3200250+01:00" start="2013-12-03T21:18:26.3520268+01:00" finish="2013-12-03T21:18:26.7900519+01:00" />
  <ResultSummary outcome="Failed">
    <Counters total="10" executed="10" passed="3" error="0" failed="7" timeout="0" aborted="0" inconclusive="0" passedButRunAborted="0" notRunnable="0" notExecuted="0" disconnected="0" warning="0" completed="0" inProgress="0" pending="0" />
  </ResultSummary>
  <TestDefinitions>
    <UnitTest name="Prueba_EsTriangulo2" storage="g:\master\pcc - puebas de control y desarrollo\vs2010 - mstest\proyectodepruebadecajanegra\proyectodeprueba\bin\debug\proyectodeprueba.dll" id="34972ed4-99e4-a8d0-f13e-5cae23953a2e">
      <Execution id="e2a61fe1-e0d9-4239-8546-5acdcd8b887f" />
      <TestMethod codeBase="G:/Master/PCC - Puebas de control y desarrollo/VS2010 - MSTest/ProyectoDePruebaDeCajaNegra/ProyectoDePrueba/bin/Debug/ProyectoDePrueba.DLL" adapterTypeName="Microsoft.VisualStudio.TestTools.TestTypes.Unit.UnitTestAdapter, Microsoft.VisualStudio.QualityTools.Tips.UnitTest.Adapter, Version=10.0.0.0, Culture=neutral, PublicKeyToken=b03f5f7f11d50a3a" className="ProyectoDePrueba.Prueba_TriangleDetector, ProyectoDePrueba, Version=1.0.0.0, Culture=neutral, PublicKeyToken=null" name="Prueba_EsTriangulo2" />
    </UnitTest>
    <UnitTest name="Prueba_EsTriangulo1" storage="g:\master\pcc - puebas de control y desarrollo\vs2010 - mstest\proyectodepruebadecajanegra\proyectodeprueba\bin\debug\proyectodeprueba.dll" id="e33cb571-710e-a9a4-e08d-609aa7048877">
      <Execution id="f28e5f84-850d-416a-8829-ded02b5faecf" />
      <TestMethod codeBase="G:/Master/PCC - Puebas de control y desarrollo/VS2010 - MSTest/ProyectoDePruebaDeCajaNegra/ProyectoDePrueba/bin/Debug/ProyectoDePrueba.DLL" adapterTypeName="Microsoft.VisualStudio.TestTools.TestTypes.Unit.UnitTestAdapter, Microsoft.VisualStudio.QualityTools.Tips.UnitTest.Adapter, Version=10.0.0.0, Culture=neutral, PublicKeyToken=b03f5f7f11d50a3a" className="ProyectoDePrueba.Prueba_TriangleDetector, ProyectoDePrueba, Version=1.0.0.0, Culture=neutral, PublicKeyToken=null" name="Prueba_EsTriangulo1" />
    </UnitTest>
    <UnitTest name="Prueba_EsTriangulo5" storage="g:\master\pcc - puebas de control y desarrollo\vs2010 - mstest\proyectodepruebadecajanegra\proyectodeprueba\bin\debug\proyectodeprueba.dll" id="1857a141-fc60-2354-3193-9e8d48781fa3">
      <Execution id="b0dfb8a6-c1bd-47ca-9081-78ea2cebba11" />
      <TestMethod codeBase="G:/Master/PCC - Puebas de control y desarrollo/VS2010 - MSTest/ProyectoDePruebaDeCajaNegra/ProyectoDePrueba/bin/Debug/ProyectoDePrueba.DLL" adapterTypeName="Microsoft.VisualStudio.TestTools.TestTypes.Unit.UnitTestAdapter, Microsoft.VisualStudio.QualityTools.Tips.UnitTest.Adapter, Version=10.0.0.0, Culture=neutral, PublicKeyToken=b03f5f7f11d50a3a" className="ProyectoDePrueba.Prueba_TriangleDetector, ProyectoDePrueba, Version=1.0.0.0, Culture=neutral, PublicKeyToken=null" name="Prueba_EsTriangulo5" />
    </UnitTest>
    <UnitTest name="Prueba_EsTriangulo8" storage="g:\master\pcc - puebas de control y desarrollo\vs2010 - mstest\proyectodepruebadecajanegra\proyectodeprueba\bin\debug\proyectodeprueba.dll" id="3d32e5c4-d528-5687-dd54-7a0baa27db3c">
      <Execution id="79cb3701-2b6a-475e-8ee4-625e31151636" />
      <TestMethod codeBase="G:/Master/PCC - Puebas de control y desarrollo/VS2010 - MSTest/ProyectoDePruebaDeCajaNegra/ProyectoDePrueba/bin/Debug/ProyectoDePrueba.DLL" adapterTypeName="Microsoft.VisualStudio.TestTools.TestTypes.Unit.UnitTestAdapter, Microsoft.VisualStudio.QualityTools.Tips.UnitTest.Adapter, Version=10.0.0.0, Culture=neutral, PublicKeyToken=b03f5f7f11d50a3a" className="ProyectoDePrueba.Prueba_TriangleDetector, ProyectoDePrueba, Version=1.0.0.0, Culture=neutral, PublicKeyToken=null" name="Prueba_EsTriangulo8" />
    </UnitTest>
    <UnitTest name="Prueba_EsTriangulo3" storage="g:\master\pcc - puebas de control y desarrollo\vs2010 - mstest\proyectodepruebadecajanegra\proyectodeprueba\bin\debug\proyectodeprueba.dll" id="3836f357-7d08-b934-e50d-16e5bc3dc884">
      <Execution id="66d7a472-6f72-403e-855a-5670e1060947" />
      <TestMethod codeBase="G:/Master/PCC - Puebas de control y desarrollo/VS2010 - MSTest/ProyectoDePruebaDeCajaNegra/ProyectoDePrueba/bin/Debug/ProyectoDePrueba.DLL" adapterTypeName="Microsoft.VisualStudio.TestTools.TestTypes.Unit.UnitTestAdapter, Microsoft.VisualStudio.QualityTools.Tips.UnitTest.Adapter, Version=10.0.0.0, Culture=neutral, PublicKeyToken=b03f5f7f11d50a3a" className="ProyectoDePrueba.Prueba_TriangleDetector, ProyectoDePrueba, Version=1.0.0.0, Culture=neutral, PublicKeyToken=null" name="Prueba_EsTriangulo3" />
    </UnitTest>
    <UnitTest name="Prueba_EsTriangulo7" storage="g:\master\pcc - puebas de control y desarrollo\vs2010 - mstest\proyectodepruebadecajanegra\proyectodeprueba\bin\debug\proyectodeprueba.dll" id="ec6c3088-5cb3-a09e-5734-84e2dbf76e39">
      <Execution id="8b4b243b-ea38-46bc-8143-7f87d01553ec" />
      <TestMethod codeBase="G:/Master/PCC - Puebas de control y desarrollo/VS2010 - MSTest/ProyectoDePruebaDeCajaNegra/ProyectoDePrueba/bin/Debug/ProyectoDePrueba.DLL" adapterTypeName="Microsoft.VisualStudio.TestTools.TestTypes.Unit.UnitTestAdapter, Microsoft.VisualStudio.QualityTools.Tips.UnitTest.Adapter, Version=10.0.0.0, Culture=neutral, PublicKeyToken=b03f5f7f11d50a3a" className="ProyectoDePrueba.Prueba_TriangleDetector, ProyectoDePrueba, Version=1.0.0.0, Culture=neutral, PublicKeyToken=null" name="Prueba_EsTriangulo7" />
    </UnitTest>
    <UnitTest name="Prueba_EsTriangulo4" storage="g:\master\pcc - puebas de control y desarrollo\vs2010 - mstest\proyectodepruebadecajanegra\proyectodeprueba\bin\debug\proyectodeprueba.dll" id="cf23e9dd-309e-92fe-c3c9-c080354d22b2">
      <Execution id="354f976b-b233-42a1-a9e5-3f87499d8e63" />
      <TestMethod codeBase="G:/Master/PCC - Puebas de control y desarrollo/VS2010 - MSTest/ProyectoDePruebaDeCajaNegra/ProyectoDePrueba/bin/Debug/ProyectoDePrueba.DLL" adapterTypeName="Microsoft.VisualStudio.TestTools.TestTypes.Unit.UnitTestAdapter, Microsoft.VisualStudio.QualityTools.Tips.UnitTest.Adapter, Version=10.0.0.0, Culture=neutral, PublicKeyToken=b03f5f7f11d50a3a" className="ProyectoDePrueba.Prueba_TriangleDetector, ProyectoDePrueba, Version=1.0.0.0, Culture=neutral, PublicKeyToken=null" name="Prueba_EsTriangulo4" />
    </UnitTest>
    <UnitTest name="Prueba_EsTriangulo10" storage="g:\master\pcc - puebas de control y desarrollo\vs2010 - mstest\proyectodepruebadecajanegra\proyectodeprueba\bin\debug\proyectodeprueba.dll" id="7b43bc24-c25d-a421-9bda-93ea43cd1afd">
      <Execution id="c576d67f-4269-4cf4-92ab-e340a24c42a3" />
      <TestMethod codeBase="G:/Master/PCC - Puebas de control y desarrollo/VS2010 - MSTest/ProyectoDePruebaDeCajaNegra/ProyectoDePrueba/bin/Debug/ProyectoDePrueba.DLL" adapterTypeName="Microsoft.VisualStudio.TestTools.TestTypes.Unit.UnitTestAdapter, Microsoft.VisualStudio.QualityTools.Tips.UnitTest.Adapter, Version=10.0.0.0, Culture=neutral, PublicKeyToken=b03f5f7f11d50a3a" className="ProyectoDePrueba.Prueba_TriangleDetector, ProyectoDePrueba, Version=1.0.0.0, Culture=neutral, PublicKeyToken=null" name="Prueba_EsTriangulo10" />
    </UnitTest>
    <UnitTest name="Prueba_EsTriangulo9" storage="g:\master\pcc - puebas de control y desarrollo\vs2010 - mstest\proyectodepruebadecajanegra\proyectodeprueba\bin\debug\proyectodeprueba.dll" id="00d60cb3-a64c-e946-fe5a-47a170a64d4c">
      <Execution id="13aaf5e2-fcba-404b-8e27-74f75f73ec31" />
      <TestMethod codeBase="G:/Master/PCC - Puebas de control y desarrollo/VS2010 - MSTest/ProyectoDePruebaDeCajaNegra/ProyectoDePrueba/bin/Debug/ProyectoDePrueba.DLL" adapterTypeName="Microsoft.VisualStudio.TestTools.TestTypes.Unit.UnitTestAdapter, Microsoft.VisualStudio.QualityTools.Tips.UnitTest.Adapter, Version=10.0.0.0, Culture=neutral, PublicKeyToken=b03f5f7f11d50a3a" className="ProyectoDePrueba.Prueba_TriangleDetector, ProyectoDePrueba, Version=1.0.0.0, Culture=neutral, PublicKeyToken=null" name="Prueba_EsTriangulo9" />
    </UnitTest>
    <UnitTest name="Prueba_EsTriangulo6" storage="g:\master\pcc - puebas de control y desarrollo\vs2010 - mstest\proyectodepruebadecajanegra\proyectodeprueba\bin\debug\proyectodeprueba.dll" id="0b92605c-28a2-2e0e-f941-64236c63aa4a">
      <Execution id="f1776d7e-6099-45f1-b846-eadcdb1680ed" />
      <TestMethod codeBase="G:/Master/PCC - Puebas de control y desarrollo/VS2010 - MSTest/ProyectoDePruebaDeCajaNegra/ProyectoDePrueba/bin/Debug/ProyectoDePrueba.DLL" adapterTypeName="Microsoft.VisualStudio.TestTools.TestTypes.Unit.UnitTestAdapter, Microsoft.VisualStudio.QualityTools.Tips.UnitTest.Adapter, Version=10.0.0.0, Culture=neutral, PublicKeyToken=b03f5f7f11d50a3a" className="ProyectoDePrueba.Prueba_TriangleDetector, ProyectoDePrueba, Version=1.0.0.0, Culture=neutral, PublicKeyToken=null" name="Prueba_EsTriangulo6" />
    </UnitTest>
  </TestDefinitions>
  <TestLists>
    <TestList name="Resultados que no están en la lista" id="8c84fa94-04c1-424b-9868-57a2d4851a1d" />
    <TestList name="Todos los resultados cargados" id="19431567-8539-422a-85d7-44ee4e166bda" />
  </TestLists>
  <TestEntries>
    <TestEntry testId="00d60cb3-a64c-e946-fe5a-47a170a64d4c" executionId="13aaf5e2-fcba-404b-8e27-74f75f73ec31" testListId="8c84fa94-04c1-424b-9868-57a2d4851a1d" />
    <TestEntry testId="0b92605c-28a2-2e0e-f941-64236c63aa4a" executionId="f1776d7e-6099-45f1-b846-eadcdb1680ed" testListId="8c84fa94-04c1-424b-9868-57a2d4851a1d" />
    <TestEntry testId="1857a141-fc60-2354-3193-9e8d48781fa3" executionId="b0dfb8a6-c1bd-47ca-9081-78ea2cebba11" testListId="8c84fa94-04c1-424b-9868-57a2d4851a1d" />
    <TestEntry testId="34972ed4-99e4-a8d0-f13e-5cae23953a2e" executionId="e2a61fe1-e0d9-4239-8546-5acdcd8b887f" testListId="8c84fa94-04c1-424b-9868-57a2d4851a1d" />
    <TestEntry testId="3836f357-7d08-b934-e50d-16e5bc3dc884" executionId="66d7a472-6f72-403e-855a-5670e1060947" testListId="8c84fa94-04c1-424b-9868-57a2d4851a1d" />
    <TestEntry testId="3d32e5c4-d528-5687-dd54-7a0baa27db3c" executionId="79cb3701-2b6a-475e-8ee4-625e31151636" testListId="8c84fa94-04c1-424b-9868-57a2d4851a1d" />
    <TestEntry testId="7b43bc24-c25d-a421-9bda-93ea43cd1afd" executionId="c576d67f-4269-4cf4-92ab-e340a24c42a3" testListId="8c84fa94-04c1-424b-9868-57a2d4851a1d" />
    <TestEntry testId="cf23e9dd-309e-92fe-c3c9-c080354d22b2" executionId="354f976b-b233-42a1-a9e5-3f87499d8e63" testListId="8c84fa94-04c1-424b-9868-57a2d4851a1d" />
    <TestEntry testId="e33cb571-710e-a9a4-e08d-609aa7048877" executionId="f28e5f84-850d-416a-8829-ded02b5faecf" testListId="8c84fa94-04c1-424b-9868-57a2d4851a1d" />
    <TestEntry testId="ec6c3088-5cb3-a09e-5734-84e2dbf76e39" executionId="8b4b243b-ea38-46bc-8143-7f87d01553ec" testListId="8c84fa94-04c1-424b-9868-57a2d4851a1d" />
  </TestEntries>
  <Results>
    <UnitTestResult executionId="13aaf5e2-fcba-404b-8e27-74f75f73ec31" testId="00d60cb3-a64c-e946-fe5a-47a170a64d4c" testName="Prueba_EsTriangulo9" computerName="JUANPEDRO-PC" duration="00:00:00.0398654" startTime="2013-12-03T21:18:26.3740281+01:00" endTime="2013-12-03T21:18:26.6010410+01:00" testType="13cdc9d9-ddb5-4fa4-a97d-d965ccfc6d4b" outcome="Failed" testListId="8c84fa94-04c1-424b-9868-57a2d4851a1d" relativeResultsDirectory="13aaf5e2-fcba-404b-8e27-74f75f73ec31">
      <Output>
        <ErrorInfo>
          <Message>Error de Assert.AreEqual. Se esperaba &lt;escaleno&gt;, pero es &lt;isosceles&gt;. </Message>
          <StackTrace>   en ProyectoDePrueba.Prueba_TriangleDetector.Prueba_EsTriangulo9() en c:\documents and settings\eps\mis documentos\visual studio 2010\Projects\ProyectoDePrueba\ProyectoDePrueba\Prueba_TriangleDetector.cs:línea 271
</StackTrace>
        </ErrorInfo>
      </Output>
    </UnitTestResult>
    <UnitTestResult executionId="f1776d7e-6099-45f1-b846-eadcdb1680ed" testId="0b92605c-28a2-2e0e-f941-64236c63aa4a" testName="Prueba_EsTriangulo6" computerName="JUANPEDRO-PC" duration="00:00:00.0001873" startTime="2013-12-03T21:18:26.6170420+01:00" endTime="2013-12-03T21:18:26.6200421+01:00" testType="13cdc9d9-ddb5-4fa4-a97d-d965ccfc6d4b" outcome="Passed" testListId="8c84fa94-04c1-424b-9868-57a2d4851a1d" relativeResultsDirectory="f1776d7e-6099-45f1-b846-eadcdb1680ed">
    </UnitTestResult>
    <UnitTestResult executionId="b0dfb8a6-c1bd-47ca-9081-78ea2cebba11" testId="1857a141-fc60-2354-3193-9e8d48781fa3" testName="Prueba_EsTriangulo5" computerName="JUANPEDRO-PC" duration="00:00:00.0011987" startTime="2013-12-03T21:18:26.6450436+01:00" endTime="2013-12-03T21:18:26.6490438+01:00" testType="13cdc9d9-ddb5-4fa4-a97d-d965ccfc6d4b" outcome="Failed" testListId="8c84fa94-04c1-424b-9868-57a2d4851a1d" relativeResultsDirectory="b0dfb8a6-c1bd-47ca-9081-78ea2cebba11">
      <Output>
        <ErrorInfo>
          <Message>Error de Assert.AreEqual. Se esperaba &lt;isosceles&gt;, pero es &lt;escaleno&gt;. </Message>
          <StackTrace>   en ProyectoDePrueba.Prueba_TriangleDetector.Prueba_EsTriangulo5() en c:\documents and settings\eps\mis documentos\visual studio 2010\Projects\ProyectoDePrueba\ProyectoDePrueba\Prueba_TriangleDetector.cs:línea 163
</StackTrace>
        </ErrorInfo>
      </Output>
    </UnitTestResult>
    <UnitTestResult executionId="e2a61fe1-e0d9-4239-8546-5acdcd8b887f" testId="34972ed4-99e4-a8d0-f13e-5cae23953a2e" testName="Prueba_EsTriangulo2" computerName="JUANPEDRO-PC" duration="00:00:00.0012054" startTime="2013-12-03T21:18:26.6600444+01:00" endTime="2013-12-03T21:18:26.6640447+01:00" testType="13cdc9d9-ddb5-4fa4-a97d-d965ccfc6d4b" outcome="Failed" testListId="8c84fa94-04c1-424b-9868-57a2d4851a1d" relativeResultsDirectory="e2a61fe1-e0d9-4239-8546-5acdcd8b887f">
      <Output>
        <ErrorInfo>
          <Message>Error de Assert.AreEqual. Se esperaba &lt;equilatero&gt;, pero es &lt;escaleno&gt;. </Message>
          <StackTrace>   en ProyectoDePrueba.Prueba_TriangleDetector.Prueba_EsTriangulo2() en c:\documents and settings\eps\mis documentos\visual studio 2010\Projects\ProyectoDePrueba\ProyectoDePrueba\Prueba_TriangleDetector.cs:línea 81
</StackTrace>
        </ErrorInfo>
      </Output>
    </UnitTestResult>
    <UnitTestResult executionId="66d7a472-6f72-403e-855a-5670e1060947" testId="3836f357-7d08-b934-e50d-16e5bc3dc884" testName="Prueba_EsTriangulo3" computerName="JUANPEDRO-PC" duration="00:00:00.0011635" startTime="2013-12-03T21:18:26.6730452+01:00" endTime="2013-12-03T21:18:26.6770454+01:00" testType="13cdc9d9-ddb5-4fa4-a97d-d965ccfc6d4b" outcome="Failed" testListId="8c84fa94-04c1-424b-9868-57a2d4851a1d" relativeResultsDirectory="66d7a472-6f72-403e-855a-5670e1060947">
      <Output>
        <ErrorInfo>
          <Message>Error de Assert.AreEqual. Se esperaba &lt;equilatero&gt;, pero es &lt;isosceles&gt;. </Message>
          <StackTrace>   en ProyectoDePrueba.Prueba_TriangleDetector.Prueba_EsTriangulo3() en c:\documents and settings\eps\mis documentos\visual studio 2010\Projects\ProyectoDePrueba\ProyectoDePrueba\Prueba_TriangleDetector.cs:línea 107
</StackTrace>
        </ErrorInfo>
      </Output>
    </UnitTestResult>
    <UnitTestResult executionId="79cb3701-2b6a-475e-8ee4-625e31151636" testId="3d32e5c4-d528-5687-dd54-7a0baa27db3c" testName="Prueba_EsTriangulo8" computerName="JUANPEDRO-PC" duration="00:00:00.0001425" startTime="2013-12-03T21:18:26.6860459+01:00" endTime="2013-12-03T21:18:26.6890461+01:00" testType="13cdc9d9-ddb5-4fa4-a97d-d965ccfc6d4b" outcome="Passed" testListId="8c84fa94-04c1-424b-9868-57a2d4851a1d" relativeResultsDirectory="79cb3701-2b6a-475e-8ee4-625e31151636">
    </UnitTestResult>
    <UnitTestResult executionId="c576d67f-4269-4cf4-92ab-e340a24c42a3" testId="7b43bc24-c25d-a421-9bda-93ea43cd1afd" testName="Prueba_EsTriangulo10" computerName="JUANPEDRO-PC" duration="00:00:00.0052189" startTime="2013-12-03T21:18:26.6970465+01:00" endTime="2013-12-03T21:18:26.7050470+01:00" testType="13cdc9d9-ddb5-4fa4-a97d-d965ccfc6d4b" outcome="Failed" testListId="8c84fa94-04c1-424b-9868-57a2d4851a1d" relativeResultsDirectory="c576d67f-4269-4cf4-92ab-e340a24c42a3">
      <Output>
        <ErrorInfo>
          <Message>El método de prueba ProyectoDePrueba.Prueba_TriangleDetector.Prueba_EsTriangulo10 inició la excepción System.Exception, pero se esperaba la excepción System.ArgumentException. Mensaje de la excepción: System.Exception: No es triangulo</Message>
          <StackTrace>    en TriangleDetector.TriangleValidator.EsTriangulo(Int32 lado1, Int32 lado2, Int32 lado3)
   en ProyectoDePrueba.Prueba_TriangleDetector.Prueba_EsTriangulo10() en c:\documents and settings\eps\mis documentos\visual studio 2010\Projects\ProyectoDePrueba\ProyectoDePrueba\Prueba_TriangleDetector.cs:línea 292
</StackTrace>
        </ErrorInfo>
      </Output>
    </UnitTestResult>
    <UnitTestResult executionId="354f976b-b233-42a1-a9e5-3f87499d8e63" testId="cf23e9dd-309e-92fe-c3c9-c080354d22b2" testName="Prueba_EsTriangulo4" computerName="JUANPEDRO-PC" duration="00:00:00.0012394" startTime="2013-12-03T21:18:26.7140475+01:00" endTime="2013-12-03T21:18:26.7180477+01:00" testType="13cdc9d9-ddb5-4fa4-a97d-d965ccfc6d4b" outcome="Failed" testListId="8c84fa94-04c1-424b-9868-57a2d4851a1d" relativeResultsDirectory="354f976b-b233-42a1-a9e5-3f87499d8e63">
      <Output>
        <ErrorInfo>
          <Message>Error de Assert.AreEqual. Se esperaba &lt;isosceles&gt;, pero es &lt;equilatero&gt;. </Message>
          <StackTrace>   en ProyectoDePrueba.Prueba_TriangleDetector.Prueba_EsTriangulo4() en c:\documents and settings\eps\mis documentos\visual studio 2010\Projects\ProyectoDePrueba\ProyectoDePrueba\Prueba_TriangleDetector.cs:línea 135
</StackTrace>
        </ErrorInfo>
      </Output>
    </UnitTestResult>
    <UnitTestResult executionId="f28e5f84-850d-416a-8829-ded02b5faecf" testId="e33cb571-710e-a9a4-e08d-609aa7048877" testName="Prueba_EsTriangulo1" computerName="JUANPEDRO-PC" duration="00:00:00.0001536" startTime="2013-12-03T21:18:26.7270483+01:00" endTime="2013-12-03T21:18:26.7290484+01:00" testType="13cdc9d9-ddb5-4fa4-a97d-d965ccfc6d4b" outcome="Passed" testListId="8c84fa94-04c1-424b-9868-57a2d4851a1d" relativeResultsDirectory="f28e5f84-850d-416a-8829-ded02b5faecf">
    </UnitTestResult>
    <UnitTestResult executionId="8b4b243b-ea38-46bc-8143-7f87d01553ec" testId="ec6c3088-5cb3-a09e-5734-84e2dbf76e39" testName="Prueba_EsTriangulo7" computerName="JUANPEDRO-PC" duration="00:00:00.0011875" startTime="2013-12-03T21:18:26.7380489+01:00" endTime="2013-12-03T21:18:26.7420491+01:00" testType="13cdc9d9-ddb5-4fa4-a97d-d965ccfc6d4b" outcome="Failed" testListId="8c84fa94-04c1-424b-9868-57a2d4851a1d" relativeResultsDirectory="8b4b243b-ea38-46bc-8143-7f87d01553ec">
      <Output>
        <ErrorInfo>
          <Message>Error de Assert.AreEqual. Se esperaba &lt;escaleno&gt;, pero es &lt;equilatero&gt;. </Message>
          <StackTrace>   en ProyectoDePrueba.Prueba_TriangleDetector.Prueba_EsTriangulo7() en c:\documents and settings\eps\mis documentos\visual studio 2010\Projects\ProyectoDePrueba\ProyectoDePrueba\Prueba_TriangleDetector.cs:línea 217
</StackTrace>
        </ErrorInfo>
      </Output>
    </UnitTestResult>
  </Results>
</TestRun>